2021-03-16 11:41:23 DEBUG request log not activated
2021-03-16 11:41:23 DEBUG response log not activated
2021-03-16 11:41:23 INFO  Dynatrace Monitoring as Code v1.5.0
2021-03-16 11:41:23 DEBUG Reading projects...
2021-03-16 11:41:23 DEBUG   project - nonprod-project
2021-03-16 11:41:23 DEBUG Processing file: nonprod-project/management-zone/management-zone.yaml
2021-03-16 11:41:23 DEBUG 		nonprod-project/management-zone/CFT-IDAM-Perf
2021-03-16 11:41:23 DEBUG 		nonprod-project/management-zone/DTS-HMI-Dev
2021-03-16 11:41:23 DEBUG 		nonprod-project/management-zone/CFT-PCQ-Perf
2021-03-16 11:41:23 DEBUG 		nonprod-project/management-zone/CFT-IDAM-Sandbox
2021-03-16 11:41:23 DEBUG 		nonprod-project/management-zone/CrimeCPMDV
2021-03-16 11:41:23 DEBUG 		nonprod-project/management-zone/CFT-ECM-Staging
2021-03-16 11:41:23 DEBUG 		nonprod-project/management-zone/CFT-PaloNon-ProdPerfLDATA
2021-03-16 11:41:23 DEBUG 		nonprod-project/management-zone/CFT-SSCS-Perf
2021-03-16 11:41:23 DEBUG 		nonprod-project/management-zone/Crime
2021-03-16 11:41:23 DEBUG 		nonprod-project/management-zone/CFT-FamilyPublicLaw-Staging
2021-03-16 11:41:23 DEBUG 		nonprod-project/management-zone/CFT-AccessManagement-Perf
2021-03-16 11:41:23 DEBUG 		nonprod-project/management-zone/CFT-Divorce-Perf
2021-03-16 11:41:23 DEBUG 		nonprod-project/management-zone/CFT-Bulkprint-Perf
2021-03-16 11:41:23 DEBUG 		nonprod-project/management-zone/CFT-ECM-LDATA
2021-03-16 11:41:23 DEBUG 		nonprod-project/management-zone/CFT-CivilMoneyClaims-Staging
2021-03-16 11:41:23 DEBUG 		nonprod-project/management-zone/CFT-LDATA
2021-03-16 11:41:23 DEBUG 		nonprod-project/management-zone/CFT-XUI-Perf
2021-03-16 11:41:23 DEBUG 		nonprod-project/management-zone/CFT-ProfessionalReferenceData-Perf
2021-03-16 11:41:23 DEBUG 		nonprod-project/management-zone/CFT-XUI-Staging
2021-03-16 11:41:23 DEBUG 		nonprod-project/management-zone/CFT-BulkScan-Perf
2021-03-16 11:41:23 DEBUG 		nonprod-project/management-zone/CFT-CCD-Perf
2021-03-16 11:41:23 DEBUG 		nonprod-project/management-zone/CFT-EvidenceManagement-Perf
2021-03-16 11:41:23 DEBUG 		nonprod-project/management-zone/CFT-CCD-Staging
2021-03-16 11:41:23 DEBUG 		nonprod-project/management-zone/CFT-ImmigrationandAsylum-Staging
2021-03-16 11:41:23 DEBUG 		nonprod-project/management-zone/CFT-FinancialRemedy-Staging
2021-03-16 11:41:23 DEBUG 		nonprod-project/management-zone/CFT-FeesPayments-Perf
2021-03-16 11:41:23 DEBUG 		nonprod-project/management-zone/CFT-Elasticsearch-Staging
2021-03-16 11:41:23 DEBUG 		nonprod-project/management-zone/CFT-Probate-Staging
2021-03-16 11:41:23 DEBUG 		nonprod-project/management-zone/CFT-Bulkprint-Staging
2021-03-16 11:41:23 DEBUG 		nonprod-project/management-zone/Crime-ROTANFT
2021-03-16 11:41:23 DEBUG 		nonprod-project/management-zone/CFT-LegalRepCMCUnspec
2021-03-16 11:41:23 DEBUG 		nonprod-project/management-zone/CFT-Forgerock-Staging
2021-03-16 11:41:23 DEBUG 		nonprod-project/management-zone/CFT-IDAM-Staging
2021-03-16 11:41:23 DEBUG 		nonprod-project/management-zone/CFT
2021-03-16 11:41:23 DEBUG 		nonprod-project/management-zone/CFT-Divorce-Staging
2021-03-16 11:41:23 DEBUG 		nonprod-project/management-zone/Crime-CPNFT
2021-03-16 11:41:23 DEBUG 		nonprod-project/management-zone/CFT-BulkScan-Staging
2021-03-16 11:41:23 DEBUG 		nonprod-project/management-zone/CFT-ImmigrationandAsylum-Perf
2021-03-16 11:41:23 DEBUG 		nonprod-project/management-zone/CFT-ECM-Perf
2021-03-16 11:41:23 DEBUG 		nonprod-project/management-zone/CFT-EvidenceManagement-Staging
2021-03-16 11:41:23 DEBUG 		nonprod-project/management-zone/CFT-FeesPayments-Staging
2021-03-16 11:41:23 DEBUG 		nonprod-project/management-zone/CFT-CivilUnspec-Staging
2021-03-16 11:41:23 DEBUG 		nonprod-project/management-zone/DTS-CVP-Staging
2021-03-16 11:41:23 DEBUG 		nonprod-project/management-zone/CFT-ProfessionalReferenceData-Staging
2021-03-16 11:41:23 DEBUG 		nonprod-project/management-zone/CFT-FamilyPublicLaw-Perf
2021-03-16 11:41:23 DEBUG 		nonprod-project/management-zone/CFT-AccessManagement-Staging
2021-03-16 11:41:23 DEBUG 		nonprod-project/management-zone/Crime-IdAM-NFT
2021-03-16 11:41:23 DEBUG 		nonprod-project/management-zone/CFT-FinancialRemedy-Perf
2021-03-16 11:41:23 DEBUG 		nonprod-project/management-zone/SVCOFF
2021-03-16 11:41:23 DEBUG 		nonprod-project/management-zone/CFT-SSCS-Staging
2021-03-16 11:41:23 DEBUG 		nonprod-project/management-zone/CFT-Staging
2021-03-16 11:41:23 DEBUG 		nonprod-project/management-zone/CFT-PCQ-Staging
2021-03-16 11:41:23 DEBUG 		nonprod-project/management-zone/CFT-Probate-Perf
2021-03-16 11:41:23 DEBUG 		nonprod-project/management-zone/CFT-Elasticsearch-Perf
2021-03-16 11:41:23 DEBUG 		nonprod-project/management-zone/DTS-CVP-Perf
2021-03-16 11:41:23 DEBUG 		nonprod-project/management-zone/CFT-Perf
2021-03-16 11:41:23 DEBUG Processing file: nonprod-project/management-zone/management-zone.yaml
2021-03-16 11:41:23 DEBUG 		nonprod-project/management-zone/CFT
2021-03-16 11:41:23 DEBUG 		nonprod-project/management-zone/CFT-Elasticsearch-Staging
2021-03-16 11:41:23 DEBUG 		nonprod-project/management-zone/Crime
2021-03-16 11:41:23 DEBUG 		nonprod-project/management-zone/CFT-Staging
2021-03-16 11:41:23 DEBUG 		nonprod-project/management-zone/CFT-FinancialRemedy-Perf
2021-03-16 11:41:23 DEBUG 		nonprod-project/management-zone/CFT-ImmigrationandAsylum-Perf
2021-03-16 11:41:23 DEBUG 		nonprod-project/management-zone/CFT-ImmigrationandAsylum-Staging
2021-03-16 11:41:23 DEBUG 		nonprod-project/management-zone/CFT-FinancialRemedy-Staging
2021-03-16 11:41:23 DEBUG 		nonprod-project/management-zone/CFT-CCD-Perf
2021-03-16 11:41:23 DEBUG 		nonprod-project/management-zone/Crime-IdAM-NFT
2021-03-16 11:41:23 DEBUG 		nonprod-project/management-zone/CFT-IDAM-Sandbox
2021-03-16 11:41:23 DEBUG 		nonprod-project/management-zone/CFT-Bulkprint-Perf
2021-03-16 11:41:23 DEBUG 		nonprod-project/management-zone/CFT-ProfessionalReferenceData-Perf
2021-03-16 11:41:23 DEBUG 		nonprod-project/management-zone/CrimeCPMDV
2021-03-16 11:41:23 DEBUG 		nonprod-project/management-zone/CFT-ECM-Staging
2021-03-16 11:41:23 DEBUG 		nonprod-project/management-zone/CFT-IDAM-Perf
2021-03-16 11:41:23 DEBUG 		nonprod-project/management-zone/CFT-Elasticsearch-Perf
2021-03-16 11:41:23 DEBUG 		nonprod-project/management-zone/CFT-PCQ-Staging
2021-03-16 11:41:23 DEBUG 		nonprod-project/management-zone/CFT-FamilyPublicLaw-Perf
2021-03-16 11:41:23 DEBUG 		nonprod-project/management-zone/CFT-ECM-LDATA
2021-03-16 11:41:23 DEBUG 		nonprod-project/management-zone/CFT-Probate-Staging
2021-03-16 11:41:23 DEBUG 		nonprod-project/management-zone/CFT-BulkScan-Perf
2021-03-16 11:41:23 DEBUG 		nonprod-project/management-zone/CFT-PaloNon-ProdPerfLDATA
2021-03-16 11:41:23 DEBUG 		nonprod-project/management-zone/CFT-Forgerock-Staging
2021-03-16 11:41:23 DEBUG 		nonprod-project/management-zone/CFT-LDATA
2021-03-16 11:41:23 DEBUG 		nonprod-project/management-zone/CFT-AccessManagement-Perf
2021-03-16 11:41:23 DEBUG 		nonprod-project/management-zone/CFT-XUI-Staging
2021-03-16 11:41:23 DEBUG 		nonprod-project/management-zone/CFT-SSCS-Perf
2021-03-16 11:41:23 DEBUG 		nonprod-project/management-zone/CFT-BulkScan-Staging
2021-03-16 11:41:23 DEBUG 		nonprod-project/management-zone/CFT-Divorce-Perf
2021-03-16 11:41:23 DEBUG 		nonprod-project/management-zone/CFT-AccessManagement-Staging
2021-03-16 11:41:23 DEBUG 		nonprod-project/management-zone/CFT-PCQ-Perf
2021-03-16 11:41:23 DEBUG 		nonprod-project/management-zone/Crime-ROTANFT
2021-03-16 11:41:23 DEBUG 		nonprod-project/management-zone/CFT-Divorce-Staging
2021-03-16 11:41:23 DEBUG 		nonprod-project/management-zone/CFT-CivilUnspec-Staging
2021-03-16 11:41:23 DEBUG 		nonprod-project/management-zone/CFT-EvidenceManagement-Perf
2021-03-16 11:41:23 DEBUG 		nonprod-project/management-zone/CFT-FeesPayments-Staging
2021-03-16 11:41:23 DEBUG 		nonprod-project/management-zone/CFT-Perf
2021-03-16 11:41:23 DEBUG 		nonprod-project/management-zone/CFT-ProfessionalReferenceData-Staging
2021-03-16 11:41:23 DEBUG 		nonprod-project/management-zone/CFT-Probate-Perf
2021-03-16 11:41:23 DEBUG 		nonprod-project/management-zone/CFT-IDAM-Staging
2021-03-16 11:41:23 DEBUG 		nonprod-project/management-zone/CFT-FeesPayments-Perf
2021-03-16 11:41:23 DEBUG 		nonprod-project/management-zone/CFT-EvidenceManagement-Staging
2021-03-16 11:41:23 DEBUG 		nonprod-project/management-zone/DTS-HMI-Dev
2021-03-16 11:41:23 DEBUG 		nonprod-project/management-zone/DTS-CVP-Perf
2021-03-16 11:41:23 DEBUG 		nonprod-project/management-zone/CFT-CivilMoneyClaims-Staging
2021-03-16 11:41:23 DEBUG 		nonprod-project/management-zone/CFT-CCD-Staging
2021-03-16 11:41:23 DEBUG 		nonprod-project/management-zone/SVCOFF
2021-03-16 11:41:23 DEBUG 		nonprod-project/management-zone/CFT-XUI-Perf
2021-03-16 11:41:23 DEBUG 		nonprod-project/management-zone/CFT-SSCS-Staging
2021-03-16 11:41:23 DEBUG 		nonprod-project/management-zone/CFT-Bulkprint-Staging
2021-03-16 11:41:23 DEBUG 		nonprod-project/management-zone/DTS-CVP-Staging
2021-03-16 11:41:23 DEBUG 		nonprod-project/management-zone/Crime-CPNFT
2021-03-16 11:41:23 DEBUG 		nonprod-project/management-zone/CFT-FamilyPublicLaw-Staging
2021-03-16 11:41:23 DEBUG 		nonprod-project/management-zone/CFT-ECM-Perf
2021-03-16 11:41:23 DEBUG 		nonprod-project/management-zone/CFT-LegalRepCMCUnspec
2021-03-16 11:41:23 DEBUG Sorting projects...
2021-03-16 11:41:23 INFO  Executing projects in this order: 
2021-03-16 11:41:23 INFO  	1: nonprod-project (56 configs)
2021-03-16 11:41:23 INFO  Processing environment test1...
2021-03-16 11:41:23 WARN  You used an old token format. Please consider switching to the new 1.205+ token format.
2021-03-16 11:41:23 WARN  More information: https://www.dynatrace.com/support/help/dynatrace-api/basics/dynatrace-api-authentication/#-dynatrace-version-1205--token-format
2021-03-16 11:41:23 INFO  	Processing project nonprod-project...
2021-03-16 11:41:23 DEBUG 		Deploying configs in this order: 
2021-03-16 11:41:23 DEBUG 			1: nonprod-project/management-zone/CFT.json
2021-03-16 11:41:23 DEBUG 			2: nonprod-project/management-zone/CFT-Elasticsearch-Staging.json
2021-03-16 11:41:23 DEBUG 			3: nonprod-project/management-zone/Crime.json
2021-03-16 11:41:23 DEBUG 			4: nonprod-project/management-zone/CFT-Staging.json
2021-03-16 11:41:23 DEBUG 			5: nonprod-project/management-zone/CFT-FinancialRemedy-Perf.json
2021-03-16 11:41:23 DEBUG 			6: nonprod-project/management-zone/CFT-ImmigrationandAsylum-Perf.json
2021-03-16 11:41:23 DEBUG 			7: nonprod-project/management-zone/CFT-ImmigrationandAsylum-Staging.json
2021-03-16 11:41:23 DEBUG 			8: nonprod-project/management-zone/CFT-FinancialRemedy-Staging.json
2021-03-16 11:41:23 DEBUG 			9: nonprod-project/management-zone/CFT-CCD-Perf.json
2021-03-16 11:41:23 DEBUG 			10: nonprod-project/management-zone/Crime-IdAM-NFT.json
2021-03-16 11:41:23 DEBUG 			11: nonprod-project/management-zone/CFT-IDAM-Sandbox.json
2021-03-16 11:41:23 DEBUG 			12: nonprod-project/management-zone/CFT-Bulkprint-Perf.json
2021-03-16 11:41:23 DEBUG 			13: nonprod-project/management-zone/CFT-ProfessionalReferenceData-Perf.json
2021-03-16 11:41:23 DEBUG 			14: nonprod-project/management-zone/CrimeCPMDV.json
2021-03-16 11:41:23 DEBUG 			15: nonprod-project/management-zone/CFT-ECM-Staging.json
2021-03-16 11:41:23 DEBUG 			16: nonprod-project/management-zone/CFT-IDAM-Perf.json
2021-03-16 11:41:23 DEBUG 			17: nonprod-project/management-zone/CFT-Elasticsearch-Perf.json
2021-03-16 11:41:23 DEBUG 			18: nonprod-project/management-zone/CFT-PCQ-Staging.json
2021-03-16 11:41:23 DEBUG 			19: nonprod-project/management-zone/CFT-FamilyPublicLaw-Perf.json
2021-03-16 11:41:23 DEBUG 			20: nonprod-project/management-zone/CFT-ECM-LDATA.json
2021-03-16 11:41:23 DEBUG 			21: nonprod-project/management-zone/CFT-Probate-Staging.json
2021-03-16 11:41:23 DEBUG 			22: nonprod-project/management-zone/CFT-BulkScan-Perf.json
2021-03-16 11:41:23 DEBUG 			23: nonprod-project/management-zone/CFT-PaloNon-ProdPerfLDATA.json
2021-03-16 11:41:23 DEBUG 			24: nonprod-project/management-zone/CFT-Forgerock-Staging.json
2021-03-16 11:41:23 DEBUG 			25: nonprod-project/management-zone/CFT-LDATA.json
2021-03-16 11:41:23 DEBUG 			26: nonprod-project/management-zone/CFT-AccessManagement-Perf.json
2021-03-16 11:41:23 DEBUG 			27: nonprod-project/management-zone/CFT-XUI-Staging.json
2021-03-16 11:41:23 DEBUG 			28: nonprod-project/management-zone/CFT-SSCS-Perf.json
2021-03-16 11:41:23 DEBUG 			29: nonprod-project/management-zone/CFT-BulkScan-Staging.json
2021-03-16 11:41:23 DEBUG 			30: nonprod-project/management-zone/CFT-Divorce-Perf.json
2021-03-16 11:41:23 DEBUG 			31: nonprod-project/management-zone/CFT-AccessManagement-Staging.json
2021-03-16 11:41:23 DEBUG 			32: nonprod-project/management-zone/CFT-PCQ-Perf.json
2021-03-16 11:41:23 DEBUG 			33: nonprod-project/management-zone/Crime-ROTANFT.json
2021-03-16 11:41:23 DEBUG 			34: nonprod-project/management-zone/CFT-Divorce-Staging.json
2021-03-16 11:41:23 DEBUG 			35: nonprod-project/management-zone/CFT-CivilUnspec-Staging.json
2021-03-16 11:41:23 DEBUG 			36: nonprod-project/management-zone/CFT-EvidenceManagement-Perf.json
2021-03-16 11:41:23 DEBUG 			37: nonprod-project/management-zone/CFT-FeesPayments-Staging.json
2021-03-16 11:41:23 DEBUG 			38: nonprod-project/management-zone/CFT-Perf.json
2021-03-16 11:41:23 DEBUG 			39: nonprod-project/management-zone/CFT-ProfessionalReferenceData-Staging.json
2021-03-16 11:41:23 DEBUG 			40: nonprod-project/management-zone/CFT-Probate-Perf.json
2021-03-16 11:41:23 DEBUG 			41: nonprod-project/management-zone/CFT-IDAM-Staging.json
2021-03-16 11:41:23 DEBUG 			42: nonprod-project/management-zone/CFT-FeesPayments-Perf.json
2021-03-16 11:41:23 DEBUG 			43: nonprod-project/management-zone/CFT-EvidenceManagement-Staging.json
2021-03-16 11:41:23 DEBUG 			44: nonprod-project/management-zone/DTS-HMI-Dev.json
2021-03-16 11:41:23 DEBUG 			45: nonprod-project/management-zone/DTS-CVP-Perf.json
2021-03-16 11:41:23 DEBUG 			46: nonprod-project/management-zone/CFT-CivilMoneyClaims-Staging.json
2021-03-16 11:41:23 DEBUG 			47: nonprod-project/management-zone/CFT-CCD-Staging.json
2021-03-16 11:41:23 DEBUG 			48: nonprod-project/management-zone/SVCOFF.json
2021-03-16 11:41:23 DEBUG 			49: nonprod-project/management-zone/CFT-XUI-Perf.json
2021-03-16 11:41:23 DEBUG 			50: nonprod-project/management-zone/CFT-SSCS-Staging.json
2021-03-16 11:41:23 DEBUG 			51: nonprod-project/management-zone/CFT-Bulkprint-Staging.json
2021-03-16 11:41:23 DEBUG 			52: nonprod-project/management-zone/DTS-CVP-Staging.json
2021-03-16 11:41:23 DEBUG 			53: nonprod-project/management-zone/Crime-CPNFT.json
2021-03-16 11:41:23 DEBUG 			54: nonprod-project/management-zone/CFT-FamilyPublicLaw-Staging.json
2021-03-16 11:41:23 DEBUG 			55: nonprod-project/management-zone/CFT-ECM-Perf.json
2021-03-16 11:41:23 DEBUG 			56: nonprod-project/management-zone/CFT-LegalRepCMCUnspec.json
2021-03-16 11:41:23 DEBUG 		Applying config `CFT` using nonprod-project/management-zone/CFT.json
2021-03-16 11:41:23 DEBUG 			Updated existing object for CFT (-1016681994524158509)
2021-03-16 11:41:23 DEBUG 		Applying config `CFT - Elasticsearch - Staging` using nonprod-project/management-zone/CFT-Elasticsearch-Staging.json
2021-03-16 11:41:23 DEBUG 			Updated existing object for CFT - Elasticsearch - Staging (1680988183724851448)
2021-03-16 11:41:23 DEBUG 		Applying config `Crime` using nonprod-project/management-zone/Crime.json
2021-03-16 11:41:23 DEBUG 			Updated existing object for Crime (5869021333397818037)
2021-03-16 11:41:23 DEBUG 		Applying config `CFT - Staging` using nonprod-project/management-zone/CFT-Staging.json
2021-03-16 11:41:23 DEBUG 			Updated existing object for CFT - Staging (-8327866327606010766)
2021-03-16 11:41:23 DEBUG 		Applying config `CFT - Financial Remedy - Perf` using nonprod-project/management-zone/CFT-FinancialRemedy-Perf.json
2021-03-16 11:41:23 DEBUG 			Updated existing object for CFT - Financial Remedy - Perf (-6972942449619918532)
2021-03-16 11:41:23 DEBUG 		Applying config `CFT - Immigration and Asylum - Perf` using nonprod-project/management-zone/CFT-ImmigrationandAsylum-Perf.json
2021-03-16 11:41:23 DEBUG 			Updated existing object for CFT - Immigration and Asylum - Perf (-3585466114621799834)
2021-03-16 11:41:23 DEBUG 		Applying config `CFT - Immigration and Asylum - Staging` using nonprod-project/management-zone/CFT-ImmigrationandAsylum-Staging.json
2021-03-16 11:41:23 DEBUG 			Updated existing object for CFT - Immigration and Asylum - Staging (-4089889617762575223)
2021-03-16 11:41:23 DEBUG 		Applying config `CFT - Financial Remedy - Staging` using nonprod-project/management-zone/CFT-FinancialRemedy-Staging.json
2021-03-16 11:41:23 DEBUG 			Updated existing object for CFT - Financial Remedy - Staging (8963009351614017628)
2021-03-16 11:41:23 DEBUG 		Applying config `CFT - CCD - Perf` using nonprod-project/management-zone/CFT-CCD-Perf.json
2021-03-16 11:41:24 DEBUG 			Updated existing object for CFT - CCD - Perf (4041956407067927303)
2021-03-16 11:41:24 DEBUG 		Applying config `Crime - IdAM - NFT` using nonprod-project/management-zone/Crime-IdAM-NFT.json
2021-03-16 11:41:24 DEBUG 			Updated existing object for Crime - IdAM - NFT (-6152899060348952233)
2021-03-16 11:41:24 DEBUG 		Applying config `CFT - IDAM - Sandbox` using nonprod-project/management-zone/CFT-IDAM-Sandbox.json
2021-03-16 11:41:24 DEBUG 			Updated existing object for CFT - IDAM - Sandbox (-4536162996148223635)
2021-03-16 11:41:24 DEBUG 		Applying config `CFT - Bulkprint - Perf` using nonprod-project/management-zone/CFT-Bulkprint-Perf.json
2021-03-16 11:41:24 DEBUG 			Updated existing object for CFT - Bulkprint - Perf (4295032514107427917)
2021-03-16 11:41:24 DEBUG 		Applying config `CFT - Professional Reference Data - Perf` using nonprod-project/management-zone/CFT-ProfessionalReferenceData-Perf.json
2021-03-16 11:41:24 DEBUG 			Updated existing object for CFT - Professional Reference Data - Perf (6671836036581898423)
2021-03-16 11:41:24 DEBUG 		Applying config `Crime CP (MDV)` using nonprod-project/management-zone/CrimeCPMDV.json
2021-03-16 11:41:24 DEBUG 			Updated existing object for Crime CP (MDV) (-6108022805863809743)
2021-03-16 11:41:24 DEBUG 		Applying config `CFT - ECM - Staging` using nonprod-project/management-zone/CFT-ECM-Staging.json
2021-03-16 11:41:24 DEBUG 			Updated existing object for CFT - ECM - Staging (6896837681189101869)
2021-03-16 11:41:24 DEBUG 		Applying config `CFT - IDAM - Perf` using nonprod-project/management-zone/CFT-IDAM-Perf.json
2021-03-16 11:41:24 DEBUG 			Updated existing object for CFT - IDAM - Perf (-3398663330763206037)
2021-03-16 11:41:24 DEBUG 		Applying config `CFT - Elasticsearch - Perf` using nonprod-project/management-zone/CFT-Elasticsearch-Perf.json
2021-03-16 11:41:24 DEBUG 			Updated existing object for CFT - Elasticsearch - Perf (20174636658135932)
2021-03-16 11:41:24 DEBUG 		Applying config `CFT - PCQ - Staging` using nonprod-project/management-zone/CFT-PCQ-Staging.json
2021-03-16 11:41:24 DEBUG 			Updated existing object for CFT - PCQ - Staging (1261768647518612206)
2021-03-16 11:41:24 DEBUG 		Applying config `CFT - Family Public Law - Perf` using nonprod-project/management-zone/CFT-FamilyPublicLaw-Perf.json
2021-03-16 11:41:24 DEBUG 			Updated existing object for CFT - Family Public Law - Perf (-3325376598181916251)
2021-03-16 11:41:24 DEBUG 		Applying config `CFT - ECM - LDATA` using nonprod-project/management-zone/CFT-ECM-LDATA.json
2021-03-16 11:41:24 DEBUG 			Updated existing object for CFT - ECM - LDATA (-4584495383903544465)
2021-03-16 11:41:24 DEBUG 		Applying config `CFT - Probate - Staging` using nonprod-project/management-zone/CFT-Probate-Staging.json
2021-03-16 11:41:24 DEBUG 			Updated existing object for CFT - Probate - Staging (895834376363200840)
2021-03-16 11:41:24 DEBUG 		Applying config `CFT - Bulk Scan - Perf` using nonprod-project/management-zone/CFT-BulkScan-Perf.json
2021-03-16 11:41:25 DEBUG 			Updated existing object for CFT - Bulk Scan - Perf (1803134933788046962)
2021-03-16 11:41:25 DEBUG 		Applying config `CFT - Palo Non-Prod (Perf & LDATA)` using nonprod-project/management-zone/CFT-PaloNon-ProdPerfLDATA.json
2021-03-16 11:41:25 DEBUG 			Updated existing object for CFT - Palo Non-Prod (Perf & LDATA) (6194252696025770639)
2021-03-16 11:41:25 DEBUG 		Applying config `CFT - Forgerock - Staging` using nonprod-project/management-zone/CFT-Forgerock-Staging.json
2021-03-16 11:41:25 DEBUG 			Updated existing object for CFT - Forgerock - Staging (5160175703577640998)
2021-03-16 11:41:25 DEBUG 		Applying config `CFT - LDATA` using nonprod-project/management-zone/CFT-LDATA.json
2021-03-16 11:41:25 DEBUG 			Updated existing object for CFT - LDATA (-2092106295512620215)
2021-03-16 11:41:25 DEBUG 		Applying config `CFT - Access Management - Perf` using nonprod-project/management-zone/CFT-AccessManagement-Perf.json
2021-03-16 11:41:25 DEBUG 			Updated existing object for CFT - Access Management - Perf (2325303417150435443)
2021-03-16 11:41:25 DEBUG 		Applying config `CFT - XUI - Staging` using nonprod-project/management-zone/CFT-XUI-Staging.json
2021-03-16 11:41:25 DEBUG 			Updated existing object for CFT - XUI - Staging (8128977994886194449)
2021-03-16 11:41:25 DEBUG 		Applying config `CFT - SSCS - Perf` using nonprod-project/management-zone/CFT-SSCS-Perf.json
2021-03-16 11:41:25 DEBUG 			Updated existing object for CFT - SSCS - Perf (2760142458693915920)
2021-03-16 11:41:25 DEBUG 		Applying config `CFT - Bulk Scan - Staging` using nonprod-project/management-zone/CFT-BulkScan-Staging.json
2021-03-16 11:41:25 DEBUG 			Updated existing object for CFT - Bulk Scan - Staging (-828141463272594796)
2021-03-16 11:41:25 DEBUG 		Applying config `CFT - Divorce - Perf` using nonprod-project/management-zone/CFT-Divorce-Perf.json
2021-03-16 11:41:25 DEBUG 			Updated existing object for CFT - Divorce - Perf (-7146088579887695217)
2021-03-16 11:41:25 DEBUG 		Applying config `CFT - Access Management - Staging` using nonprod-project/management-zone/CFT-AccessManagement-Staging.json
2021-03-16 11:41:25 DEBUG 			Updated existing object for CFT - Access Management - Staging (-7077367472975635727)
2021-03-16 11:41:25 DEBUG 		Applying config `CFT - PCQ - Perf` using nonprod-project/management-zone/CFT-PCQ-Perf.json
2021-03-16 11:41:25 DEBUG 			Updated existing object for CFT - PCQ - Perf (-3076451687663230434)
2021-03-16 11:41:25 DEBUG 		Applying config `Crime - ROTA (NFT)` using nonprod-project/management-zone/Crime-ROTANFT.json
2021-03-16 11:41:25 DEBUG 			Updated existing object for Crime - ROTA (NFT) (-9151101100001278674)
2021-03-16 11:41:25 DEBUG 		Applying config `CFT - Divorce - Staging` using nonprod-project/management-zone/CFT-Divorce-Staging.json
2021-03-16 11:41:25 DEBUG 			Updated existing object for CFT - Divorce - Staging (3696175387741850982)
2021-03-16 11:41:25 DEBUG 		Applying config `CFT - Civil Unspec - Staging` using nonprod-project/management-zone/CFT-CivilUnspec-Staging.json
2021-03-16 11:41:26 DEBUG 			Updated existing object for CFT - Civil Unspec - Staging (-269723276415738579)
2021-03-16 11:41:26 DEBUG 		Applying config `CFT - Evidence Management - Perf` using nonprod-project/management-zone/CFT-EvidenceManagement-Perf.json
2021-03-16 11:41:26 DEBUG 			Updated existing object for CFT - Evidence Management - Perf (-4440591645479500582)
2021-03-16 11:41:26 DEBUG 		Applying config `CFT - Fees & Payments - Staging` using nonprod-project/management-zone/CFT-FeesPayments-Staging.json
2021-03-16 11:41:26 DEBUG 			Updated existing object for CFT - Fees & Payments - Staging (2235935701736004927)
2021-03-16 11:41:26 DEBUG 		Applying config `CFT - Perf` using nonprod-project/management-zone/CFT-Perf.json
2021-03-16 11:41:26 DEBUG 			Updated existing object for CFT - Perf (2544831856608055602)
2021-03-16 11:41:26 DEBUG 		Applying config `CFT - Professional Reference Data - Staging` using nonprod-project/management-zone/CFT-ProfessionalReferenceData-Staging.json
2021-03-16 11:41:26 DEBUG 			Updated existing object for CFT - Professional Reference Data - Staging (-580548627215604779)
2021-03-16 11:41:26 DEBUG 		Applying config `CFT - Probate - Perf` using nonprod-project/management-zone/CFT-Probate-Perf.json
2021-03-16 11:41:26 DEBUG 			Updated existing object for CFT - Probate - Perf (-6278623680568682789)
2021-03-16 11:41:26 DEBUG 		Applying config `CFT - IDAM - Staging` using nonprod-project/management-zone/CFT-IDAM-Staging.json
2021-03-16 11:41:26 DEBUG 			Updated existing object for CFT - IDAM - Staging (191996962558527295)
2021-03-16 11:41:26 DEBUG 		Applying config `CFT - Fees & Payments - Perf` using nonprod-project/management-zone/CFT-FeesPayments-Perf.json
2021-03-16 11:41:26 DEBUG 			Updated existing object for CFT - Fees & Payments - Perf (-4976681621752891525)
2021-03-16 11:41:26 DEBUG 		Applying config `CFT - Evidence Management - Staging` using nonprod-project/management-zone/CFT-EvidenceManagement-Staging.json
2021-03-16 11:41:26 DEBUG 			Updated existing object for CFT - Evidence Management - Staging (-4133923648061856681)
2021-03-16 11:41:26 DEBUG 		Applying config `DTS - HMI - Dev` using nonprod-project/management-zone/DTS-HMI-Dev.json
2021-03-16 11:41:26 DEBUG 			Updated existing object for DTS - HMI - Dev (7259039908900233531)
2021-03-16 11:41:26 DEBUG 		Applying config `DTS - CVP - Perf` using nonprod-project/management-zone/DTS-CVP-Perf.json
2021-03-16 11:41:26 DEBUG 			Updated existing object for DTS - CVP - Perf (-3709244021897047762)
2021-03-16 11:41:26 DEBUG 		Applying config `CFT - Civil Money Claims - Staging` using nonprod-project/management-zone/CFT-CivilMoneyClaims-Staging.json
2021-03-16 11:41:26 DEBUG 			Updated existing object for CFT - Civil Money Claims - Staging (-3885368807402224751)
2021-03-16 11:41:26 DEBUG 		Applying config `CFT - CCD - Staging` using nonprod-project/management-zone/CFT-CCD-Staging.json
2021-03-16 11:41:26 DEBUG 			Updated existing object for CFT - CCD - Staging (1694465904051172840)
2021-03-16 11:41:26 DEBUG 		Applying config `SVCOFF` using nonprod-project/management-zone/SVCOFF.json
2021-03-16 11:41:27 ERROR 			Failed Failed to upsert DT object SVCOFF (HTTP 400)!
    Response was: {"error":{"code":400,"message":"Constraints violated.","constraintViolations":[{"path":"rules[5].conditions[0].comparisonInfo.operator","message":"may not be null","parameterLocation":"PAYLOAD_BODY","location":null}]}}, responsible config: nonprod-project/management-zone/SVCOFF.json
2021-03-16 11:41:27 DEBUG 		Applying config `CFT - XUI - Perf` using nonprod-project/management-zone/CFT-XUI-Perf.json
2021-03-16 11:41:27 DEBUG 			Updated existing object for CFT - XUI - Perf (-9162833360263446736)
2021-03-16 11:41:27 DEBUG 		Applying config `CFT - SSCS - Staging` using nonprod-project/management-zone/CFT-SSCS-Staging.json
2021-03-16 11:41:27 DEBUG 			Updated existing object for CFT - SSCS - Staging (2973408810216277986)
2021-03-16 11:41:27 DEBUG 		Applying config `CFT - Bulkprint - Staging` using nonprod-project/management-zone/CFT-Bulkprint-Staging.json
2021-03-16 11:41:27 DEBUG 			Updated existing object for CFT - Bulkprint - Staging (5218331687741082108)
2021-03-16 11:41:27 DEBUG 		Applying config `DTS - CVP - Staging` using nonprod-project/management-zone/DTS-CVP-Staging.json
2021-03-16 11:41:27 DEBUG 			Updated existing object for DTS - CVP - Staging (3878765472598882810)
2021-03-16 11:41:27 DEBUG 		Applying config `Crime - CP (NFT)` using nonprod-project/management-zone/Crime-CPNFT.json
2021-03-16 11:41:27 DEBUG 			Updated existing object for Crime - CP (NFT) (4644749235633502145)
2021-03-16 11:41:27 DEBUG 		Applying config `CFT - Family Public Law - Staging` using nonprod-project/management-zone/CFT-FamilyPublicLaw-Staging.json
2021-03-16 11:41:27 DEBUG 			Updated existing object for CFT - Family Public Law - Staging (2542811509946751560)
2021-03-16 11:41:27 DEBUG 		Applying config `CFT - ECM - Perf` using nonprod-project/management-zone/CFT-ECM-Perf.json
2021-03-16 11:41:27 DEBUG 			Updated existing object for CFT - ECM - Perf (1662846183996366508)
2021-03-16 11:41:27 DEBUG 		Applying config `CFT - Legal Rep (CMC Unspec)` using nonprod-project/management-zone/CFT-LegalRepCMCUnspec.json
2021-03-16 11:41:27 DEBUG 			Updated existing object for CFT - Legal Rep (CMC Unspec) (7851556572616862299)
2021-03-16 11:41:27 INFO  Deployment summary:
2021-03-16 11:41:27 ERROR Deployment to test1 finished with 1 error(s):
2021-03-16 11:41:27 ERROR 	Failed to upsert DT object SVCOFF (HTTP 400)!
    Response was: {"error":{"code":400,"message":"Constraints violated.","constraintViolations":[{"path":"rules[5].conditions[0].comparisonInfo.operator","message":"may not be null","parameterLocation":"PAYLOAD_BODY","location":null}]}}, responsible config: nonprod-project/management-zone/SVCOFF.json
