2021-03-31 18:38:52 DEBUG request log not activated
2021-03-31 18:38:52 DEBUG response log not activated
2021-03-31 18:38:52 INFO  Dynatrace Monitoring as Code v1.5.0
2021-03-31 18:38:52 DEBUG Reading projects...
2021-03-31 18:38:52 DEBUG   project - nonprod
2021-03-31 18:38:52 DEBUG Processing file: nonprod/calculated-metrics-service/calculated-metrics-service.yaml
2021-03-31 18:38:52 DEBUG Processing file: nonprod/management-zone/management-zone.yaml
2021-03-31 18:38:52 DEBUG 		nonprod/calculated-metrics-service/SSLDomainout-cftidamperf has dep on nonprod/management-zone/CFT-IDAM-Perf
2021-03-31 18:38:52 DEBUG 		nonprod/calculated-metrics-service/SSLDomainin-cftidamperf has dep on nonprod/management-zone/CFT-IDAM-Perf
2021-03-31 18:38:52 DEBUG 		nonprod/calculated-metrics-service/SSLDomainin-cftxuiperf has dep on nonprod/management-zone/CFT-XUI-Perf
2021-03-31 18:38:52 DEBUG 		nonprod/calculated-metrics-service/SSLDomainout-cftxuiperf has dep on nonprod/management-zone/CFT-XUI-Perf
2021-03-31 18:38:52 DEBUG 		nonprod/calculated-metrics-service/SSLDomainout-cftbulkprintperf has dep on nonprod/management-zone/CFT-Bulkprint-Perf
2021-03-31 18:38:52 DEBUG 		nonprod/calculated-metrics-service/SSLDomainin-cftbulkprintperf has dep on nonprod/management-zone/CFT-Bulkprint-Perf
2021-03-31 18:38:52 DEBUG 		nonprod/calculated-metrics-service/SSLDomainin-cftimmigrationandasylumperf has dep on nonprod/management-zone/CFT-ImmigrationandAsylum-Perf
2021-03-31 18:38:52 DEBUG 		nonprod/calculated-metrics-service/SSLDomainout-cftimmigrationandasylumperf has dep on nonprod/management-zone/CFT-ImmigrationandAsylum-Perf
2021-03-31 18:38:52 DEBUG 		nonprod/calculated-metrics-service/SSLDomainout-cftsscsperf has dep on nonprod/management-zone/CFT-SSCS-Perf
2021-03-31 18:38:52 DEBUG 		nonprod/calculated-metrics-service/SSLDomainin-cftsscsperf has dep on nonprod/management-zone/CFT-SSCS-Perf
2021-03-31 18:38:52 DEBUG 		nonprod/calculated-metrics-service/SSLDomainin-cftdivorceperf has dep on nonprod/management-zone/CFT-Divorce-Perf
2021-03-31 18:38:52 DEBUG 		nonprod/calculated-metrics-service/SSLDomainout-cftdivorceperf has dep on nonprod/management-zone/CFT-Divorce-Perf
2021-03-31 18:38:52 DEBUG 		nonprod/calculated-metrics-service/SSLDomainin-cftfeespaymentsperf has dep on nonprod/management-zone/CFT-FamilyPublicLaw-Perf
2021-03-31 18:38:52 DEBUG 		nonprod/calculated-metrics-service/SSLDomainout-cftfamilypubliclawperf has dep on nonprod/management-zone/CFT-FamilyPublicLaw-Perf
2021-03-31 18:38:52 DEBUG 		nonprod/calculated-metrics-service/SSLDomainout-cftfeespaymentsperf has dep on nonprod/management-zone/CFT-FamilyPublicLaw-Perf
2021-03-31 18:38:52 DEBUG 		nonprod/calculated-metrics-service/SSLDomainin-cftfamilypubliclawperf has dep on nonprod/management-zone/CFT-FamilyPublicLaw-Perf
2021-03-31 18:38:52 DEBUG 		nonprod/calculated-metrics-service/SSLDomainout-cftbulkscanperf has dep on nonprod/management-zone/CFT-BulkScan-Perf
2021-03-31 18:38:52 DEBUG 		nonprod/calculated-metrics-service/SSLDomainin-cftbulkscanperf has dep on nonprod/management-zone/CFT-BulkScan-Perf
2021-03-31 18:38:52 DEBUG 		nonprod/calculated-metrics-service/SSLDomainout-cftbulkscanstg has dep on nonprod/management-zone/CFT-BulkScan-Staging
2021-03-31 18:38:52 DEBUG 		nonprod/calculated-metrics-service/SSLDomainin-cftbulkscanstg has dep on nonprod/management-zone/CFT-BulkScan-Staging
2021-03-31 18:38:52 DEBUG 		nonprod/calculated-metrics-service/SSLDomainout-cftaccessmanagementstg has dep on nonprod/management-zone/CFT-AccessManagement-Staging
2021-03-31 18:38:52 DEBUG 		nonprod/calculated-metrics-service/SSLDomainin-cftaccessmanagementstg has dep on nonprod/management-zone/CFT-AccessManagement-Staging
2021-03-31 18:38:52 DEBUG 		nonprod/calculated-metrics-service/SSLDomainin-cftfeespaymentsstg has dep on nonprod/management-zone/CFT-FeesPayments-Staging
2021-03-31 18:38:52 DEBUG 		nonprod/calculated-metrics-service/SSLDomainout-cftfamilypubliclawstg has dep on nonprod/management-zone/CFT-FamilyPublicLaw-Staging
2021-03-31 18:38:52 DEBUG 		nonprod/calculated-metrics-service/SSLDomainin-cftfamilypubliclawstg has dep on nonprod/management-zone/CFT-FamilyPublicLaw-Staging
2021-03-31 18:38:52 DEBUG 		nonprod/calculated-metrics-service/SSLDomainout-cftlegalrepcmcunspec has dep on nonprod/management-zone/CFT-LegalRepCMCUnspec
2021-03-31 18:38:52 DEBUG 		nonprod/calculated-metrics-service/SSLDomainin-cftlegalrepcmcunspec has dep on nonprod/management-zone/CFT-LegalRepCMCUnspec
2021-03-31 18:38:52 DEBUG 		nonprod/calculated-metrics-service/SSLDomainin-cftfinancialremedyperf has dep on nonprod/management-zone/CFT-FinancialRemedy-Perf
2021-03-31 18:38:52 DEBUG 		nonprod/calculated-metrics-service/SSLDomainout-cftfinancialremedyperf has dep on nonprod/management-zone/CFT-FinancialRemedy-Perf
2021-03-31 18:38:52 DEBUG 		nonprod/calculated-metrics-service/SSLDomainin-cftldata has dep on nonprod/management-zone/CFT-LDATA
2021-03-31 18:38:52 DEBUG 		nonprod/calculated-metrics-service/SSLDomainout-cftldata has dep on nonprod/management-zone/CFT-LDATA
2021-03-31 18:38:52 DEBUG 		nonprod/calculated-metrics-service/SSLDomainin-cftidamstg has dep on nonprod/management-zone/CFT-IDAM-Sandbox
2021-03-31 18:38:52 DEBUG 		nonprod/calculated-metrics-service/SSLDomainin-cftidamsbox has dep on nonprod/management-zone/CFT-IDAM-Sandbox
2021-03-31 18:38:52 DEBUG 		nonprod/calculated-metrics-service/SSLDomainout-cftidamsbox has dep on nonprod/management-zone/CFT-IDAM-Sandbox
2021-03-31 18:38:52 DEBUG 		nonprod/calculated-metrics-service/SSLDomainout-cftidamstg has dep on nonprod/management-zone/CFT-IDAM-Sandbox
2021-03-31 18:38:52 DEBUG 		nonprod/calculated-metrics-service/SSLDomainin-cftprobatestg has dep on nonprod/management-zone/CFT-Probate-Staging
2021-03-31 18:38:52 DEBUG 		nonprod/calculated-metrics-service/SSLDomainout-cftprobatestg has dep on nonprod/management-zone/CFT-Probate-Staging
2021-03-31 18:38:52 DEBUG 		nonprod/calculated-metrics-service/SSLDomainin-cftelasticsearchperf has dep on nonprod/management-zone/CFT-Elasticsearch-Perf
2021-03-31 18:38:52 DEBUG 		nonprod/calculated-metrics-service/SSLDomainout-cftelasticsearchperf has dep on nonprod/management-zone/CFT-Elasticsearch-Perf
2021-03-31 18:38:52 DEBUG 		nonprod/calculated-metrics-service/SSLDomainout-cftaccessmanagementperf has dep on nonprod/management-zone/CFT-AccessManagement-Perf
2021-03-31 18:38:52 DEBUG 		nonprod/calculated-metrics-service/SSLDomainin-cftaccessmanagementperf has dep on nonprod/management-zone/CFT-AccessManagement-Perf
2021-03-31 18:38:52 DEBUG 		nonprod/calculated-metrics-service/SSLDomainin-cftprofessionalreferencedataeperf has dep on nonprod/management-zone/CFT-ProfessionalReferenceData-Perf
2021-03-31 18:38:52 DEBUG 		nonprod/calculated-metrics-service/SSLDomainout-cftprofessionalreferencedataeperf has dep on nonprod/management-zone/CFT-ProfessionalReferenceData-Perf
2021-03-31 18:38:52 DEBUG 		nonprod/calculated-metrics-service/SSLDomainin-cftecmldata has dep on nonprod/management-zone/CFT-ECM-LDATA
2021-03-31 18:38:52 DEBUG 		nonprod/calculated-metrics-service/SSLDomainout-cftecmldata has dep on nonprod/management-zone/CFT-ECM-LDATA
2021-03-31 18:38:52 DEBUG 		nonprod/calculated-metrics-service/SSLDomainin-cftevidencemanagementstg has dep on nonprod/management-zone/CFT-EvidenceManagement-Staging
2021-03-31 18:38:52 DEBUG 		nonprod/calculated-metrics-service/SSLDomainout-cftevidencemanagementstg has dep on nonprod/management-zone/CFT-EvidenceManagement-Staging
2021-03-31 18:38:52 DEBUG 		nonprod/calculated-metrics-service/SSLDomainout-cftevidencemanagementperf has dep on nonprod/management-zone/CFT-EvidenceManagement-Perf
2021-03-31 18:38:52 DEBUG 		nonprod/calculated-metrics-service/SSLDomainin-cftevidencemanagementperf has dep on nonprod/management-zone/CFT-EvidenceManagement-Perf
2021-03-31 18:38:52 DEBUG 		nonprod/calculated-metrics-service/SSLDomainin-cftprofessionalreferencedataestg has dep on nonprod/management-zone/CFT-ProfessionalReferenceData-Staging
2021-03-31 18:38:52 DEBUG 		nonprod/calculated-metrics-service/SSLDomainout-cftprofessionalreferencedataestg has dep on nonprod/management-zone/CFT-ProfessionalReferenceData-Staging
2021-03-31 18:38:52 DEBUG 		nonprod/calculated-metrics-service/SSLDomainin-cftccdstg has dep on nonprod/management-zone/CFT-CCD-Staging
2021-03-31 18:38:52 DEBUG 		nonprod/calculated-metrics-service/SSLDomainout-cftccdstg has dep on nonprod/management-zone/CFT-CCD-Staging
2021-03-31 18:38:52 DEBUG 		nonprod/calculated-metrics-service/SSLDomainout-cftpcqperf has dep on nonprod/management-zone/CFT-PCQ-Perf
2021-03-31 18:38:52 DEBUG 		nonprod/calculated-metrics-service/SSLDomainin-cftpcqperf has dep on nonprod/management-zone/CFT-PCQ-Perf
2021-03-31 18:38:52 DEBUG 		nonprod/calculated-metrics-service/SSLDomainin-cftccdperf has dep on nonprod/management-zone/CFT-CCD-Perf
2021-03-31 18:38:52 DEBUG 		nonprod/calculated-metrics-service/SSLDomainout-cftccdperf has dep on nonprod/management-zone/CFT-CCD-Perf
2021-03-31 18:38:52 DEBUG 		nonprod/calculated-metrics-service/SSLDomainout-cftelasticsearchstg has dep on nonprod/management-zone/CFT-Elasticsearch-Staging
2021-03-31 18:38:52 DEBUG 		nonprod/calculated-metrics-service/SSLDomainin-cftelasticsearchstg has dep on nonprod/management-zone/CFT-Elasticsearch-Staging
2021-03-31 18:38:52 DEBUG 		nonprod/calculated-metrics-service/SSLDomainin-cftecmperf has dep on nonprod/management-zone/CFT-ECM-Perf
2021-03-31 18:38:52 DEBUG 		nonprod/calculated-metrics-service/SSLDomainout-cftecmperf has dep on nonprod/management-zone/CFT-ECM-Perf
2021-03-31 18:38:52 DEBUG 		nonprod/calculated-metrics-service/SSLDomainin-cftecmstg has dep on nonprod/management-zone/CFT-ECM-Staging
2021-03-31 18:38:52 DEBUG 		nonprod/calculated-metrics-service/SSLDomainout-cftecmstg has dep on nonprod/management-zone/CFT-ECM-Staging
2021-03-31 18:38:52 DEBUG 		nonprod/calculated-metrics-service/SSLDomainout-cftxuistg has dep on nonprod/management-zone/CFT-XUI-Staging
2021-03-31 18:38:52 DEBUG 		nonprod/calculated-metrics-service/SSLDomainin-cftxuistg has dep on nonprod/management-zone/CFT-XUI-Staging
2021-03-31 18:38:52 DEBUG 		nonprod/calculated-metrics-service/SSLDomainin-cftcivilunspecstg has dep on nonprod/management-zone/CFT-CivilUnspec-Staging
2021-03-31 18:38:52 DEBUG 		nonprod/calculated-metrics-service/SSLDomainout-cftcivilunspecstg has dep on nonprod/management-zone/CFT-CivilUnspec-Staging
2021-03-31 18:38:52 DEBUG 		nonprod/calculated-metrics-service/SSLDomainout-cftbulkprintstg has dep on nonprod/management-zone/CFT-Bulkprint-Staging
2021-03-31 18:38:52 DEBUG 		nonprod/calculated-metrics-service/SSLDomainin-cftbulkprintstg has dep on nonprod/management-zone/CFT-Bulkprint-Staging
2021-03-31 18:38:52 DEBUG 		nonprod/calculated-metrics-service/SSLDomainin-cftdivorcestg has dep on nonprod/management-zone/CFT-Divorce-Staging
2021-03-31 18:38:52 DEBUG 		nonprod/calculated-metrics-service/SSLDomainout-cftdivorcestg has dep on nonprod/management-zone/CFT-Divorce-Staging
2021-03-31 18:38:52 DEBUG 		nonprod/calculated-metrics-service/SSLDomainout-cftpcqstg has dep on nonprod/management-zone/CFT-PCQ-Staging
2021-03-31 18:38:52 DEBUG 		nonprod/calculated-metrics-service/SSLDomainin-cftpcqstg has dep on nonprod/management-zone/CFT-PCQ-Staging
2021-03-31 18:38:52 DEBUG 		nonprod/calculated-metrics-service/SSLDomainout-cftfinancialremedystg has dep on nonprod/management-zone/CFT-FinancialRemedy-Staging
2021-03-31 18:38:52 DEBUG 		nonprod/calculated-metrics-service/SSLDomainin-cftfinancialremedystg has dep on nonprod/management-zone/CFT-FinancialRemedy-Staging
2021-03-31 18:38:52 DEBUG 		nonprod/calculated-metrics-service/SSLDomainout-cftimmigrationandasylumstg has dep on nonprod/management-zone/CFT-ImmigrationandAsylum-Staging
2021-03-31 18:38:52 DEBUG 		nonprod/calculated-metrics-service/SSLDomainin-cftimmigrationandasylumstg has dep on nonprod/management-zone/CFT-ImmigrationandAsylum-Staging
2021-03-31 18:38:52 DEBUG 		nonprod/calculated-metrics-service/SSLDomainin-cftforgerockstg has dep on nonprod/management-zone/CFT-Forgerock-Staging
2021-03-31 18:38:52 DEBUG 		nonprod/calculated-metrics-service/SSLDomainout-cftforgerockstg has dep on nonprod/management-zone/CFT-Forgerock-Staging
2021-03-31 18:38:52 DEBUG 		nonprod/calculated-metrics-service/SSLDomainout-cftcivilmoneyclaimsstg has dep on nonprod/management-zone/CFT-CivilMoneyClaims-Staging
2021-03-31 18:38:52 DEBUG 		nonprod/calculated-metrics-service/SSLDomainin-cftcivilmoneyclaimsstg has dep on nonprod/management-zone/CFT-CivilMoneyClaims-Staging
2021-03-31 18:38:52 DEBUG 		nonprod/calculated-metrics-service/SSLDomainin-cftpalononprodldataperf has dep on nonprod/management-zone/CFT-PaloNon-ProdPerfLDATA
2021-03-31 18:38:52 DEBUG 		nonprod/calculated-metrics-service/SSLDomainout-cftpalononprodldataperf has dep on nonprod/management-zone/CFT-PaloNon-ProdPerfLDATA
2021-03-31 18:38:52 DEBUG 		nonprod/calculated-metrics-service/SSLDomainout-cftprobateperf has dep on nonprod/management-zone/CFT-Probate-Perf
2021-03-31 18:38:52 DEBUG 		nonprod/calculated-metrics-service/SSLDomainin-cftprobateperf has dep on nonprod/management-zone/CFT-Probate-Perf
2021-03-31 18:38:52 DEBUG 		nonprod/calculated-metrics-service/SSLDomainout-cftsscsstg has dep on nonprod/management-zone/CFT-SSCS-Staging
2021-03-31 18:38:52 DEBUG 		nonprod/calculated-metrics-service/SSLDomainin-cftsscsstg has dep on nonprod/management-zone/CFT-SSCS-Staging
2021-03-31 18:38:52 DEBUG 		nonprod/management-zone/CFT-BulkScan-Perf
2021-03-31 18:38:52 DEBUG 		nonprod/management-zone/CFT-CCD-Perf
2021-03-31 18:38:52 DEBUG 		nonprod/management-zone/CFT-XUI-Perf
2021-03-31 18:38:52 DEBUG 		nonprod/management-zone/CFT-FinancialRemedy-Perf
2021-03-31 18:38:52 DEBUG 		nonprod/management-zone/CFT-BulkScan-Staging
2021-03-31 18:38:52 DEBUG 		nonprod/management-zone/CFT-ProfessionalReferenceData-Perf
2021-03-31 18:38:52 DEBUG 		nonprod/management-zone/CFT-Probate-Staging
2021-03-31 18:38:52 DEBUG 		nonprod/management-zone/CFT-SSCS-Perf
2021-03-31 18:38:52 DEBUG 		nonprod/management-zone/CFT-ECM-LDATA
2021-03-31 18:38:52 DEBUG 		nonprod/management-zone/CFT-Divorce-Staging
2021-03-31 18:38:52 DEBUG 		nonprod/management-zone/CFT-PCQ-Staging
2021-03-31 18:38:52 DEBUG 		nonprod/management-zone/CFT-LegalRepCMCUnspec
2021-03-31 18:38:52 DEBUG 		nonprod/management-zone/CFT-IDAM-Sandbox
2021-03-31 18:38:52 DEBUG 		nonprod/management-zone/CFT-IDAM-Perf
2021-03-31 18:38:52 DEBUG 		nonprod/management-zone/CFT-FamilyPublicLaw-Perf
2021-03-31 18:38:52 DEBUG 		nonprod/management-zone/CFT-ECM-Staging
2021-03-31 18:38:52 DEBUG 		nonprod/management-zone/CFT-Bulkprint-Perf
2021-03-31 18:38:52 DEBUG 		nonprod/management-zone/CFT-CCD-Staging
2021-03-31 18:38:52 DEBUG 		nonprod/management-zone/CFT-LDATA
2021-03-31 18:38:52 DEBUG 		nonprod/management-zone/CFT-Forgerock-Staging
2021-03-31 18:38:52 DEBUG 		nonprod/management-zone/CFT-ECM-Perf
2021-03-31 18:38:52 DEBUG 		nonprod/management-zone/CFT-CivilUnspec-Staging
2021-03-31 18:38:52 DEBUG 		nonprod/management-zone/CFT-Probate-Perf
2021-03-31 18:38:52 DEBUG 		nonprod/management-zone/CFT-Elasticsearch-Staging
2021-03-31 18:38:52 DEBUG 		nonprod/management-zone/CFT-EvidenceManagement-Perf
2021-03-31 18:38:52 DEBUG 		nonprod/management-zone/CFT-AccessManagement-Perf
2021-03-31 18:38:52 DEBUG 		nonprod/management-zone/CFT-Elasticsearch-Perf
2021-03-31 18:38:52 DEBUG 		nonprod/management-zone/CFT-SSCS-Staging
2021-03-31 18:38:52 DEBUG 		nonprod/management-zone/CFT-FamilyPublicLaw-Staging
2021-03-31 18:38:52 DEBUG 		nonprod/management-zone/CFT-CivilMoneyClaims-Staging
2021-03-31 18:38:52 DEBUG 		nonprod/management-zone/CFT-AccessManagement-Staging
2021-03-31 18:38:52 DEBUG 		nonprod/management-zone/CFT-FeesPayments-Staging
2021-03-31 18:38:52 DEBUG 		nonprod/management-zone/CFT-XUI-Staging
2021-03-31 18:38:52 DEBUG 		nonprod/management-zone/CFT-ProfessionalReferenceData-Staging
2021-03-31 18:38:52 DEBUG 		nonprod/management-zone/CFT-FinancialRemedy-Staging
2021-03-31 18:38:52 DEBUG 		nonprod/management-zone/CFT-EvidenceManagement-Staging
2021-03-31 18:38:52 DEBUG 		nonprod/management-zone/CFT-PCQ-Perf
2021-03-31 18:38:52 DEBUG 		nonprod/management-zone/CFT-PaloNon-ProdPerfLDATA
2021-03-31 18:38:52 DEBUG 		nonprod/management-zone/CFT-ImmigrationandAsylum-Perf
2021-03-31 18:38:52 DEBUG 		nonprod/management-zone/CFT-ImmigrationandAsylum-Staging
2021-03-31 18:38:52 DEBUG 		nonprod/management-zone/CFT-Divorce-Perf
2021-03-31 18:38:52 DEBUG 		nonprod/management-zone/CFT-Bulkprint-Staging
2021-03-31 18:38:52 DEBUG 		nonprod/management-zone/CFT
2021-03-31 18:38:52 DEBUG 		nonprod/management-zone/DTS-CVP-Perf
2021-03-31 18:38:52 DEBUG 		nonprod/management-zone/CFT-IDAM-Staging
2021-03-31 18:38:52 DEBUG 		nonprod/management-zone/DTS-HMI-Dev
2021-03-31 18:38:52 DEBUG 		nonprod/management-zone/CrimeCPMDV
2021-03-31 18:38:52 DEBUG 		nonprod/management-zone/CFT-Staging
2021-03-31 18:38:52 DEBUG 		nonprod/management-zone/CFT-FeesPayments-Perf
2021-03-31 18:38:52 DEBUG 		nonprod/management-zone/Crime
2021-03-31 18:38:52 DEBUG 		nonprod/management-zone/DTS-CVP-Staging
2021-03-31 18:38:52 DEBUG 		nonprod/management-zone/CFT-Perf
2021-03-31 18:38:52 DEBUG 		nonprod/management-zone/Crime-ROTANFT
2021-03-31 18:38:52 DEBUG 		nonprod/management-zone/Crime-CPNFT
2021-03-31 18:38:52 DEBUG 		nonprod/management-zone/Crime-IdAM-NFT
2021-03-31 18:38:52 DEBUG 		nonprod/calculated-metrics-service/SSLDomainin-cftbulkscanperf
2021-03-31 18:38:52 DEBUG 		nonprod/calculated-metrics-service/SSLDomainout-cftccdperf
2021-03-31 18:38:52 DEBUG 		nonprod/calculated-metrics-service/SSLDomainout-cftxuiperf
2021-03-31 18:38:52 DEBUG 		nonprod/calculated-metrics-service/SSLDomainout-cftfinancialremedyperf
2021-03-31 18:38:52 DEBUG 		nonprod/calculated-metrics-service/SSLDomainin-cftbulkscanstg
2021-03-31 18:38:52 DEBUG 		nonprod/calculated-metrics-service/SSLDomainout-cftprofessionalreferencedataeperf
2021-03-31 18:38:52 DEBUG 		nonprod/calculated-metrics-service/SSLDomainout-cftprobatestg
2021-03-31 18:38:52 DEBUG 		nonprod/calculated-metrics-service/SSLDomainin-cftsscsperf
2021-03-31 18:38:52 DEBUG 		nonprod/calculated-metrics-service/SSLDomainout-cftecmldata
2021-03-31 18:38:52 DEBUG 		nonprod/calculated-metrics-service/SSLDomainout-cftdivorcestg
2021-03-31 18:38:52 DEBUG 		nonprod/calculated-metrics-service/SSLDomainin-cftpcqstg
2021-03-31 18:38:52 DEBUG 		nonprod/calculated-metrics-service/SSLDomainin-cftlegalrepcmcunspec
2021-03-31 18:38:52 DEBUG 		nonprod/calculated-metrics-service/SSLDomainout-cftidamstg
2021-03-31 18:38:52 DEBUG 		nonprod/calculated-metrics-service/SSLDomainin-cftidamperf
2021-03-31 18:38:52 DEBUG 		nonprod/calculated-metrics-service/SSLDomainin-cftfamilypubliclawperf
2021-03-31 18:38:52 DEBUG 		nonprod/calculated-metrics-service/SSLDomainout-cftecmstg
2021-03-31 18:38:52 DEBUG 		nonprod/calculated-metrics-service/SSLDomainin-cftprofessionalreferencedataeperf
2021-03-31 18:38:52 DEBUG 		nonprod/calculated-metrics-service/SSLDomainin-cftbulkprintperf
2021-03-31 18:38:52 DEBUG 		nonprod/calculated-metrics-service/SSLDomainout-cftccdstg
2021-03-31 18:38:52 DEBUG 		nonprod/calculated-metrics-service/SSLDomainout-cftldata
2021-03-31 18:38:52 DEBUG 		nonprod/calculated-metrics-service/SSLDomainout-cftidamsbox
2021-03-31 18:38:52 DEBUG 		nonprod/calculated-metrics-service/SSLDomainout-cftforgerockstg
2021-03-31 18:38:52 DEBUG 		nonprod/calculated-metrics-service/SSLDomainin-cftfinancialremedyperf
2021-03-31 18:38:52 DEBUG 		nonprod/calculated-metrics-service/SSLDomainout-cftecmperf
2021-03-31 18:38:52 DEBUG 		nonprod/calculated-metrics-service/SSLDomainout-cftcivilunspecstg
2021-03-31 18:38:52 DEBUG 		nonprod/calculated-metrics-service/SSLDomainin-cftecmstg
2021-03-31 18:38:52 DEBUG 		nonprod/calculated-metrics-service/SSLDomainout-cftbulkscanperf
2021-03-31 18:38:52 DEBUG 		nonprod/calculated-metrics-service/SSLDomainin-cftprobateperf
2021-03-31 18:38:52 DEBUG 		nonprod/calculated-metrics-service/SSLDomainin-cftelasticsearchstg
2021-03-31 18:38:52 DEBUG 		nonprod/calculated-metrics-service/SSLDomainin-cftevidencemanagementperf
2021-03-31 18:38:52 DEBUG 		nonprod/calculated-metrics-service/SSLDomainin-cftaccessmanagementperf
2021-03-31 18:38:52 DEBUG 		nonprod/calculated-metrics-service/SSLDomainout-cftpcqstg
2021-03-31 18:38:52 DEBUG 		nonprod/calculated-metrics-service/SSLDomainin-cftldata
2021-03-31 18:38:52 DEBUG 		nonprod/calculated-metrics-service/SSLDomainout-cftelasticsearchperf
2021-03-31 18:38:52 DEBUG 		nonprod/calculated-metrics-service/SSLDomainin-cftccdstg
2021-03-31 18:38:52 DEBUG 		nonprod/calculated-metrics-service/SSLDomainin-cftxuiperf
2021-03-31 18:38:52 DEBUG 		nonprod/calculated-metrics-service/SSLDomainin-cftsscsstg
2021-03-31 18:38:52 DEBUG 		nonprod/calculated-metrics-service/SSLDomainout-cftlegalrepcmcunspec
2021-03-31 18:38:52 DEBUG 		nonprod/calculated-metrics-service/SSLDomainin-cftforgerockstg
2021-03-31 18:38:52 DEBUG 		nonprod/calculated-metrics-service/SSLDomainin-cftfamilypubliclawstg
2021-03-31 18:38:52 DEBUG 		nonprod/calculated-metrics-service/SSLDomainin-cftidamsbox
2021-03-31 18:38:52 DEBUG 		nonprod/calculated-metrics-service/SSLDomainin-cftcivilmoneyclaimsstg
2021-03-31 18:38:52 DEBUG 		nonprod/calculated-metrics-service/SSLDomainin-cftaccessmanagementstg
2021-03-31 18:38:52 DEBUG 		nonprod/calculated-metrics-service/SSLDomainout-cftfeespaymentsperf
2021-03-31 18:38:52 DEBUG 		nonprod/calculated-metrics-service/SSLDomainout-cftaccessmanagementstg
2021-03-31 18:38:52 DEBUG 		nonprod/calculated-metrics-service/SSLDomainin-cftfeespaymentsstg
2021-03-31 18:38:52 DEBUG 		nonprod/calculated-metrics-service/SSLDomainin-cftxuistg
2021-03-31 18:38:52 DEBUG 		nonprod/calculated-metrics-service/SSLDomainout-cftprofessionalreferencedataestg
2021-03-31 18:38:52 DEBUG 		nonprod/calculated-metrics-service/SSLDomainin-cftfinancialremedystg
2021-03-31 18:38:52 DEBUG 		nonprod/calculated-metrics-service/SSLDomainout-cftevidencemanagementstg
2021-03-31 18:38:52 DEBUG 		nonprod/calculated-metrics-service/SSLDomainout-cftfamilypubliclawperf
2021-03-31 18:38:52 DEBUG 		nonprod/calculated-metrics-service/SSLDomainout-cftevidencemanagementperf
2021-03-31 18:38:52 DEBUG 		nonprod/calculated-metrics-service/SSLDomainin-cftprobatestg
2021-03-31 18:38:52 DEBUG 		nonprod/calculated-metrics-service/SSLDomainin-cftpcqperf
2021-03-31 18:38:52 DEBUG 		nonprod/calculated-metrics-service/SSLDomainout-cftpalononprodldataperf
2021-03-31 18:38:52 DEBUG 		nonprod/calculated-metrics-service/SSLDomainin-cftcivilunspecstg
2021-03-31 18:38:52 DEBUG 		nonprod/calculated-metrics-service/SSLDomainout-cftcivilmoneyclaimsstg
2021-03-31 18:38:52 DEBUG 		nonprod/calculated-metrics-service/SSLDomainout-cftimmigrationandasylumperf
2021-03-31 18:38:52 DEBUG 		nonprod/calculated-metrics-service/SSLDomainin-cftimmigrationandasylumstg
2021-03-31 18:38:52 DEBUG 		nonprod/calculated-metrics-service/SSLDomainin-cftidamstg
2021-03-31 18:38:52 DEBUG 		nonprod/calculated-metrics-service/SSLDomainout-cftelasticsearchstg
2021-03-31 18:38:52 DEBUG 		nonprod/calculated-metrics-service/SSLDomainout-cftdivorceperf
2021-03-31 18:38:52 DEBUG 		nonprod/calculated-metrics-service/SSLDomainin-cftdivorcestg
2021-03-31 18:38:52 DEBUG 		nonprod/calculated-metrics-service/SSLDomainin-cftelasticsearchperf
2021-03-31 18:38:52 DEBUG 		nonprod/calculated-metrics-service/SSLDomainin-cftbulkprintstg
2021-03-31 18:38:52 DEBUG 		nonprod/calculated-metrics-service/SSLDomainin-cftpalononprodldataperf
2021-03-31 18:38:52 DEBUG 		nonprod/calculated-metrics-service/SSLDomainout-cftidamperf
2021-03-31 18:38:52 DEBUG 		nonprod/calculated-metrics-service/SSLDomainout-cftbulkprintstg
2021-03-31 18:38:52 DEBUG 		nonprod/calculated-metrics-service/SSLDomainin-cftccdperf
2021-03-31 18:38:52 DEBUG 		nonprod/calculated-metrics-service/SSLDomainout-cftprobateperf
2021-03-31 18:38:52 DEBUG 		nonprod/calculated-metrics-service/SSLDomainout-cftimmigrationandasylumstg
2021-03-31 18:38:52 DEBUG 		nonprod/calculated-metrics-service/SSLDomainout-cftfinancialremedystg
2021-03-31 18:38:52 DEBUG 		nonprod/calculated-metrics-service/SSLDomainin-cftfeespaymentsperf
2021-03-31 18:38:52 DEBUG 		nonprod/calculated-metrics-service/SSLDomainin-cftecmperf
2021-03-31 18:38:52 DEBUG 		nonprod/calculated-metrics-service/SSLDomainout-cftbulkscanstg
2021-03-31 18:38:52 DEBUG 		nonprod/calculated-metrics-service/SSLDomainin-cftecmldata
2021-03-31 18:38:52 DEBUG 		nonprod/calculated-metrics-service/SSLDomainout-cftaccessmanagementperf
2021-03-31 18:38:52 DEBUG 		nonprod/calculated-metrics-service/SSLDomainout-cftxuistg
2021-03-31 18:38:52 DEBUG 		nonprod/calculated-metrics-service/SSLDomainout-cftsscsperf
2021-03-31 18:38:52 DEBUG 		nonprod/calculated-metrics-service/SSLDomainout-cftsscsstg
2021-03-31 18:38:52 DEBUG 		nonprod/calculated-metrics-service/SSLDomainout-cftfamilypubliclawstg
2021-03-31 18:38:52 DEBUG 		nonprod/calculated-metrics-service/SSLDomainin-cftevidencemanagementstg
2021-03-31 18:38:52 DEBUG 		nonprod/calculated-metrics-service/SSLDomainout-cftpcqperf
2021-03-31 18:38:52 DEBUG 		nonprod/calculated-metrics-service/SSLDomainin-cftdivorceperf
2021-03-31 18:38:52 DEBUG 		nonprod/calculated-metrics-service/SSLDomainout-cftbulkprintperf
2021-03-31 18:38:52 DEBUG 		nonprod/calculated-metrics-service/SSLDomainin-cftprofessionalreferencedataestg
2021-03-31 18:38:52 DEBUG 		nonprod/calculated-metrics-service/SSLDomainin-cftimmigrationandasylumperf
2021-03-31 18:38:52 DEBUG Processing file: nonprod/calculated-metrics-service/calculated-metrics-service.yaml
2021-03-31 18:38:52 DEBUG Processing file: nonprod/management-zone/management-zone.yaml
2021-03-31 18:38:52 DEBUG 		nonprod/calculated-metrics-service/SSLDomainin-cftimmigrationandasylumstg has dep on nonprod/management-zone/CFT-ImmigrationandAsylum-Staging
2021-03-31 18:38:52 DEBUG 		nonprod/calculated-metrics-service/SSLDomainout-cftimmigrationandasylumstg has dep on nonprod/management-zone/CFT-ImmigrationandAsylum-Staging
2021-03-31 18:38:52 DEBUG 		nonprod/calculated-metrics-service/SSLDomainout-cftidamstg has dep on nonprod/management-zone/CFT-IDAM-Sandbox
2021-03-31 18:38:52 DEBUG 		nonprod/calculated-metrics-service/SSLDomainout-cftidamsbox has dep on nonprod/management-zone/CFT-IDAM-Sandbox
2021-03-31 18:38:52 DEBUG 		nonprod/calculated-metrics-service/SSLDomainin-cftidamstg has dep on nonprod/management-zone/CFT-IDAM-Sandbox
2021-03-31 18:38:52 DEBUG 		nonprod/calculated-metrics-service/SSLDomainin-cftidamsbox has dep on nonprod/management-zone/CFT-IDAM-Sandbox
2021-03-31 18:38:52 DEBUG 		nonprod/calculated-metrics-service/SSLDomainin-cftfinancialremedyperf has dep on nonprod/management-zone/CFT-FinancialRemedy-Perf
2021-03-31 18:38:52 DEBUG 		nonprod/calculated-metrics-service/SSLDomainout-cftfinancialremedyperf has dep on nonprod/management-zone/CFT-FinancialRemedy-Perf
2021-03-31 18:38:52 DEBUG 		nonprod/calculated-metrics-service/SSLDomainin-cftpcqstg has dep on nonprod/management-zone/CFT-PCQ-Staging
2021-03-31 18:38:52 DEBUG 		nonprod/calculated-metrics-service/SSLDomainout-cftpcqstg has dep on nonprod/management-zone/CFT-PCQ-Staging
2021-03-31 18:38:52 DEBUG 		nonprod/calculated-metrics-service/SSLDomainin-cftpcqperf has dep on nonprod/management-zone/CFT-PCQ-Perf
2021-03-31 18:38:52 DEBUG 		nonprod/calculated-metrics-service/SSLDomainout-cftpcqperf has dep on nonprod/management-zone/CFT-PCQ-Perf
2021-03-31 18:38:52 DEBUG 		nonprod/calculated-metrics-service/SSLDomainout-cftecmstg has dep on nonprod/management-zone/CFT-ECM-Staging
2021-03-31 18:38:52 DEBUG 		nonprod/calculated-metrics-service/SSLDomainin-cftecmstg has dep on nonprod/management-zone/CFT-ECM-Staging
2021-03-31 18:38:52 DEBUG 		nonprod/calculated-metrics-service/SSLDomainin-cftbulkscanperf has dep on nonprod/management-zone/CFT-BulkScan-Perf
2021-03-31 18:38:52 DEBUG 		nonprod/calculated-metrics-service/SSLDomainout-cftbulkscanperf has dep on nonprod/management-zone/CFT-BulkScan-Perf
2021-03-31 18:38:52 DEBUG 		nonprod/calculated-metrics-service/SSLDomainin-cftcivilmoneyclaimsstg has dep on nonprod/management-zone/CFT-CivilMoneyClaims-Staging
2021-03-31 18:38:52 DEBUG 		nonprod/calculated-metrics-service/SSLDomainout-cftcivilmoneyclaimsstg has dep on nonprod/management-zone/CFT-CivilMoneyClaims-Staging
2021-03-31 18:38:52 DEBUG 		nonprod/calculated-metrics-service/SSLDomainout-cftpalononprodldataperf has dep on nonprod/management-zone/CFT-PaloNon-ProdPerfLDATA
2021-03-31 18:38:52 DEBUG 		nonprod/calculated-metrics-service/SSLDomainin-cftpalononprodldataperf has dep on nonprod/management-zone/CFT-PaloNon-ProdPerfLDATA
2021-03-31 18:38:52 DEBUG 		nonprod/calculated-metrics-service/SSLDomainin-cftevidencemanagementstg has dep on nonprod/management-zone/CFT-EvidenceManagement-Staging
2021-03-31 18:38:52 DEBUG 		nonprod/calculated-metrics-service/SSLDomainout-cftevidencemanagementstg has dep on nonprod/management-zone/CFT-EvidenceManagement-Staging
2021-03-31 18:38:52 DEBUG 		nonprod/calculated-metrics-service/SSLDomainin-cftfamilypubliclawstg has dep on nonprod/management-zone/CFT-FamilyPublicLaw-Staging
2021-03-31 18:38:52 DEBUG 		nonprod/calculated-metrics-service/SSLDomainout-cftfamilypubliclawstg has dep on nonprod/management-zone/CFT-FamilyPublicLaw-Staging
2021-03-31 18:38:52 DEBUG 		nonprod/calculated-metrics-service/SSLDomainout-cftprobatestg has dep on nonprod/management-zone/CFT-Probate-Staging
2021-03-31 18:38:52 DEBUG 		nonprod/calculated-metrics-service/SSLDomainin-cftprobatestg has dep on nonprod/management-zone/CFT-Probate-Staging
2021-03-31 18:38:52 DEBUG 		nonprod/calculated-metrics-service/SSLDomainin-cftforgerockstg has dep on nonprod/management-zone/CFT-Forgerock-Staging
2021-03-31 18:38:52 DEBUG 		nonprod/calculated-metrics-service/SSLDomainout-cftforgerockstg has dep on nonprod/management-zone/CFT-Forgerock-Staging
2021-03-31 18:38:52 DEBUG 		nonprod/calculated-metrics-service/SSLDomainin-cftdivorceperf has dep on nonprod/management-zone/CFT-Divorce-Perf
2021-03-31 18:38:52 DEBUG 		nonprod/calculated-metrics-service/SSLDomainout-cftdivorceperf has dep on nonprod/management-zone/CFT-Divorce-Perf
2021-03-31 18:38:52 DEBUG 		nonprod/calculated-metrics-service/SSLDomainout-cftelasticsearchstg has dep on nonprod/management-zone/CFT-Elasticsearch-Staging
2021-03-31 18:38:52 DEBUG 		nonprod/calculated-metrics-service/SSLDomainin-cftelasticsearchstg has dep on nonprod/management-zone/CFT-Elasticsearch-Staging
2021-03-31 18:38:52 DEBUG 		nonprod/calculated-metrics-service/SSLDomainout-cftbulkprintstg has dep on nonprod/management-zone/CFT-Bulkprint-Staging
2021-03-31 18:38:52 DEBUG 		nonprod/calculated-metrics-service/SSLDomainin-cftbulkprintstg has dep on nonprod/management-zone/CFT-Bulkprint-Staging
2021-03-31 18:38:52 DEBUG 		nonprod/calculated-metrics-service/SSLDomainin-cftlegalrepcmcunspec has dep on nonprod/management-zone/CFT-LegalRepCMCUnspec
2021-03-31 18:38:52 DEBUG 		nonprod/calculated-metrics-service/SSLDomainout-cftlegalrepcmcunspec has dep on nonprod/management-zone/CFT-LegalRepCMCUnspec
2021-03-31 18:38:52 DEBUG 		nonprod/calculated-metrics-service/SSLDomainout-cftdivorcestg has dep on nonprod/management-zone/CFT-Divorce-Staging
2021-03-31 18:38:52 DEBUG 		nonprod/calculated-metrics-service/SSLDomainin-cftdivorcestg has dep on nonprod/management-zone/CFT-Divorce-Staging
2021-03-31 18:38:52 DEBUG 		nonprod/calculated-metrics-service/SSLDomainin-cftsscsperf has dep on nonprod/management-zone/CFT-SSCS-Perf
2021-03-31 18:38:52 DEBUG 		nonprod/calculated-metrics-service/SSLDomainout-cftsscsperf has dep on nonprod/management-zone/CFT-SSCS-Perf
2021-03-31 18:38:52 DEBUG 		nonprod/calculated-metrics-service/SSLDomainout-cftimmigrationandasylumperf has dep on nonprod/management-zone/CFT-ImmigrationandAsylum-Perf
2021-03-31 18:38:52 DEBUG 		nonprod/calculated-metrics-service/SSLDomainin-cftimmigrationandasylumperf has dep on nonprod/management-zone/CFT-ImmigrationandAsylum-Perf
2021-03-31 18:38:52 DEBUG 		nonprod/calculated-metrics-service/SSLDomainin-cftbulkscanstg has dep on nonprod/management-zone/CFT-BulkScan-Staging
2021-03-31 18:38:52 DEBUG 		nonprod/calculated-metrics-service/SSLDomainout-cftbulkscanstg has dep on nonprod/management-zone/CFT-BulkScan-Staging
2021-03-31 18:38:52 DEBUG 		nonprod/calculated-metrics-service/SSLDomainout-cftccdstg has dep on nonprod/management-zone/CFT-CCD-Staging
2021-03-31 18:38:52 DEBUG 		nonprod/calculated-metrics-service/SSLDomainin-cftccdstg has dep on nonprod/management-zone/CFT-CCD-Staging
2021-03-31 18:38:52 DEBUG 		nonprod/calculated-metrics-service/SSLDomainout-cftccdperf has dep on nonprod/management-zone/CFT-CCD-Perf
2021-03-31 18:38:52 DEBUG 		nonprod/calculated-metrics-service/SSLDomainin-cftccdperf has dep on nonprod/management-zone/CFT-CCD-Perf
2021-03-31 18:38:52 DEBUG 		nonprod/calculated-metrics-service/SSLDomainin-cftprobateperf has dep on nonprod/management-zone/CFT-Probate-Perf
2021-03-31 18:38:52 DEBUG 		nonprod/calculated-metrics-service/SSLDomainout-cftprobateperf has dep on nonprod/management-zone/CFT-Probate-Perf
2021-03-31 18:38:52 DEBUG 		nonprod/calculated-metrics-service/SSLDomainin-cftfinancialremedystg has dep on nonprod/management-zone/CFT-FinancialRemedy-Staging
2021-03-31 18:38:52 DEBUG 		nonprod/calculated-metrics-service/SSLDomainout-cftfinancialremedystg has dep on nonprod/management-zone/CFT-FinancialRemedy-Staging
2021-03-31 18:38:52 DEBUG 		nonprod/calculated-metrics-service/SSLDomainin-cftaccessmanagementstg has dep on nonprod/management-zone/CFT-AccessManagement-Staging
2021-03-31 18:38:52 DEBUG 		nonprod/calculated-metrics-service/SSLDomainout-cftaccessmanagementstg has dep on nonprod/management-zone/CFT-AccessManagement-Staging
2021-03-31 18:38:52 DEBUG 		nonprod/calculated-metrics-service/SSLDomainout-cftecmldata has dep on nonprod/management-zone/CFT-ECM-LDATA
2021-03-31 18:38:52 DEBUG 		nonprod/calculated-metrics-service/SSLDomainin-cftecmldata has dep on nonprod/management-zone/CFT-ECM-LDATA
2021-03-31 18:38:52 DEBUG 		nonprod/calculated-metrics-service/SSLDomainin-cftxuiperf has dep on nonprod/management-zone/CFT-XUI-Perf
2021-03-31 18:38:52 DEBUG 		nonprod/calculated-metrics-service/SSLDomainout-cftxuiperf has dep on nonprod/management-zone/CFT-XUI-Perf
2021-03-31 18:38:52 DEBUG 		nonprod/calculated-metrics-service/SSLDomainin-cftldata has dep on nonprod/management-zone/CFT-LDATA
2021-03-31 18:38:52 DEBUG 		nonprod/calculated-metrics-service/SSLDomainout-cftldata has dep on nonprod/management-zone/CFT-LDATA
2021-03-31 18:38:52 DEBUG 		nonprod/calculated-metrics-service/SSLDomainin-cftcivilunspecstg has dep on nonprod/management-zone/CFT-CivilUnspec-Staging
2021-03-31 18:38:52 DEBUG 		nonprod/calculated-metrics-service/SSLDomainout-cftcivilunspecstg has dep on nonprod/management-zone/CFT-CivilUnspec-Staging
2021-03-31 18:38:52 DEBUG 		nonprod/calculated-metrics-service/SSLDomainin-cftprofessionalreferencedataeperf has dep on nonprod/management-zone/CFT-ProfessionalReferenceData-Perf
2021-03-31 18:38:52 DEBUG 		nonprod/calculated-metrics-service/SSLDomainout-cftprofessionalreferencedataeperf has dep on nonprod/management-zone/CFT-ProfessionalReferenceData-Perf
2021-03-31 18:38:52 DEBUG 		nonprod/calculated-metrics-service/SSLDomainin-cftfamilypubliclawperf has dep on nonprod/management-zone/CFT-FamilyPublicLaw-Perf
2021-03-31 18:38:52 DEBUG 		nonprod/calculated-metrics-service/SSLDomainout-cftfamilypubliclawperf has dep on nonprod/management-zone/CFT-FamilyPublicLaw-Perf
2021-03-31 18:38:52 DEBUG 		nonprod/calculated-metrics-service/SSLDomainin-cftfeespaymentsperf has dep on nonprod/management-zone/CFT-FamilyPublicLaw-Perf
2021-03-31 18:38:52 DEBUG 		nonprod/calculated-metrics-service/SSLDomainout-cftfeespaymentsperf has dep on nonprod/management-zone/CFT-FamilyPublicLaw-Perf
2021-03-31 18:38:52 DEBUG 		nonprod/calculated-metrics-service/SSLDomainin-cftprofessionalreferencedataestg has dep on nonprod/management-zone/CFT-ProfessionalReferenceData-Staging
2021-03-31 18:38:52 DEBUG 		nonprod/calculated-metrics-service/SSLDomainout-cftprofessionalreferencedataestg has dep on nonprod/management-zone/CFT-ProfessionalReferenceData-Staging
2021-03-31 18:38:52 DEBUG 		nonprod/calculated-metrics-service/SSLDomainin-cftecmperf has dep on nonprod/management-zone/CFT-ECM-Perf
2021-03-31 18:38:52 DEBUG 		nonprod/calculated-metrics-service/SSLDomainout-cftecmperf has dep on nonprod/management-zone/CFT-ECM-Perf
2021-03-31 18:38:52 DEBUG 		nonprod/calculated-metrics-service/SSLDomainin-cftsscsstg has dep on nonprod/management-zone/CFT-SSCS-Staging
2021-03-31 18:38:52 DEBUG 		nonprod/calculated-metrics-service/SSLDomainout-cftsscsstg has dep on nonprod/management-zone/CFT-SSCS-Staging
2021-03-31 18:38:52 DEBUG 		nonprod/calculated-metrics-service/SSLDomainout-cftidamperf has dep on nonprod/management-zone/CFT-IDAM-Perf
2021-03-31 18:38:52 DEBUG 		nonprod/calculated-metrics-service/SSLDomainin-cftidamperf has dep on nonprod/management-zone/CFT-IDAM-Perf
2021-03-31 18:38:52 DEBUG 		nonprod/calculated-metrics-service/SSLDomainin-cftxuistg has dep on nonprod/management-zone/CFT-XUI-Staging
2021-03-31 18:38:52 DEBUG 		nonprod/calculated-metrics-service/SSLDomainout-cftxuistg has dep on nonprod/management-zone/CFT-XUI-Staging
2021-03-31 18:38:52 DEBUG 		nonprod/calculated-metrics-service/SSLDomainout-cftbulkprintperf has dep on nonprod/management-zone/CFT-Bulkprint-Perf
2021-03-31 18:38:52 DEBUG 		nonprod/calculated-metrics-service/SSLDomainin-cftbulkprintperf has dep on nonprod/management-zone/CFT-Bulkprint-Perf
2021-03-31 18:38:52 DEBUG 		nonprod/calculated-metrics-service/SSLDomainin-cftevidencemanagementperf has dep on nonprod/management-zone/CFT-EvidenceManagement-Perf
2021-03-31 18:38:52 DEBUG 		nonprod/calculated-metrics-service/SSLDomainout-cftevidencemanagementperf has dep on nonprod/management-zone/CFT-EvidenceManagement-Perf
2021-03-31 18:38:52 DEBUG 		nonprod/calculated-metrics-service/SSLDomainout-cftelasticsearchperf has dep on nonprod/management-zone/CFT-Elasticsearch-Perf
2021-03-31 18:38:52 DEBUG 		nonprod/calculated-metrics-service/SSLDomainin-cftelasticsearchperf has dep on nonprod/management-zone/CFT-Elasticsearch-Perf
2021-03-31 18:38:52 DEBUG 		nonprod/calculated-metrics-service/SSLDomainin-cftaccessmanagementperf has dep on nonprod/management-zone/CFT-AccessManagement-Perf
2021-03-31 18:38:52 DEBUG 		nonprod/calculated-metrics-service/SSLDomainout-cftaccessmanagementperf has dep on nonprod/management-zone/CFT-AccessManagement-Perf
2021-03-31 18:38:52 DEBUG 		nonprod/calculated-metrics-service/SSLDomainin-cftfeespaymentsstg has dep on nonprod/management-zone/CFT-FeesPayments-Staging
2021-03-31 18:38:52 DEBUG 		nonprod/management-zone/CFT-SSCS-Staging
2021-03-31 18:38:52 DEBUG 		nonprod/management-zone/CFT-ProfessionalReferenceData-Staging
2021-03-31 18:38:52 DEBUG 		nonprod/management-zone/CFT-ImmigrationandAsylum-Staging
2021-03-31 18:38:52 DEBUG 		nonprod/management-zone/CFT-IDAM-Perf
2021-03-31 18:38:52 DEBUG 		nonprod/management-zone/CFT-FinancialRemedy-Staging
2021-03-31 18:38:52 DEBUG 		nonprod/management-zone/CFT-ECM-Staging
2021-03-31 18:38:52 DEBUG 		nonprod/management-zone/CFT-CivilMoneyClaims-Staging
2021-03-31 18:38:52 DEBUG 		nonprod/management-zone/CFT-PCQ-Perf
2021-03-31 18:38:52 DEBUG 		nonprod/management-zone/CFT-PaloNon-ProdPerfLDATA
2021-03-31 18:38:52 DEBUG 		nonprod/management-zone/CFT-LegalRepCMCUnspec
2021-03-31 18:38:52 DEBUG 		nonprod/management-zone/CFT-Forgerock-Staging
2021-03-31 18:38:52 DEBUG 		nonprod/management-zone/CFT-Divorce-Staging
2021-03-31 18:38:52 DEBUG 		nonprod/management-zone/CFT-Bulkprint-Staging
2021-03-31 18:38:52 DEBUG 		nonprod/management-zone/CFT-XUI-Staging
2021-03-31 18:38:52 DEBUG 		nonprod/management-zone/CFT-Probate-Perf
2021-03-31 18:38:52 DEBUG 		nonprod/management-zone/CFT-FamilyPublicLaw-Perf
2021-03-31 18:38:52 DEBUG 		nonprod/management-zone/CFT-FamilyPublicLaw-Staging
2021-03-31 18:38:52 DEBUG 		nonprod/management-zone/CFT-Elasticsearch-Staging
2021-03-31 18:38:52 DEBUG 		nonprod/management-zone/CFT-SSCS-Perf
2021-03-31 18:38:52 DEBUG 		nonprod/management-zone/CFT-CivilUnspec-Staging
2021-03-31 18:38:52 DEBUG 		nonprod/management-zone/CFT-CCD-Perf
2021-03-31 18:38:52 DEBUG 		nonprod/management-zone/CFT-XUI-Perf
2021-03-31 18:38:52 DEBUG 		nonprod/management-zone/CFT-Bulkprint-Perf
2021-03-31 18:38:52 DEBUG 		nonprod/management-zone/CFT-IDAM-Sandbox
2021-03-31 18:38:52 DEBUG 		nonprod/management-zone/CFT-EvidenceManagement-Perf
2021-03-31 18:38:52 DEBUG 		nonprod/management-zone/CFT-ProfessionalReferenceData-Perf
2021-03-31 18:38:52 DEBUG 		nonprod/management-zone/CFT-PCQ-Staging
2021-03-31 18:38:52 DEBUG 		nonprod/management-zone/CFT-ImmigrationandAsylum-Perf
2021-03-31 18:38:52 DEBUG 		nonprod/management-zone/CFT-BulkScan-Staging
2021-03-31 18:38:52 DEBUG 		nonprod/management-zone/CFT-AccessManagement-Staging
2021-03-31 18:38:52 DEBUG 		nonprod/management-zone/CFT-Elasticsearch-Perf
2021-03-31 18:38:52 DEBUG 		nonprod/management-zone/CFT-ECM-LDATA
2021-03-31 18:38:52 DEBUG 		nonprod/management-zone/CFT-Divorce-Perf
2021-03-31 18:38:52 DEBUG 		nonprod/management-zone/CFT-BulkScan-Perf
2021-03-31 18:38:52 DEBUG 		nonprod/management-zone/CFT-CCD-Staging
2021-03-31 18:38:52 DEBUG 		nonprod/management-zone/CFT-Probate-Staging
2021-03-31 18:38:52 DEBUG 		nonprod/management-zone/CFT-LDATA
2021-03-31 18:38:52 DEBUG 		nonprod/management-zone/CFT-FinancialRemedy-Perf
2021-03-31 18:38:52 DEBUG 		nonprod/management-zone/CFT-EvidenceManagement-Staging
2021-03-31 18:38:52 DEBUG 		nonprod/management-zone/CFT-FeesPayments-Staging
2021-03-31 18:38:52 DEBUG 		nonprod/management-zone/CFT-AccessManagement-Perf
2021-03-31 18:38:52 DEBUG 		nonprod/management-zone/CFT-ECM-Perf
2021-03-31 18:38:52 DEBUG 		nonprod/management-zone/Crime-IdAM-NFT
2021-03-31 18:38:52 DEBUG 		nonprod/management-zone/CFT-FeesPayments-Perf
2021-03-31 18:38:52 DEBUG 		nonprod/management-zone/CFT-Staging
2021-03-31 18:38:52 DEBUG 		nonprod/management-zone/CFT-Perf
2021-03-31 18:38:52 DEBUG 		nonprod/management-zone/CFT-IDAM-Staging
2021-03-31 18:38:52 DEBUG 		nonprod/management-zone/CFT
2021-03-31 18:38:52 DEBUG 		nonprod/management-zone/Crime-CPNFT
2021-03-31 18:38:52 DEBUG 		nonprod/management-zone/CrimeCPMDV
2021-03-31 18:38:52 DEBUG 		nonprod/management-zone/DTS-HMI-Dev
2021-03-31 18:38:52 DEBUG 		nonprod/management-zone/Crime
2021-03-31 18:38:52 DEBUG 		nonprod/management-zone/DTS-CVP-Staging
2021-03-31 18:38:52 DEBUG 		nonprod/management-zone/Crime-ROTANFT
2021-03-31 18:38:52 DEBUG 		nonprod/management-zone/DTS-CVP-Perf
2021-03-31 18:38:52 DEBUG 		nonprod/calculated-metrics-service/SSLDomainout-cftsscsstg
2021-03-31 18:38:52 DEBUG 		nonprod/calculated-metrics-service/SSLDomainout-cftprofessionalreferencedataestg
2021-03-31 18:38:52 DEBUG 		nonprod/calculated-metrics-service/SSLDomainout-cftimmigrationandasylumstg
2021-03-31 18:38:52 DEBUG 		nonprod/calculated-metrics-service/SSLDomainin-cftidamperf
2021-03-31 18:38:52 DEBUG 		nonprod/calculated-metrics-service/SSLDomainout-cftfinancialremedystg
2021-03-31 18:38:52 DEBUG 		nonprod/calculated-metrics-service/SSLDomainin-cftecmstg
2021-03-31 18:38:52 DEBUG 		nonprod/calculated-metrics-service/SSLDomainout-cftcivilmoneyclaimsstg
2021-03-31 18:38:52 DEBUG 		nonprod/calculated-metrics-service/SSLDomainout-cftpcqperf
2021-03-31 18:38:52 DEBUG 		nonprod/calculated-metrics-service/SSLDomainin-cftpalononprodldataperf
2021-03-31 18:38:52 DEBUG 		nonprod/calculated-metrics-service/SSLDomainout-cftlegalrepcmcunspec
2021-03-31 18:38:52 DEBUG 		nonprod/calculated-metrics-service/SSLDomainout-cftforgerockstg
2021-03-31 18:38:52 DEBUG 		nonprod/calculated-metrics-service/SSLDomainout-cftecmstg
2021-03-31 18:38:52 DEBUG 		nonprod/calculated-metrics-service/SSLDomainin-cftdivorcestg
2021-03-31 18:38:52 DEBUG 		nonprod/calculated-metrics-service/SSLDomainin-cftbulkprintstg
2021-03-31 18:38:52 DEBUG 		nonprod/calculated-metrics-service/SSLDomainout-cftxuistg
2021-03-31 18:38:52 DEBUG 		nonprod/calculated-metrics-service/SSLDomainout-cftprobateperf
2021-03-31 18:38:52 DEBUG 		nonprod/calculated-metrics-service/SSLDomainout-cftfeespaymentsperf
2021-03-31 18:38:52 DEBUG 		nonprod/calculated-metrics-service/SSLDomainout-cftfamilypubliclawstg
2021-03-31 18:38:52 DEBUG 		nonprod/calculated-metrics-service/SSLDomainin-cftelasticsearchstg
2021-03-31 18:38:52 DEBUG 		nonprod/calculated-metrics-service/SSLDomainout-cftsscsperf
2021-03-31 18:38:52 DEBUG 		nonprod/calculated-metrics-service/SSLDomainout-cftcivilunspecstg
2021-03-31 18:38:52 DEBUG 		nonprod/calculated-metrics-service/SSLDomainin-cftcivilmoneyclaimsstg
2021-03-31 18:38:52 DEBUG 		nonprod/calculated-metrics-service/SSLDomainin-cftccdperf
2021-03-31 18:38:52 DEBUG 		nonprod/calculated-metrics-service/SSLDomainout-cftxuiperf
2021-03-31 18:38:52 DEBUG 		nonprod/calculated-metrics-service/SSLDomainin-cftsscsperf
2021-03-31 18:38:52 DEBUG 		nonprod/calculated-metrics-service/SSLDomainout-cftelasticsearchstg
2021-03-31 18:38:52 DEBUG 		nonprod/calculated-metrics-service/SSLDomainout-cftbulkprintstg
2021-03-31 18:38:52 DEBUG 		nonprod/calculated-metrics-service/SSLDomainin-cftbulkprintperf
2021-03-31 18:38:52 DEBUG 		nonprod/calculated-metrics-service/SSLDomainin-cftlegalrepcmcunspec
2021-03-31 18:38:52 DEBUG 		nonprod/calculated-metrics-service/SSLDomainin-cftidamsbox
2021-03-31 18:38:52 DEBUG 		nonprod/calculated-metrics-service/SSLDomainout-cftevidencemanagementperf
2021-03-31 18:38:52 DEBUG 		nonprod/calculated-metrics-service/SSLDomainout-cftdivorcestg
2021-03-31 18:38:52 DEBUG 		nonprod/calculated-metrics-service/SSLDomainout-cftprofessionalreferencedataeperf
2021-03-31 18:38:52 DEBUG 		nonprod/calculated-metrics-service/SSLDomainout-cftpcqstg
2021-03-31 18:38:52 DEBUG 		nonprod/calculated-metrics-service/SSLDomainin-cftimmigrationandasylumperf
2021-03-31 18:38:52 DEBUG 		nonprod/calculated-metrics-service/SSLDomainin-cftidamstg
2021-03-31 18:38:52 DEBUG 		nonprod/calculated-metrics-service/SSLDomainin-cftfeespaymentsperf
2021-03-31 18:38:52 DEBUG 		nonprod/calculated-metrics-service/SSLDomainin-cftevidencemanagementperf
2021-03-31 18:38:52 DEBUG 		nonprod/calculated-metrics-service/SSLDomainout-cftbulkscanstg
2021-03-31 18:38:52 DEBUG 		nonprod/calculated-metrics-service/SSLDomainout-cftaccessmanagementstg
2021-03-31 18:38:52 DEBUG 		nonprod/calculated-metrics-service/SSLDomainin-cftelasticsearchperf
2021-03-31 18:38:52 DEBUG 		nonprod/calculated-metrics-service/SSLDomainin-cftecmldata
2021-03-31 18:38:52 DEBUG 		nonprod/calculated-metrics-service/SSLDomainout-cftdivorceperf
2021-03-31 18:38:52 DEBUG 		nonprod/calculated-metrics-service/SSLDomainin-cftdivorceperf
2021-03-31 18:38:52 DEBUG 		nonprod/calculated-metrics-service/SSLDomainout-cftbulkscanperf
2021-03-31 18:38:52 DEBUG 		nonprod/calculated-metrics-service/SSLDomainout-cftbulkprintperf
2021-03-31 18:38:52 DEBUG 		nonprod/calculated-metrics-service/SSLDomainin-cftccdstg
2021-03-31 18:38:52 DEBUG 		nonprod/calculated-metrics-service/SSLDomainin-cftprobatestg
2021-03-31 18:38:52 DEBUG 		nonprod/calculated-metrics-service/SSLDomainout-cftldata
2021-03-31 18:38:52 DEBUG 		nonprod/calculated-metrics-service/SSLDomainout-cftidamperf
2021-03-31 18:38:52 DEBUG 		nonprod/calculated-metrics-service/SSLDomainout-cftfamilypubliclawperf
2021-03-31 18:38:52 DEBUG 		nonprod/calculated-metrics-service/SSLDomainin-cftfamilypubliclawstg
2021-03-31 18:38:52 DEBUG 		nonprod/calculated-metrics-service/SSLDomainout-cftccdstg
2021-03-31 18:38:52 DEBUG 		nonprod/calculated-metrics-service/SSLDomainout-cftprobatestg
2021-03-31 18:38:52 DEBUG 		nonprod/calculated-metrics-service/SSLDomainin-cftforgerockstg
2021-03-31 18:38:52 DEBUG 		nonprod/calculated-metrics-service/SSLDomainout-cftfinancialremedyperf
2021-03-31 18:38:52 DEBUG 		nonprod/calculated-metrics-service/SSLDomainin-cftfamilypubliclawperf
2021-03-31 18:38:52 DEBUG 		nonprod/calculated-metrics-service/SSLDomainout-cftevidencemanagementstg
2021-03-31 18:38:52 DEBUG 		nonprod/calculated-metrics-service/SSLDomainout-cftelasticsearchperf
2021-03-31 18:38:52 DEBUG 		nonprod/calculated-metrics-service/SSLDomainout-cftimmigrationandasylumperf
2021-03-31 18:38:52 DEBUG 		nonprod/calculated-metrics-service/SSLDomainin-cftevidencemanagementstg
2021-03-31 18:38:52 DEBUG 		nonprod/calculated-metrics-service/SSLDomainin-cftfeespaymentsstg
2021-03-31 18:38:52 DEBUG 		nonprod/calculated-metrics-service/SSLDomainin-cftprofessionalreferencedataeperf
2021-03-31 18:38:52 DEBUG 		nonprod/calculated-metrics-service/SSLDomainin-cftpcqperf
2021-03-31 18:38:52 DEBUG 		nonprod/calculated-metrics-service/SSLDomainin-cftldata
2021-03-31 18:38:52 DEBUG 		nonprod/calculated-metrics-service/SSLDomainout-cftidamsbox
2021-03-31 18:38:52 DEBUG 		nonprod/calculated-metrics-service/SSLDomainin-cftbulkscanstg
2021-03-31 18:38:52 DEBUG 		nonprod/calculated-metrics-service/SSLDomainin-cftaccessmanagementstg
2021-03-31 18:38:52 DEBUG 		nonprod/calculated-metrics-service/SSLDomainout-cftaccessmanagementperf
2021-03-31 18:38:52 DEBUG 		nonprod/calculated-metrics-service/SSLDomainin-cftsscsstg
2021-03-31 18:38:52 DEBUG 		nonprod/calculated-metrics-service/SSLDomainin-cftimmigrationandasylumstg
2021-03-31 18:38:52 DEBUG 		nonprod/calculated-metrics-service/SSLDomainin-cftfinancialremedyperf
2021-03-31 18:38:52 DEBUG 		nonprod/calculated-metrics-service/SSLDomainin-cftfinancialremedystg
2021-03-31 18:38:52 DEBUG 		nonprod/calculated-metrics-service/SSLDomainout-cftecmperf
2021-03-31 18:38:52 DEBUG 		nonprod/calculated-metrics-service/SSLDomainout-cftecmldata
2021-03-31 18:38:52 DEBUG 		nonprod/calculated-metrics-service/SSLDomainin-cftprobateperf
2021-03-31 18:38:52 DEBUG 		nonprod/calculated-metrics-service/SSLDomainin-cftpcqstg
2021-03-31 18:38:52 DEBUG 		nonprod/calculated-metrics-service/SSLDomainout-cftpalononprodldataperf
2021-03-31 18:38:52 DEBUG 		nonprod/calculated-metrics-service/SSLDomainin-cftecmperf
2021-03-31 18:38:52 DEBUG 		nonprod/calculated-metrics-service/SSLDomainin-cftxuiperf
2021-03-31 18:38:52 DEBUG 		nonprod/calculated-metrics-service/SSLDomainin-cftxuistg
2021-03-31 18:38:52 DEBUG 		nonprod/calculated-metrics-service/SSLDomainin-cftbulkscanperf
2021-03-31 18:38:52 DEBUG 		nonprod/calculated-metrics-service/SSLDomainin-cftprofessionalreferencedataestg
2021-03-31 18:38:52 DEBUG 		nonprod/calculated-metrics-service/SSLDomainout-cftidamstg
2021-03-31 18:38:52 DEBUG 		nonprod/calculated-metrics-service/SSLDomainin-cftcivilunspecstg
2021-03-31 18:38:52 DEBUG 		nonprod/calculated-metrics-service/SSLDomainin-cftaccessmanagementperf
2021-03-31 18:38:52 DEBUG 		nonprod/calculated-metrics-service/SSLDomainout-cftccdperf
2021-03-31 18:38:52 DEBUG Sorting projects...
2021-03-31 18:38:52 INFO  Executing projects in this order: 
2021-03-31 18:38:52 INFO  	1: nonprod (142 configs)
2021-03-31 18:38:52 INFO  Processing environment nonprod...
2021-03-31 18:38:52 WARN  You used an old token format. Please consider switching to the new 1.205+ token format.
2021-03-31 18:38:52 WARN  More information: https://www.dynatrace.com/support/help/dynatrace-api/basics/dynatrace-api-authentication/#-dynatrace-version-1205--token-format
2021-03-31 18:38:52 INFO  	Processing project nonprod...
2021-03-31 18:38:52 DEBUG 		Deploying configs in this order: 
2021-03-31 18:38:52 DEBUG 			1: nonprod/management-zone/CFT-SSCS-Staging.json
2021-03-31 18:38:52 DEBUG 			2: nonprod/management-zone/CFT-ProfessionalReferenceData-Staging.json
2021-03-31 18:38:52 DEBUG 			3: nonprod/management-zone/CFT-ImmigrationandAsylum-Staging.json
2021-03-31 18:38:52 DEBUG 			4: nonprod/management-zone/CFT-IDAM-Perf.json
2021-03-31 18:38:52 DEBUG 			5: nonprod/management-zone/CFT-FinancialRemedy-Staging.json
2021-03-31 18:38:52 DEBUG 			6: nonprod/management-zone/CFT-ECM-Staging.json
2021-03-31 18:38:52 DEBUG 			7: nonprod/management-zone/CFT-CivilMoneyClaims-Staging.json
2021-03-31 18:38:52 DEBUG 			8: nonprod/management-zone/CFT-PCQ-Perf.json
2021-03-31 18:38:52 DEBUG 			9: nonprod/management-zone/CFT-PaloNon-ProdPerfLDATA.json
2021-03-31 18:38:52 DEBUG 			10: nonprod/management-zone/CFT-LegalRepCMCUnspec.json
2021-03-31 18:38:52 DEBUG 			11: nonprod/management-zone/CFT-Forgerock-Staging.json
2021-03-31 18:38:52 DEBUG 			12: nonprod/management-zone/CFT-Divorce-Staging.json
2021-03-31 18:38:52 DEBUG 			13: nonprod/management-zone/CFT-Bulkprint-Staging.json
2021-03-31 18:38:52 DEBUG 			14: nonprod/management-zone/CFT-XUI-Staging.json
2021-03-31 18:38:52 DEBUG 			15: nonprod/management-zone/CFT-Probate-Perf.json
2021-03-31 18:38:52 DEBUG 			16: nonprod/management-zone/CFT-FamilyPublicLaw-Perf.json
2021-03-31 18:38:52 DEBUG 			17: nonprod/management-zone/CFT-FamilyPublicLaw-Staging.json
2021-03-31 18:38:52 DEBUG 			18: nonprod/management-zone/CFT-Elasticsearch-Staging.json
2021-03-31 18:38:52 DEBUG 			19: nonprod/management-zone/CFT-SSCS-Perf.json
2021-03-31 18:38:52 DEBUG 			20: nonprod/management-zone/CFT-CivilUnspec-Staging.json
2021-03-31 18:38:52 DEBUG 			21: nonprod/management-zone/CFT-CCD-Perf.json
2021-03-31 18:38:52 DEBUG 			22: nonprod/management-zone/CFT-XUI-Perf.json
2021-03-31 18:38:52 DEBUG 			23: nonprod/management-zone/CFT-Bulkprint-Perf.json
2021-03-31 18:38:52 DEBUG 			24: nonprod/management-zone/CFT-IDAM-Sandbox.json
2021-03-31 18:38:52 DEBUG 			25: nonprod/management-zone/CFT-EvidenceManagement-Perf.json
2021-03-31 18:38:52 DEBUG 			26: nonprod/management-zone/CFT-ProfessionalReferenceData-Perf.json
2021-03-31 18:38:52 DEBUG 			27: nonprod/management-zone/CFT-PCQ-Staging.json
2021-03-31 18:38:52 DEBUG 			28: nonprod/management-zone/CFT-ImmigrationandAsylum-Perf.json
2021-03-31 18:38:52 DEBUG 			29: nonprod/management-zone/CFT-BulkScan-Staging.json
2021-03-31 18:38:52 DEBUG 			30: nonprod/management-zone/CFT-AccessManagement-Staging.json
2021-03-31 18:38:52 DEBUG 			31: nonprod/management-zone/CFT-Elasticsearch-Perf.json
2021-03-31 18:38:52 DEBUG 			32: nonprod/management-zone/CFT-ECM-LDATA.json
2021-03-31 18:38:52 DEBUG 			33: nonprod/management-zone/CFT-Divorce-Perf.json
2021-03-31 18:38:52 DEBUG 			34: nonprod/management-zone/CFT-BulkScan-Perf.json
2021-03-31 18:38:52 DEBUG 			35: nonprod/management-zone/CFT-CCD-Staging.json
2021-03-31 18:38:52 DEBUG 			36: nonprod/management-zone/CFT-Probate-Staging.json
2021-03-31 18:38:52 DEBUG 			37: nonprod/management-zone/CFT-LDATA.json
2021-03-31 18:38:52 DEBUG 			38: nonprod/management-zone/CFT-FinancialRemedy-Perf.json
2021-03-31 18:38:52 DEBUG 			39: nonprod/management-zone/CFT-EvidenceManagement-Staging.json
2021-03-31 18:38:52 DEBUG 			40: nonprod/management-zone/CFT-FeesPayments-Staging.json
2021-03-31 18:38:52 DEBUG 			41: nonprod/management-zone/CFT-AccessManagement-Perf.json
2021-03-31 18:38:52 DEBUG 			42: nonprod/management-zone/CFT-ECM-Perf.json
2021-03-31 18:38:52 DEBUG 			43: nonprod/management-zone/Crime-IdAM-NFT.json
2021-03-31 18:38:52 DEBUG 			44: nonprod/management-zone/CFT-FeesPayments-Perf.json
2021-03-31 18:38:52 DEBUG 			45: nonprod/management-zone/CFT-Staging.json
2021-03-31 18:38:52 DEBUG 			46: nonprod/management-zone/CFT-Perf.json
2021-03-31 18:38:52 DEBUG 			47: nonprod/management-zone/CFT-IDAM-Staging.json
2021-03-31 18:38:52 DEBUG 			48: nonprod/management-zone/CFT.json
2021-03-31 18:38:52 DEBUG 			49: nonprod/management-zone/Crime-CPNFT.json
2021-03-31 18:38:52 DEBUG 			50: nonprod/management-zone/CrimeCPMDV.json
2021-03-31 18:38:52 DEBUG 			51: nonprod/management-zone/DTS-HMI-Dev.json
2021-03-31 18:38:52 DEBUG 			52: nonprod/management-zone/Crime.json
2021-03-31 18:38:52 DEBUG 			53: nonprod/management-zone/DTS-CVP-Staging.json
2021-03-31 18:38:52 DEBUG 			54: nonprod/management-zone/Crime-ROTANFT.json
2021-03-31 18:38:52 DEBUG 			55: nonprod/management-zone/DTS-CVP-Perf.json
2021-03-31 18:38:52 DEBUG 			56: nonprod/calculated-metrics-service/SSLDomainout-template.json
2021-03-31 18:38:52 DEBUG 			57: nonprod/calculated-metrics-service/SSLDomainout-template.json
2021-03-31 18:38:52 DEBUG 			58: nonprod/calculated-metrics-service/SSLDomainout-template.json
2021-03-31 18:38:52 DEBUG 			59: nonprod/calculated-metrics-service/SSLDomainin-template.json
2021-03-31 18:38:52 DEBUG 			60: nonprod/calculated-metrics-service/SSLDomainout-template.json
2021-03-31 18:38:52 DEBUG 			61: nonprod/calculated-metrics-service/SSLDomainin-template.json
2021-03-31 18:38:52 DEBUG 			62: nonprod/calculated-metrics-service/SSLDomainout-template.json
2021-03-31 18:38:52 DEBUG 			63: nonprod/calculated-metrics-service/SSLDomainout-template.json
2021-03-31 18:38:52 DEBUG 			64: nonprod/calculated-metrics-service/SSLDomainin-template.json
2021-03-31 18:38:52 DEBUG 			65: nonprod/calculated-metrics-service/SSLDomainout-template.json
2021-03-31 18:38:52 DEBUG 			66: nonprod/calculated-metrics-service/SSLDomainout-template.json
2021-03-31 18:38:52 DEBUG 			67: nonprod/calculated-metrics-service/SSLDomainout-template.json
2021-03-31 18:38:52 DEBUG 			68: nonprod/calculated-metrics-service/SSLDomainin-template.json
2021-03-31 18:38:52 DEBUG 			69: nonprod/calculated-metrics-service/SSLDomainin-template.json
2021-03-31 18:38:52 DEBUG 			70: nonprod/calculated-metrics-service/SSLDomainout-template.json
2021-03-31 18:38:52 DEBUG 			71: nonprod/calculated-metrics-service/SSLDomainout-template.json
2021-03-31 18:38:52 DEBUG 			72: nonprod/calculated-metrics-service/SSLDomainout-template.json
2021-03-31 18:38:52 DEBUG 			73: nonprod/calculated-metrics-service/SSLDomainout-template.json
2021-03-31 18:38:52 DEBUG 			74: nonprod/calculated-metrics-service/SSLDomainin-template.json
2021-03-31 18:38:52 DEBUG 			75: nonprod/calculated-metrics-service/SSLDomainout-template.json
2021-03-31 18:38:52 DEBUG 			76: nonprod/calculated-metrics-service/SSLDomainout-template.json
2021-03-31 18:38:52 DEBUG 			77: nonprod/calculated-metrics-service/SSLDomainin-template.json
2021-03-31 18:38:52 DEBUG 			78: nonprod/calculated-metrics-service/SSLDomainin-template.json
2021-03-31 18:38:52 DEBUG 			79: nonprod/calculated-metrics-service/SSLDomainout-template.json
2021-03-31 18:38:52 DEBUG 			80: nonprod/calculated-metrics-service/SSLDomainin-template.json
2021-03-31 18:38:52 DEBUG 			81: nonprod/calculated-metrics-service/SSLDomainout-template.json
2021-03-31 18:38:52 DEBUG 			82: nonprod/calculated-metrics-service/SSLDomainout-template.json
2021-03-31 18:38:52 DEBUG 			83: nonprod/calculated-metrics-service/SSLDomainin-template.json
2021-03-31 18:38:52 DEBUG 			84: nonprod/calculated-metrics-service/SSLDomainin-template.json
2021-03-31 18:38:52 DEBUG 			85: nonprod/calculated-metrics-service/SSLDomainin-template.json
2021-03-31 18:38:52 DEBUG 			86: nonprod/calculated-metrics-service/SSLDomainout-template.json
2021-03-31 18:38:52 DEBUG 			87: nonprod/calculated-metrics-service/SSLDomainout-template.json
2021-03-31 18:38:52 DEBUG 			88: nonprod/calculated-metrics-service/SSLDomainout-template.json
2021-03-31 18:38:52 DEBUG 			89: nonprod/calculated-metrics-service/SSLDomainout-template.json
2021-03-31 18:38:52 DEBUG 			90: nonprod/calculated-metrics-service/SSLDomainin-template.json
2021-03-31 18:38:52 DEBUG 			91: nonprod/calculated-metrics-service/SSLDomainin-template.json
2021-03-31 18:38:52 DEBUG 			92: nonprod/calculated-metrics-service/SSLDomainin-template.json
2021-03-31 18:38:52 DEBUG 			93: nonprod/calculated-metrics-service/SSLDomainin-template.json
2021-03-31 18:38:52 DEBUG 			94: nonprod/calculated-metrics-service/SSLDomainout-template.json
2021-03-31 18:38:52 DEBUG 			95: nonprod/calculated-metrics-service/SSLDomainout-template.json
2021-03-31 18:38:52 DEBUG 			96: nonprod/calculated-metrics-service/SSLDomainin-template.json
2021-03-31 18:38:52 DEBUG 			97: nonprod/calculated-metrics-service/SSLDomainin-template.json
2021-03-31 18:38:52 DEBUG 			98: nonprod/calculated-metrics-service/SSLDomainout-template.json
2021-03-31 18:38:52 DEBUG 			99: nonprod/calculated-metrics-service/SSLDomainin-template.json
2021-03-31 18:38:52 DEBUG 			100: nonprod/calculated-metrics-service/SSLDomainout-template.json
2021-03-31 18:38:52 DEBUG 			101: nonprod/calculated-metrics-service/SSLDomainout-template.json
2021-03-31 18:38:52 DEBUG 			102: nonprod/calculated-metrics-service/SSLDomainin-template.json
2021-03-31 18:38:52 DEBUG 			103: nonprod/calculated-metrics-service/SSLDomainin-template.json
2021-03-31 18:38:52 DEBUG 			104: nonprod/calculated-metrics-service/SSLDomainout-template.json
2021-03-31 18:38:52 DEBUG 			105: nonprod/calculated-metrics-service/SSLDomainout-template.json
2021-03-31 18:38:52 DEBUG 			106: nonprod/calculated-metrics-service/SSLDomainout-template.json
2021-03-31 18:38:52 DEBUG 			107: nonprod/calculated-metrics-service/SSLDomainin-template.json
2021-03-31 18:38:52 DEBUG 			108: nonprod/calculated-metrics-service/SSLDomainout-template.json
2021-03-31 18:38:52 DEBUG 			109: nonprod/calculated-metrics-service/SSLDomainout-template.json
2021-03-31 18:38:52 DEBUG 			110: nonprod/calculated-metrics-service/SSLDomainin-template.json
2021-03-31 18:38:52 DEBUG 			111: nonprod/calculated-metrics-service/SSLDomainout-template.json
2021-03-31 18:38:52 DEBUG 			112: nonprod/calculated-metrics-service/SSLDomainin-template.json
2021-03-31 18:38:52 DEBUG 			113: nonprod/calculated-metrics-service/SSLDomainout-template.json
2021-03-31 18:38:52 DEBUG 			114: nonprod/calculated-metrics-service/SSLDomainout-template.json
2021-03-31 18:38:52 DEBUG 			115: nonprod/calculated-metrics-service/SSLDomainout-template.json
2021-03-31 18:38:52 DEBUG 			116: nonprod/calculated-metrics-service/SSLDomainin-template.json
2021-03-31 18:38:52 DEBUG 			117: nonprod/calculated-metrics-service/SSLDomainin-template.json
2021-03-31 18:38:52 DEBUG 			118: nonprod/calculated-metrics-service/SSLDomainin-template.json
2021-03-31 18:38:52 DEBUG 			119: nonprod/calculated-metrics-service/SSLDomainin-template.json
2021-03-31 18:38:52 DEBUG 			120: nonprod/calculated-metrics-service/SSLDomainin-template.json
2021-03-31 18:38:52 DEBUG 			121: nonprod/calculated-metrics-service/SSLDomainout-template.json
2021-03-31 18:38:52 DEBUG 			122: nonprod/calculated-metrics-service/SSLDomainin-template.json
2021-03-31 18:38:52 DEBUG 			123: nonprod/calculated-metrics-service/SSLDomainin-template.json
2021-03-31 18:38:52 DEBUG 			124: nonprod/calculated-metrics-service/SSLDomainout-template.json
2021-03-31 18:38:52 DEBUG 			125: nonprod/calculated-metrics-service/SSLDomainin-template.json
2021-03-31 18:38:52 DEBUG 			126: nonprod/calculated-metrics-service/SSLDomainin-template.json
2021-03-31 18:38:52 DEBUG 			127: nonprod/calculated-metrics-service/SSLDomainin-template.json
2021-03-31 18:38:52 DEBUG 			128: nonprod/calculated-metrics-service/SSLDomainin-template.json
2021-03-31 18:38:52 DEBUG 			129: nonprod/calculated-metrics-service/SSLDomainout-template.json
2021-03-31 18:38:52 DEBUG 			130: nonprod/calculated-metrics-service/SSLDomainout-template.json
2021-03-31 18:38:52 DEBUG 			131: nonprod/calculated-metrics-service/SSLDomainin-template.json
2021-03-31 18:38:52 DEBUG 			132: nonprod/calculated-metrics-service/SSLDomainin-template.json
2021-03-31 18:38:52 DEBUG 			133: nonprod/calculated-metrics-service/SSLDomainout-template.json
2021-03-31 18:38:52 DEBUG 			134: nonprod/calculated-metrics-service/SSLDomainin-template.json
2021-03-31 18:38:52 DEBUG 			135: nonprod/calculated-metrics-service/SSLDomainin-template.json
2021-03-31 18:38:52 DEBUG 			136: nonprod/calculated-metrics-service/SSLDomainin-template.json
2021-03-31 18:38:52 DEBUG 			137: nonprod/calculated-metrics-service/SSLDomainin-template.json
2021-03-31 18:38:52 DEBUG 			138: nonprod/calculated-metrics-service/SSLDomainin-template.json
2021-03-31 18:38:52 DEBUG 			139: nonprod/calculated-metrics-service/SSLDomainout-template.json
2021-03-31 18:38:52 DEBUG 			140: nonprod/calculated-metrics-service/SSLDomainin-template.json
2021-03-31 18:38:52 DEBUG 			141: nonprod/calculated-metrics-service/SSLDomainin-template.json
2021-03-31 18:38:52 DEBUG 			142: nonprod/calculated-metrics-service/SSLDomainout-template.json
2021-03-31 18:38:52 DEBUG 		Applying config `CFT - SSCS - Staging` using nonprod/management-zone/CFT-SSCS-Staging.json
2021-03-31 18:38:52 DEBUG 			Updated existing object for CFT - SSCS - Staging (2973408810216277986)
2021-03-31 18:38:52 DEBUG 		Applying config `CFT - Professional Reference Data - Staging` using nonprod/management-zone/CFT-ProfessionalReferenceData-Staging.json
2021-03-31 18:38:52 DEBUG 			Updated existing object for CFT - Professional Reference Data - Staging (-580548627215604779)
2021-03-31 18:38:52 DEBUG 		Applying config `CFT - Immigration and Asylum - Staging` using nonprod/management-zone/CFT-ImmigrationandAsylum-Staging.json
2021-03-31 18:38:52 DEBUG 			Updated existing object for CFT - Immigration and Asylum - Staging (-4089889617762575223)
2021-03-31 18:38:52 DEBUG 		Applying config `CFT - IDAM - Perf` using nonprod/management-zone/CFT-IDAM-Perf.json
2021-03-31 18:38:53 DEBUG 			Updated existing object for CFT - IDAM - Perf (-3398663330763206037)
2021-03-31 18:38:53 DEBUG 		Applying config `CFT - Financial Remedy - Staging` using nonprod/management-zone/CFT-FinancialRemedy-Staging.json
2021-03-31 18:38:53 DEBUG 			Updated existing object for CFT - Financial Remedy - Staging (8963009351614017628)
2021-03-31 18:38:53 DEBUG 		Applying config `CFT - ECM - Staging` using nonprod/management-zone/CFT-ECM-Staging.json
2021-03-31 18:38:53 DEBUG 			Updated existing object for CFT - ECM - Staging (6896837681189101869)
2021-03-31 18:38:53 DEBUG 		Applying config `CFT - Civil Money Claims - Staging` using nonprod/management-zone/CFT-CivilMoneyClaims-Staging.json
2021-03-31 18:38:53 DEBUG 			Updated existing object for CFT - Civil Money Claims - Staging (-3885368807402224751)
2021-03-31 18:38:53 DEBUG 		Applying config `CFT - PCQ - Perf` using nonprod/management-zone/CFT-PCQ-Perf.json
2021-03-31 18:38:53 DEBUG 			Updated existing object for CFT - PCQ - Perf (-3076451687663230434)
2021-03-31 18:38:53 DEBUG 		Applying config `CFT - Palo Non-Prod (Perf & LDATA)` using nonprod/management-zone/CFT-PaloNon-ProdPerfLDATA.json
2021-03-31 18:38:53 DEBUG 			Updated existing object for CFT - Palo Non-Prod (Perf & LDATA) (6194252696025770639)
2021-03-31 18:38:53 DEBUG 		Applying config `CFT - Legal Rep (CMC Unspec)` using nonprod/management-zone/CFT-LegalRepCMCUnspec.json
2021-03-31 18:38:53 DEBUG 			Updated existing object for CFT - Legal Rep (CMC Unspec) (7851556572616862299)
2021-03-31 18:38:53 DEBUG 		Applying config `CFT - Forgerock - Staging` using nonprod/management-zone/CFT-Forgerock-Staging.json
2021-03-31 18:38:53 DEBUG 			Updated existing object for CFT - Forgerock - Staging (5160175703577640998)
2021-03-31 18:38:53 DEBUG 		Applying config `CFT - Divorce - Staging` using nonprod/management-zone/CFT-Divorce-Staging.json
2021-03-31 18:38:53 DEBUG 			Updated existing object for CFT - Divorce - Staging (3696175387741850982)
2021-03-31 18:38:53 DEBUG 		Applying config `CFT - Bulkprint - Staging` using nonprod/management-zone/CFT-Bulkprint-Staging.json
2021-03-31 18:38:53 DEBUG 			Updated existing object for CFT - Bulkprint - Staging (5218331687741082108)
2021-03-31 18:38:53 DEBUG 		Applying config `CFT - XUI - Staging` using nonprod/management-zone/CFT-XUI-Staging.json
2021-03-31 18:38:53 DEBUG 			Updated existing object for CFT - XUI - Staging (8128977994886194449)
2021-03-31 18:38:53 DEBUG 		Applying config `CFT - Probate - Perf` using nonprod/management-zone/CFT-Probate-Perf.json
2021-03-31 18:38:53 DEBUG 			Updated existing object for CFT - Probate - Perf (-6278623680568682789)
2021-03-31 18:38:53 DEBUG 		Applying config `CFT - Family Public Law - Perf` using nonprod/management-zone/CFT-FamilyPublicLaw-Perf.json
2021-03-31 18:38:53 DEBUG 			Updated existing object for CFT - Family Public Law - Perf (-3325376598181916251)
2021-03-31 18:38:53 DEBUG 		Applying config `CFT - Family Public Law - Staging` using nonprod/management-zone/CFT-FamilyPublicLaw-Staging.json
2021-03-31 18:38:53 DEBUG 			Updated existing object for CFT - Family Public Law - Staging (2542811509946751560)
2021-03-31 18:38:53 DEBUG 		Applying config `CFT - Elasticsearch - Staging` using nonprod/management-zone/CFT-Elasticsearch-Staging.json
2021-03-31 18:38:53 DEBUG 			Updated existing object for CFT - Elasticsearch - Staging (1680988183724851448)
2021-03-31 18:38:53 DEBUG 		Applying config `CFT - SSCS - Perf` using nonprod/management-zone/CFT-SSCS-Perf.json
2021-03-31 18:38:54 DEBUG 			Updated existing object for CFT - SSCS - Perf (2760142458693915920)
2021-03-31 18:38:54 DEBUG 		Applying config `CFT - Civil Unspec - Staging` using nonprod/management-zone/CFT-CivilUnspec-Staging.json
2021-03-31 18:38:54 DEBUG 			Updated existing object for CFT - Civil Unspec - Staging (-269723276415738579)
2021-03-31 18:38:54 DEBUG 		Applying config `CFT - CCD - Perf` using nonprod/management-zone/CFT-CCD-Perf.json
2021-03-31 18:38:54 DEBUG 			Updated existing object for CFT - CCD - Perf (4041956407067927303)
2021-03-31 18:38:54 DEBUG 		Applying config `CFT - XUI - Perf` using nonprod/management-zone/CFT-XUI-Perf.json
2021-03-31 18:38:54 DEBUG 			Updated existing object for CFT - XUI - Perf (-9162833360263446736)
2021-03-31 18:38:54 DEBUG 		Applying config `CFT - Bulkprint - Perf` using nonprod/management-zone/CFT-Bulkprint-Perf.json
2021-03-31 18:38:54 DEBUG 			Updated existing object for CFT - Bulkprint - Perf (4295032514107427917)
2021-03-31 18:38:54 DEBUG 		Applying config `CFT - IDAM - Sandbox` using nonprod/management-zone/CFT-IDAM-Sandbox.json
2021-03-31 18:38:54 DEBUG 			Updated existing object for CFT - IDAM - Sandbox (-4536162996148223635)
2021-03-31 18:38:54 DEBUG 		Applying config `CFT - Evidence Management - Perf` using nonprod/management-zone/CFT-EvidenceManagement-Perf.json
2021-03-31 18:38:54 DEBUG 			Updated existing object for CFT - Evidence Management - Perf (-4440591645479500582)
2021-03-31 18:38:54 DEBUG 		Applying config `CFT - Professional Reference Data - Perf` using nonprod/management-zone/CFT-ProfessionalReferenceData-Perf.json
2021-03-31 18:38:54 DEBUG 			Updated existing object for CFT - Professional Reference Data - Perf (6671836036581898423)
2021-03-31 18:38:54 DEBUG 		Applying config `CFT - PCQ - Staging` using nonprod/management-zone/CFT-PCQ-Staging.json
2021-03-31 18:38:54 DEBUG 			Updated existing object for CFT - PCQ - Staging (1261768647518612206)
2021-03-31 18:38:54 DEBUG 		Applying config `CFT - Immigration and Asylum - Perf` using nonprod/management-zone/CFT-ImmigrationandAsylum-Perf.json
2021-03-31 18:38:54 DEBUG 			Updated existing object for CFT - Immigration and Asylum - Perf (-3585466114621799834)
2021-03-31 18:38:54 DEBUG 		Applying config `CFT - Bulk Scan - Staging` using nonprod/management-zone/CFT-BulkScan-Staging.json
2021-03-31 18:38:54 DEBUG 			Updated existing object for CFT - Bulk Scan - Staging (-828141463272594796)
2021-03-31 18:38:54 DEBUG 		Applying config `CFT - Access Management - Staging` using nonprod/management-zone/CFT-AccessManagement-Staging.json
2021-03-31 18:38:54 DEBUG 			Updated existing object for CFT - Access Management - Staging (-7077367472975635727)
2021-03-31 18:38:54 DEBUG 		Applying config `CFT - Elasticsearch - Perf` using nonprod/management-zone/CFT-Elasticsearch-Perf.json
2021-03-31 18:38:55 DEBUG 			Updated existing object for CFT - Elasticsearch - Perf (20174636658135932)
2021-03-31 18:38:55 DEBUG 		Applying config `CFT - ECM - LDATA` using nonprod/management-zone/CFT-ECM-LDATA.json
2021-03-31 18:38:55 DEBUG 			Updated existing object for CFT - ECM - LDATA (-4584495383903544465)
2021-03-31 18:38:55 DEBUG 		Applying config `CFT - Divorce - Perf` using nonprod/management-zone/CFT-Divorce-Perf.json
2021-03-31 18:38:55 DEBUG 			Updated existing object for CFT - Divorce - Perf (-7146088579887695217)
2021-03-31 18:38:55 DEBUG 		Applying config `CFT - Bulk Scan - Perf` using nonprod/management-zone/CFT-BulkScan-Perf.json
2021-03-31 18:38:55 DEBUG 			Updated existing object for CFT - Bulk Scan - Perf (1803134933788046962)
2021-03-31 18:38:55 DEBUG 		Applying config `CFT - CCD - Staging` using nonprod/management-zone/CFT-CCD-Staging.json
2021-03-31 18:38:55 DEBUG 			Updated existing object for CFT - CCD - Staging (1694465904051172840)
2021-03-31 18:38:55 DEBUG 		Applying config `CFT - Probate - Staging` using nonprod/management-zone/CFT-Probate-Staging.json
2021-03-31 18:38:55 DEBUG 			Updated existing object for CFT - Probate - Staging (895834376363200840)
2021-03-31 18:38:55 DEBUG 		Applying config `CFT - LDATA` using nonprod/management-zone/CFT-LDATA.json
2021-03-31 18:38:55 DEBUG 			Updated existing object for CFT - LDATA (-2092106295512620215)
2021-03-31 18:38:55 DEBUG 		Applying config `CFT - Financial Remedy - Perf` using nonprod/management-zone/CFT-FinancialRemedy-Perf.json
2021-03-31 18:38:55 DEBUG 			Updated existing object for CFT - Financial Remedy - Perf (-6972942449619918532)
2021-03-31 18:38:55 DEBUG 		Applying config `CFT - Evidence Management - Staging` using nonprod/management-zone/CFT-EvidenceManagement-Staging.json
2021-03-31 18:38:55 DEBUG 			Updated existing object for CFT - Evidence Management - Staging (-4133923648061856681)
2021-03-31 18:38:55 DEBUG 		Applying config `CFT - Fees & Payments - Staging` using nonprod/management-zone/CFT-FeesPayments-Staging.json
2021-03-31 18:38:55 DEBUG 			Updated existing object for CFT - Fees & Payments - Staging (2235935701736004927)
2021-03-31 18:38:55 DEBUG 		Applying config `CFT - Access Management - Perf` using nonprod/management-zone/CFT-AccessManagement-Perf.json
2021-03-31 18:38:55 DEBUG 			Updated existing object for CFT - Access Management - Perf (2325303417150435443)
2021-03-31 18:38:55 DEBUG 		Applying config `CFT - ECM - Perf` using nonprod/management-zone/CFT-ECM-Perf.json
2021-03-31 18:38:55 DEBUG 			Updated existing object for CFT - ECM - Perf (1662846183996366508)
2021-03-31 18:38:55 DEBUG 		Applying config `Crime - IdAM - NFT` using nonprod/management-zone/Crime-IdAM-NFT.json
2021-03-31 18:38:55 DEBUG 			Updated existing object for Crime - IdAM - NFT (-6152899060348952233)
2021-03-31 18:38:55 DEBUG 		Applying config `CFT - Fees & Payments - Perf` using nonprod/management-zone/CFT-FeesPayments-Perf.json
2021-03-31 18:38:55 DEBUG 			Updated existing object for CFT - Fees & Payments - Perf (-4976681621752891525)
2021-03-31 18:38:55 DEBUG 		Applying config `CFT - Staging` using nonprod/management-zone/CFT-Staging.json
2021-03-31 18:38:55 DEBUG 			Updated existing object for CFT - Staging (-8327866327606010766)
2021-03-31 18:38:55 DEBUG 		Applying config `CFT - Perf` using nonprod/management-zone/CFT-Perf.json
2021-03-31 18:38:56 DEBUG 			Updated existing object for CFT - Perf (2544831856608055602)
2021-03-31 18:38:56 DEBUG 		Applying config `CFT - IDAM - Staging` using nonprod/management-zone/CFT-IDAM-Staging.json
2021-03-31 18:38:56 DEBUG 			Updated existing object for CFT - IDAM - Staging (191996962558527295)
2021-03-31 18:38:56 DEBUG 		Applying config `CFT` using nonprod/management-zone/CFT.json
2021-03-31 18:38:56 DEBUG 			Updated existing object for CFT (-1016681994524158509)
2021-03-31 18:38:56 DEBUG 		Applying config `Crime - CP (NFT)` using nonprod/management-zone/Crime-CPNFT.json
2021-03-31 18:38:56 DEBUG 			Updated existing object for Crime - CP (NFT) (4644749235633502145)
2021-03-31 18:38:56 DEBUG 		Applying config `Crime CP (MDV)` using nonprod/management-zone/CrimeCPMDV.json
2021-03-31 18:38:56 DEBUG 			Updated existing object for Crime CP (MDV) (-6108022805863809743)
2021-03-31 18:38:56 DEBUG 		Applying config `DTS - HMI - Dev` using nonprod/management-zone/DTS-HMI-Dev.json
2021-03-31 18:38:56 DEBUG 			Updated existing object for DTS - HMI - Dev (7259039908900233531)
2021-03-31 18:38:56 DEBUG 		Applying config `Crime` using nonprod/management-zone/Crime.json
2021-03-31 18:38:56 DEBUG 			Updated existing object for Crime (5869021333397818037)
2021-03-31 18:38:56 DEBUG 		Applying config `DTS - CVP - Staging` using nonprod/management-zone/DTS-CVP-Staging.json
2021-03-31 18:38:56 DEBUG 			Updated existing object for DTS - CVP - Staging (3878765472598882810)
2021-03-31 18:38:56 DEBUG 		Applying config `Crime - ROTA (NFT)` using nonprod/management-zone/Crime-ROTANFT.json
2021-03-31 18:38:56 DEBUG 			Updated existing object for Crime - ROTA (NFT) (-9151101100001278674)
2021-03-31 18:38:56 DEBUG 		Applying config `DTS - CVP - Perf` using nonprod/management-zone/DTS-CVP-Perf.json
2021-03-31 18:38:56 DEBUG 			Updated existing object for DTS - CVP - Perf (-3709244021897047762)
2021-03-31 18:38:56 DEBUG 		Applying config `SSL Domain out - cft sscs (stg )` using nonprod/calculated-metrics-service/SSLDomainout-template.json
2021-03-31 18:38:56 DEBUG 			Updated existing object for SSL Domain out - cft sscs (stg ) (calc:service.ssldomainout_cftsscs_stg)
2021-03-31 18:38:56 DEBUG 		Applying config `SSL Domain out - cft professional reference data (stg)` using nonprod/calculated-metrics-service/SSLDomainout-template.json
2021-03-31 18:38:56 DEBUG 			Updated existing object for SSL Domain out - cft professional reference data (stg) (calc:service.ssldomainout_cftprofessionalreferencedatae_stg)
2021-03-31 18:38:56 DEBUG 		Applying config `SSL Domain out - cft immigration and asylum(stg)` using nonprod/calculated-metrics-service/SSLDomainout-template.json
2021-03-31 18:38:57 DEBUG 			Updated existing object for SSL Domain out - cft immigration and asylum(stg) (calc:service.ssldomainout_cftimmigrationandasylum_stg)
2021-03-31 18:38:57 DEBUG 		Applying config `SSL Domain in - cft idam(perf)` using nonprod/calculated-metrics-service/SSLDomainin-template.json
2021-03-31 18:38:57 DEBUG 			Updated existing object for SSL Domain in - cft idam(perf) (calc:service.ssldomainin_cftidam_perf)
2021-03-31 18:38:57 DEBUG 		Applying config `SSL Domain out - cft financial remedy(stg)` using nonprod/calculated-metrics-service/SSLDomainout-template.json
2021-03-31 18:38:57 DEBUG 			Updated existing object for SSL Domain out - cft financial remedy(stg) (calc:service.ssldomainout_cftfinancialremedy_stg)
2021-03-31 18:38:57 DEBUG 		Applying config `SSL Domain in - cft ecm (stg)` using nonprod/calculated-metrics-service/SSLDomainin-template.json
2021-03-31 18:38:57 DEBUG 			Updated existing object for SSL Domain in - cft ecm (stg) (calc:service.ssldomainin_cftecm_stg)
2021-03-31 18:38:57 DEBUG 		Applying config `SSL Domain out - cft civil money claims (stg)` using nonprod/calculated-metrics-service/SSLDomainout-template.json
2021-03-31 18:38:57 DEBUG 			Updated existing object for SSL Domain out - cft civil money claims (stg) (calc:service.ssldomainout_cftcivilmoneyclaims_stg)
2021-03-31 18:38:57 DEBUG 		Applying config `SSL Domain out - cft pcq (perf)` using nonprod/calculated-metrics-service/SSLDomainout-template.json
2021-03-31 18:38:57 DEBUG 			Updated existing object for SSL Domain out - cft pcq (perf) (calc:service.ssldomainout_cftpcq_perf)
2021-03-31 18:38:57 DEBUG 		Applying config `SSL Domain in - cft palo nonprod ldata (perf)` using nonprod/calculated-metrics-service/SSLDomainin-template.json
2021-03-31 18:38:57 DEBUG 			Updated existing object for SSL Domain in - cft palo nonprod ldata (perf) (calc:service.ssldomainin_cftpalononprodldata_perf)
2021-03-31 18:38:57 DEBUG 		Applying config `SSL Domain out - cft legalrep cmc unspec` using nonprod/calculated-metrics-service/SSLDomainout-template.json
2021-03-31 18:38:58 DEBUG 			Updated existing object for SSL Domain out - cft legalrep cmc unspec (calc:service.ssldomainout_cftlegalrepcmcunspec)
2021-03-31 18:38:58 DEBUG 		Applying config `SSL Domain out - cft forge rock(stg)` using nonprod/calculated-metrics-service/SSLDomainout-template.json
2021-03-31 18:38:58 DEBUG 			Updated existing object for SSL Domain out - cft forge rock(stg) (calc:service.ssldomainout_cftforgerock_stg)
2021-03-31 18:38:58 DEBUG 		Applying config `SSL Domain out - cft ecm (stg)` using nonprod/calculated-metrics-service/SSLDomainout-template.json
2021-03-31 18:38:58 DEBUG 			Updated existing object for SSL Domain out - cft ecm (stg) (calc:service.ssldomainout_ccftecm_stg)
2021-03-31 18:38:58 DEBUG 		Applying config `SSL Domain in - cft divorce (stg)` using nonprod/calculated-metrics-service/SSLDomainin-template.json
2021-03-31 18:38:58 DEBUG 			Updated existing object for SSL Domain in - cft divorce (stg) (calc:service.ssldomainin_cftdivorce_stg)
2021-03-31 18:38:58 DEBUG 		Applying config `SSL Domain in - cft bulk print (stg)` using nonprod/calculated-metrics-service/SSLDomainin-template.json
2021-03-31 18:38:58 DEBUG 			Updated existing object for SSL Domain in - cft bulk print (stg) (calc:service.ssldomainin_cftbulkprint_stg)
2021-03-31 18:38:58 DEBUG 		Applying config `SSL Domain out - cft xui (stg )` using nonprod/calculated-metrics-service/SSLDomainout-template.json
2021-03-31 18:38:58 DEBUG 			Updated existing object for SSL Domain out - cft xui (stg ) (calc:service.ssldomainout_cftxui_stg)
2021-03-31 18:38:58 DEBUG 		Applying config `SSL Domain out - cft probate (perf)` using nonprod/calculated-metrics-service/SSLDomainout-template.json
2021-03-31 18:38:58 DEBUG 			Updated existing object for SSL Domain out - cft probate (perf) (calc:service.ssldomainout_cftprobate_perf)
2021-03-31 18:38:58 DEBUG 		Applying config `SSL Domain out - cft fees payments(perf)` using nonprod/calculated-metrics-service/SSLDomainout-template.json
2021-03-31 18:38:59 DEBUG 			Updated existing object for SSL Domain out - cft fees payments(perf) (calc:service.ssldomainout_cftfeespayments_perf)
2021-03-31 18:38:59 DEBUG 		Applying config `SSL Domain out - cft family public law(stg)` using nonprod/calculated-metrics-service/SSLDomainout-template.json
2021-03-31 18:38:59 DEBUG 			Updated existing object for SSL Domain out - cft family public law(stg) (calc:service.ssldomainout_cftfamilypubliclaw_stg)
2021-03-31 18:38:59 DEBUG 		Applying config `SSL Domain in - cft elasticsearch (stg)` using nonprod/calculated-metrics-service/SSLDomainin-template.json
2021-03-31 18:38:59 DEBUG 			Updated existing object for SSL Domain in - cft elasticsearch (stg) (calc:service.ssldomainin_cftelasticsearch_stg)
2021-03-31 18:38:59 DEBUG 		Applying config `SSL Domain out - cft sscs (perf )` using nonprod/calculated-metrics-service/SSLDomainout-template.json
2021-03-31 18:38:59 DEBUG 			Updated existing object for SSL Domain out - cft sscs (perf ) (calc:service.ssldomainout_cftsscs_perf)
2021-03-31 18:38:59 DEBUG 		Applying config `SSL Domain out - cft civil unspec (stg)` using nonprod/calculated-metrics-service/SSLDomainout-template.json
2021-03-31 18:38:59 DEBUG 			Updated existing object for SSL Domain out - cft civil unspec (stg) (calc:service.ssldomainout_cftcivilunspec_stg)
2021-03-31 18:38:59 DEBUG 		Applying config `SSL Domain in - cft civil money claims (stg)` using nonprod/calculated-metrics-service/SSLDomainin-template.json
2021-03-31 18:38:59 DEBUG 			Updated existing object for SSL Domain in - cft civil money claims (stg) (calc:service.ssldomainin_cftcivilmoneyclaims_stg)
2021-03-31 18:38:59 DEBUG 		Applying config `SSL Domain in - cft ccd (perf)` using nonprod/calculated-metrics-service/SSLDomainin-template.json
2021-03-31 18:38:59 DEBUG 			Updated existing object for SSL Domain in - cft ccd (perf) (calc:service.ssldomainin_cftccd_perf)
2021-03-31 18:38:59 DEBUG 		Applying config `SSL Domain out - cft xui (perf )` using nonprod/calculated-metrics-service/SSLDomainout-template.json
2021-03-31 18:38:59 DEBUG 			Updated existing object for SSL Domain out - cft xui (perf ) (calc:service.ssldomainout_cftxui_perf)
2021-03-31 18:38:59 DEBUG 		Applying config `SSL Domain in - cft sscs (perf )` using nonprod/calculated-metrics-service/SSLDomainin-template.json
2021-03-31 18:39:00 DEBUG 			Updated existing object for SSL Domain in - cft sscs (perf ) (calc:service.ssldomainin_cftsscs_perf)
2021-03-31 18:39:00 DEBUG 		Applying config `SSL Domain out - cft elasticsearch (stg)` using nonprod/calculated-metrics-service/SSLDomainout-template.json
2021-03-31 18:39:00 DEBUG 			Updated existing object for SSL Domain out - cft elasticsearch (stg) (calc:service.ssldomainout_cftelasticsearch_stg)
2021-03-31 18:39:00 DEBUG 		Applying config `SSL Domain out - cft bulk print (stg)` using nonprod/calculated-metrics-service/SSLDomainout-template.json
2021-03-31 18:39:00 DEBUG 			Updated existing object for SSL Domain out - cft bulk print (stg) (calc:service.ssldomainout_cftbulkprint_stg)
2021-03-31 18:39:00 DEBUG 		Applying config `SSL Domain in - cft bulk print (perf)` using nonprod/calculated-metrics-service/SSLDomainin-template.json
2021-03-31 18:39:00 DEBUG 			Updated existing object for SSL Domain in - cft bulk print (perf) (calc:service.ssldomainin_cftbulkprint_perf)
2021-03-31 18:39:00 DEBUG 		Applying config `SSL Domain in - cft legalrep cmc unspec` using nonprod/calculated-metrics-service/SSLDomainin-template.json
2021-03-31 18:39:00 DEBUG 			Updated existing object for SSL Domain in - cft legalrep cmc unspec (calc:service.ssldomainin_cftlegalrepcmcunspec)
2021-03-31 18:39:00 DEBUG 		Applying config `SSL Domain in - cft idam(sbox)` using nonprod/calculated-metrics-service/SSLDomainin-template.json
2021-03-31 18:39:00 DEBUG 			Updated existing object for SSL Domain in - cft idam(sbox) (calc:service.ssldomainin_cftidam_sbox)
2021-03-31 18:39:00 DEBUG 		Applying config `SSL Domain out - cft evidencemanagement (perf)` using nonprod/calculated-metrics-service/SSLDomainout-template.json
2021-03-31 18:39:00 DEBUG 			Updated existing object for SSL Domain out - cft evidencemanagement (perf) (calc:service.ssldomainout_cftevidencemanagement_perf)
2021-03-31 18:39:00 DEBUG 		Applying config `SSL Domain out - cft divorce (stg)` using nonprod/calculated-metrics-service/SSLDomainout-template.json
2021-03-31 18:39:00 DEBUG 			Updated existing object for SSL Domain out - cft divorce (stg) (calc:service.ssldomainout_cftdivorce_stg)
2021-03-31 18:39:00 DEBUG 		Applying config `SSL Domain out - cft professional reference data (perf)` using nonprod/calculated-metrics-service/SSLDomainout-template.json
2021-03-31 18:39:01 DEBUG 			Updated existing object for SSL Domain out - cft professional reference data (perf) (calc:service.ssldomainout_cftprofessionalreferencedatae_perf)
2021-03-31 18:39:01 DEBUG 		Applying config `SSL Domain out - cft pcq (stg)` using nonprod/calculated-metrics-service/SSLDomainout-template.json
2021-03-31 18:39:01 DEBUG 			Updated existing object for SSL Domain out - cft pcq (stg) (calc:service.ssldomainout_cftpcq_stg)
2021-03-31 18:39:01 DEBUG 		Applying config `SSL Domain in - cft immigration and asylum(perf)` using nonprod/calculated-metrics-service/SSLDomainin-template.json
2021-03-31 18:39:01 DEBUG 			Updated existing object for SSL Domain in - cft immigration and asylum(perf) (calc:service.ssldomainin_cftimmigrationandasylum_perf)
2021-03-31 18:39:01 DEBUG 		Applying config `SSL Domain in - cft idam(stg)` using nonprod/calculated-metrics-service/SSLDomainin-template.json
2021-03-31 18:39:01 DEBUG 			Updated existing object for SSL Domain in - cft idam(stg) (calc:service.ssldomainin_cftidam_stg)
2021-03-31 18:39:01 DEBUG 		Applying config `SSL Domain in - cft fees payments(perf)` using nonprod/calculated-metrics-service/SSLDomainin-template.json
2021-03-31 18:39:01 DEBUG 			Updated existing object for SSL Domain in - cft fees payments(perf) (calc:service.ssldomainin_cftfeespayments_perf)
2021-03-31 18:39:01 DEBUG 		Applying config `SSL Domain in - cft evidencemanagement (perf)` using nonprod/calculated-metrics-service/SSLDomainin-template.json
2021-03-31 18:39:01 DEBUG 			Updated existing object for SSL Domain in - cft evidencemanagement (perf) (calc:service.ssldomainin_cftevidencemanagement_perf)
2021-03-31 18:39:01 DEBUG 		Applying config `SSL Domain out - cft bulk scan (stg)` using nonprod/calculated-metrics-service/SSLDomainout-template.json
2021-03-31 18:39:01 DEBUG 			Updated existing object for SSL Domain out - cft bulk scan (stg) (calc:service.ssldomainout_cftbulkscan_stg)
2021-03-31 18:39:01 DEBUG 		Applying config `SSL Domain out - cft access management (stg)` using nonprod/calculated-metrics-service/SSLDomainout-template.json
2021-03-31 18:39:02 DEBUG 			Updated existing object for SSL Domain out - cft access management (stg) (calc:service.ssldomainout_cftaccessmanagement_stg)
2021-03-31 18:39:02 DEBUG 		Applying config `SSL Domain in - cft elasticsearch (perf)` using nonprod/calculated-metrics-service/SSLDomainin-template.json
2021-03-31 18:39:02 DEBUG 			Updated existing object for SSL Domain in - cft elasticsearch (perf) (calc:service.ssldomainin_cftelasticsearch_perf)
2021-03-31 18:39:02 DEBUG 		Applying config `SSL Domain in - cft ecm ldata` using nonprod/calculated-metrics-service/SSLDomainin-template.json
2021-03-31 18:39:02 DEBUG 			Updated existing object for SSL Domain in - cft ecm ldata (calc:service.ssldomainin_cftecmldata)
2021-03-31 18:39:02 DEBUG 		Applying config `SSL Domain out - cft divorce (perf)` using nonprod/calculated-metrics-service/SSLDomainout-template.json
2021-03-31 18:39:02 DEBUG 			Updated existing object for SSL Domain out - cft divorce (perf) (calc:service.ssldomainout_cftdivorce_perf)
2021-03-31 18:39:02 DEBUG 		Applying config `SSL Domain in - cft divorce (perf)` using nonprod/calculated-metrics-service/SSLDomainin-template.json
2021-03-31 18:39:02 DEBUG 			Updated existing object for SSL Domain in - cft divorce (perf) (calc:service.ssldomainin_cftdivorce_perf)
2021-03-31 18:39:02 DEBUG 		Applying config `SSL Domain out - cft bulk print (perf)` using nonprod/calculated-metrics-service/SSLDomainout-template.json
2021-03-31 18:39:02 ERROR 			Failed Failed to upsert DT object SSL Domain out - cft bulk print (perf) (HTTP 400)!
    Response was: {"error":{"code":400,"message":"Constraints violated.","constraintViolations":[{"path":"id","message":"metricKey in payload, if given, must match metricKey in URL","parameterLocation":"PAYLOAD_BODY","location":null},{"path":"name","message":"Metric name already used","parameterLocation":"PAYLOAD_BODY","location":null}]}}, responsible config: nonprod/calculated-metrics-service/SSLDomainout-template.json
