2021-03-16 11:00:33 DEBUG request log not activated
2021-03-16 11:00:33 DEBUG response log not activated
2021-03-16 11:00:33 INFO  Dynatrace Monitoring as Code v1.5.0
2021-03-16 11:00:33 DEBUG Reading projects...
2021-03-16 11:00:33 DEBUG   project - nonprod-project
2021-03-16 11:00:33 DEBUG Processing file: nonprod-project/calculated-metrics-service/calculated-metrics-service.yaml
2021-03-16 11:00:33 DEBUG Processing file: nonprod-project/management-zone/management-zone.yaml
2021-03-16 11:00:33 DEBUG 		nonprod-project/management-zone/Crime-CPNFT
2021-03-16 11:00:33 DEBUG 		nonprod-project/management-zone/CFT-PCQ-Staging
2021-03-16 11:00:33 DEBUG 		nonprod-project/management-zone/CFT-CivilUnspec-Staging
2021-03-16 11:00:33 DEBUG 		nonprod-project/management-zone/CFT-EvidenceManagement-Perf
2021-03-16 11:00:33 DEBUG 		nonprod-project/management-zone/CFT-ProfessionalReferenceData-Perf
2021-03-16 11:00:33 DEBUG 		nonprod-project/management-zone/Crime-ROTANFT
2021-03-16 11:00:33 DEBUG 		nonprod-project/management-zone/CFT-CivilMoneyClaims-Staging
2021-03-16 11:00:33 DEBUG 		nonprod-project/management-zone/CFT-Elasticsearch-Perf
2021-03-16 11:00:33 DEBUG 		nonprod-project/management-zone/CFT-ECM-LDATA
2021-03-16 11:00:33 DEBUG 		nonprod-project/management-zone/CFT-Divorce-Perf
2021-03-16 11:00:33 DEBUG 		nonprod-project/management-zone/CFT-FeesPayments-Staging
2021-03-16 11:00:33 DEBUG 		nonprod-project/management-zone/CFT-FamilyPublicLaw-Staging
2021-03-16 11:00:33 DEBUG 		nonprod-project/management-zone/CFT-Perf
2021-03-16 11:00:33 DEBUG 		nonprod-project/management-zone/CFT-PaloNon-ProdPerfLDATA
2021-03-16 11:00:33 DEBUG 		nonprod-project/management-zone/DTS-CVP-Perf
2021-03-16 11:00:33 DEBUG 		nonprod-project/management-zone/CFT-IDAM-Staging
2021-03-16 11:00:33 DEBUG 		nonprod-project/management-zone/CFT-ECM-Perf
2021-03-16 11:00:33 DEBUG 		nonprod-project/management-zone/CFT-XUI-Perf
2021-03-16 11:00:33 DEBUG 		nonprod-project/management-zone/CFT
2021-03-16 11:00:33 DEBUG 		nonprod-project/management-zone/Crime-IdAM-NFT
2021-03-16 11:00:33 DEBUG 		nonprod-project/management-zone/CFT-XUI-Staging
2021-03-16 11:00:33 DEBUG 		nonprod-project/management-zone/CFT-CCD-Perf
2021-03-16 11:00:33 DEBUG 		nonprod-project/management-zone/DTS-CVP-Staging
2021-03-16 11:00:33 DEBUG 		nonprod-project/management-zone/CFT-LegalRepCMCUnspec
2021-03-16 11:00:33 DEBUG 		nonprod-project/management-zone/CFT-BulkScan-Staging
2021-03-16 11:00:33 DEBUG 		nonprod-project/management-zone/CFT-LDATA
2021-03-16 11:00:33 DEBUG 		nonprod-project/management-zone/CrimeCPMDV
2021-03-16 11:00:33 DEBUG 		nonprod-project/management-zone/CFT-SSCS-Staging
2021-03-16 11:00:33 DEBUG 		nonprod-project/management-zone/CFT-Probate-Staging
2021-03-16 11:00:33 DEBUG 		nonprod-project/management-zone/CFT-EvidenceManagement-Staging
2021-03-16 11:00:33 DEBUG 		nonprod-project/management-zone/CFT-FinancialRemedy-Perf
2021-03-16 11:00:33 DEBUG 		nonprod-project/management-zone/CFT-FinancialRemedy-Staging
2021-03-16 11:00:33 DEBUG 		nonprod-project/management-zone/CFT-ECM-Staging
2021-03-16 11:00:33 DEBUG 		nonprod-project/management-zone/CFT-SSCS-Perf
2021-03-16 11:00:33 DEBUG 		nonprod-project/management-zone/CFT-PCQ-Perf
2021-03-16 11:00:33 DEBUG 		nonprod-project/management-zone/CFT-Staging
2021-03-16 11:00:33 DEBUG 		nonprod-project/management-zone/CFT-ImmigrationandAsylum-Staging
2021-03-16 11:00:33 DEBUG 		nonprod-project/management-zone/CFT-Divorce-Staging
2021-03-16 11:00:33 DEBUG 		nonprod-project/management-zone/CFT-ProfessionalReferenceData-Staging
2021-03-16 11:00:33 DEBUG 		nonprod-project/management-zone/CFT-FeesPayments-Perf
2021-03-16 11:00:33 DEBUG 		nonprod-project/management-zone/CFT-IDAM-Perf
2021-03-16 11:00:33 DEBUG 		nonprod-project/management-zone/Crime
2021-03-16 11:00:33 DEBUG 		nonprod-project/management-zone/CFT-AccessManagement-Perf
2021-03-16 11:00:33 DEBUG 		nonprod-project/management-zone/DTS-HMI-Dev
2021-03-16 11:00:33 DEBUG 		nonprod-project/management-zone/CFT-IDAM-Sandbox
2021-03-16 11:00:33 DEBUG 		nonprod-project/management-zone/SVCOFF
2021-03-16 11:00:33 DEBUG 		nonprod-project/management-zone/CFT-Probate-Perf
2021-03-16 11:00:33 DEBUG 		nonprod-project/management-zone/CFT-BulkScan-Perf
2021-03-16 11:00:33 DEBUG 		nonprod-project/management-zone/CFT-ImmigrationandAsylum-Perf
2021-03-16 11:00:33 DEBUG 		nonprod-project/management-zone/CFT-Bulkprint-Perf
2021-03-16 11:00:33 DEBUG 		nonprod-project/management-zone/CFT-FamilyPublicLaw-Perf
2021-03-16 11:00:33 DEBUG 		nonprod-project/management-zone/CFT-Forgerock-Staging
2021-03-16 11:00:33 DEBUG 		nonprod-project/management-zone/CFT-CCD-Staging
2021-03-16 11:00:33 DEBUG 		nonprod-project/management-zone/CFT-Bulkprint-Staging
2021-03-16 11:00:33 DEBUG 		nonprod-project/management-zone/CFT-Elasticsearch-Staging
2021-03-16 11:00:33 DEBUG 		nonprod-project/management-zone/CFT-AccessManagement-Staging
2021-03-16 11:00:33 DEBUG 		nonprod-project/calculated-metrics-service/SSLDomainin-dtshmidev
2021-03-16 11:00:33 DEBUG 		nonprod-project/calculated-metrics-service/ccduicasesearchcasesrequestcountfail
2021-03-16 11:00:33 DEBUG 		nonprod-project/calculated-metrics-service/ccdgetcaseviewrequestcountsuccess
2021-03-16 11:00:33 DEBUG 		nonprod-project/calculated-metrics-service/SSLDomainout-cftimmigrationandasylumperf
2021-03-16 11:00:33 DEBUG 		nonprod-project/calculated-metrics-service/ccdhealthlivenessrequestcountsuccess
2021-03-16 11:00:33 DEBUG 		nonprod-project/calculated-metrics-service/SSLDomainout-cftelasticsearchperf
2021-03-16 11:00:33 DEBUG 		nonprod-project/calculated-metrics-service/amdeleteroleassignmentbyidrequestcountsuccess
2021-03-16 11:00:33 DEBUG 		nonprod-project/calculated-metrics-service/amcreateroleassignmentrequestcountsuccess
2021-03-16 11:00:33 DEBUG 		nonprod-project/calculated-metrics-service/SSLDomainin-cftecmperf
2021-03-16 11:00:33 DEBUG 		nonprod-project/calculated-metrics-service/SSLDomainout-cftbulkscanperf
2021-03-16 11:00:33 DEBUG 		nonprod-project/calculated-metrics-service/ccdstarteventforcaseworkerrequestcountfail
2021-03-16 11:00:33 DEBUG 		nonprod-project/calculated-metrics-service/ccdgetjurisdictionsrequestcountsuccess
2021-03-16 11:00:33 DEBUG 		nonprod-project/calculated-metrics-service/dmstoregetbinaryrequestcountsuccess
2021-03-16 11:00:33 DEBUG 		nonprod-project/calculated-metrics-service/idam-apiAuthorizationControllerresponsetime
2021-03-16 11:00:33 DEBUG 		nonprod-project/calculated-metrics-service/SSLDomainout-cftxuiperf
2021-03-16 11:00:33 DEBUG 		nonprod-project/calculated-metrics-service/SSLDomainout-cftidamperf
2021-03-16 11:00:33 DEBUG 		nonprod-project/calculated-metrics-service/ccdcasedefdivorcerequestcount
2021-03-16 11:00:33 DEBUG 		nonprod-project/calculated-metrics-service/calcserviceidamhealthlivenessrequestcountfail
2021-03-16 11:00:33 DEBUG 		nonprod-project/calculated-metrics-service/ccdcasecontrollercreatecaserequestcountfail
2021-03-16 11:00:33 DEBUG 		nonprod-project/calculated-metrics-service/ccdapigatewaycaseactivitybyidrequestcount
2021-03-16 11:00:33 DEBUG 		nonprod-project/calculated-metrics-service/SSLDomainout-cftsscsstg
2021-03-16 11:00:33 DEBUG 		nonprod-project/calculated-metrics-service/SSLDomainout-cftprofessionalreferencedataeperf
2021-03-16 11:00:33 DEBUG 		nonprod-project/calculated-metrics-service/SSLDomainin-cftpcqstg
2021-03-16 11:00:33 DEBUG 		nonprod-project/calculated-metrics-service/SSLDomainin-cftimmigrationandasylumstg
2021-03-16 11:00:33 DEBUG 		nonprod-project/calculated-metrics-service/SSLDomainin-cftfinancialremedyperf
2021-03-16 11:00:33 DEBUG 		nonprod-project/calculated-metrics-service/SSLDomainin-cftfeespaymentsperf
2021-03-16 11:00:33 DEBUG 		nonprod-project/calculated-metrics-service/SSLDomainin-cftelasticsearchperf
2021-03-16 11:00:33 DEBUG 		nonprod-project/calculated-metrics-service/ccdsearchcasesforcitizensrequestcountfail
2021-03-16 11:00:33 DEBUG 		nonprod-project/calculated-metrics-service/amdeleteroleassignmentbyidrequestcountfail
2021-03-16 11:00:33 DEBUG 		nonprod-project/calculated-metrics-service/rpegetletterstatusrequestcountsuccess
2021-03-16 11:00:33 DEBUG 		nonprod-project/calculated-metrics-service/fplhandlesubmittedeventrequestcountsuccess
2021-03-16 11:00:33 DEBUG 		nonprod-project/calculated-metrics-service/ccdcasecontrollercreateeventrequestcount
2021-03-16 11:00:33 DEBUG 		nonprod-project/calculated-metrics-service/idamspringboothealthrequestcountfail
2021-03-16 11:00:33 DEBUG 		nonprod-project/calculated-metrics-service/ccdseachcasesrequestcountsuccess
2021-03-16 11:00:33 DEBUG 		nonprod-project/calculated-metrics-service/SSLDomainin-dtscvpperf
2021-03-16 11:00:33 DEBUG 		nonprod-project/calculated-metrics-service/SSLDomainin-crimeidamnft
2021-03-16 11:00:33 DEBUG 		nonprod-project/calculated-metrics-service/SSLDomainin-cftprobateperf
2021-03-16 11:00:33 DEBUG 		nonprod-project/calculated-metrics-service/SSLDomainin-cftevidencemanagementstg
2021-03-16 11:00:33 DEBUG 		nonprod-project/calculated-metrics-service/ccdcasecontrollergetcaserequestcountsuccess
2021-03-16 11:00:33 DEBUG 		nonprod-project/calculated-metrics-service/amretrieveRoleAssignmentsByActorIdrequestcount
2021-03-16 11:00:33 DEBUG 		nonprod-project/calculated-metrics-service/ccdapigatewaycaseworkerjurisdictionsrequestcountfa
2021-03-16 11:00:33 DEBUG 		nonprod-project/calculated-metrics-service/ccdremoveCaseUserRolesRequestCount
2021-03-16 11:00:33 DEBUG 		nonprod-project/calculated-metrics-service/SSLDomainout-cftprobatestg
2021-03-16 11:00:33 DEBUG 		nonprod-project/calculated-metrics-service/ccdcasedefdivorcerequestcountfail
2021-03-16 11:00:33 DEBUG 		nonprod-project/calculated-metrics-service/ccdapigatewaybenefitcasesrequestcount
2021-03-16 11:00:33 DEBUG 		nonprod-project/calculated-metrics-service/ccdgetcaseuserrolesrequestcount
2021-03-16 11:00:33 DEBUG 		nonprod-project/calculated-metrics-service/ccdcasecontrollercreatecaserequestcountsuccess
2021-03-16 11:00:33 DEBUG 		nonprod-project/calculated-metrics-service/ccdstarteventforcitizenrequestcountfail
2021-03-16 11:00:33 DEBUG 		nonprod-project/calculated-metrics-service/SSLDomainin-cftidamstg
2021-03-16 11:00:33 DEBUG 		nonprod-project/calculated-metrics-service/SSLDomainout-cftevidencemanagementstg
2021-03-16 11:00:33 DEBUG 		nonprod-project/calculated-metrics-service/ccdgetcaseviewrequestcount
2021-03-16 11:00:33 DEBUG 		nonprod-project/calculated-metrics-service/ccdseachcasesrequestcount
2021-03-16 11:00:33 DEBUG 		nonprod-project/calculated-metrics-service/ccddatastoreinsertintocasedatarequestcount
2021-03-16 11:00:33 DEBUG 		nonprod-project/calculated-metrics-service/fplhandleabouttosubmiteventrequestcount
2021-03-16 11:00:33 DEBUG 		nonprod-project/calculated-metrics-service/SSLDomainout-cftevidencemanagementperf
2021-03-16 11:00:33 DEBUG 		nonprod-project/calculated-metrics-service/ccdcasedefdivorcerequestcountsuccess
2021-03-16 11:00:33 DEBUG 		nonprod-project/calculated-metrics-service/SSLDomainout-crimeidamnft
2021-03-16 11:00:33 DEBUG 		nonprod-project/calculated-metrics-service/dmstorecreatetemplaterenditionrequestcount
2021-03-16 11:00:33 DEBUG 		nonprod-project/calculated-metrics-service/SSLDomainin-cftbulkscanstg
2021-03-16 11:00:33 DEBUG 		nonprod-project/calculated-metrics-service/fplhandlesubmittedeventrequestcountfail
2021-03-16 11:00:33 DEBUG 		nonprod-project/calculated-metrics-service/SSLDomainin-cftxuistg
2021-03-16 11:00:33 DEBUG 		nonprod-project/calculated-metrics-service/SSLDomainout-cftimmigrationandasylumstg
2021-03-16 11:00:33 DEBUG 		nonprod-project/calculated-metrics-service/SSLDomainin-cftbulkscanperf
2021-03-16 11:00:33 DEBUG 		nonprod-project/calculated-metrics-service/SSLDomainin-cftprobatestg
2021-03-16 11:00:33 DEBUG 		nonprod-project/calculated-metrics-service/SSLDomainout-cftcivilunspecstg
2021-03-16 11:00:33 DEBUG 		nonprod-project/calculated-metrics-service/SSLDomainin-cftbulkprintperf
2021-03-16 11:00:33 DEBUG 		nonprod-project/calculated-metrics-service/calcservicecalcserviceccdapigatewayactivitycasesre
2021-03-16 11:00:33 DEBUG 		nonprod-project/calculated-metrics-service/fplhandleabouttosubmiteventrequestcountsuccess
2021-03-16 11:00:33 DEBUG 		nonprod-project/calculated-metrics-service/ccdapigatewayoauth2requestcountsuccess
2021-03-16 11:00:33 DEBUG 		nonprod-project/calculated-metrics-service/ccdhealthlivenessrequestcount
2021-03-16 11:00:33 DEBUG 		nonprod-project/calculated-metrics-service/ccdapigatewayinternalsearchcasesrequestcountsucces
2021-03-16 11:00:33 DEBUG 		nonprod-project/calculated-metrics-service/SSLDomainout-crimecpmdv
2021-03-16 11:00:33 DEBUG 		nonprod-project/calculated-metrics-service/SSLDomainin-cftpcqperf
2021-03-16 11:00:33 DEBUG 		nonprod-project/calculated-metrics-service/SSLDomainin-cftldata
2021-03-16 11:00:33 DEBUG 		nonprod-project/calculated-metrics-service/ccddefstoreapijurisdictionsrequestcount
2021-03-16 11:00:33 DEBUG 		nonprod-project/calculated-metrics-service/ccdgetjurisdictionsrequestcount
2021-03-16 11:00:33 DEBUG 		nonprod-project/calculated-metrics-service/ccdsearchcasesforcitizensrequestcount
2021-03-16 11:00:33 DEBUG 		nonprod-project/calculated-metrics-service/ccdcreatecaseeventforcaseworkerrequestcountfail
2021-03-16 11:00:33 DEBUG 		nonprod-project/calculated-metrics-service/SSLDomainout-cftfamilypubliclawstg
2021-03-16 11:00:33 DEBUG 		nonprod-project/calculated-metrics-service/ccdapigatewayinternalsearchcasesrequestcountfail
2021-03-16 11:00:33 DEBUG 		nonprod-project/calculated-metrics-service/ccdcasecontrollercasesbyidrequestcount
2021-03-16 11:00:33 DEBUG 		nonprod-project/calculated-metrics-service/SSLDomainin-crimecpnft
2021-03-16 11:00:33 DEBUG 		nonprod-project/calculated-metrics-service/SSLDomainin-cftbulkprintstg
2021-03-16 11:00:33 DEBUG 		nonprod-project/calculated-metrics-service/ccdgetcaseviewrequestcountfail
2021-03-16 11:00:33 DEBUG 		nonprod-project/calculated-metrics-service/SSLDomainout-cftfeespaymentsperf
2021-03-16 11:00:33 DEBUG 		nonprod-project/calculated-metrics-service/div-case-allowshareacase
2021-03-16 11:00:33 DEBUG 		nonprod-project/calculated-metrics-service/fplhandleabouttosubmiteventrequestcountfail
2021-03-16 11:00:33 DEBUG 		nonprod-project/calculated-metrics-service/amcreateroleassignmentrequestcount
2021-03-16 11:00:33 DEBUG 		nonprod-project/calculated-metrics-service/SSLDomainin-cftsscsperf
2021-03-16 11:00:33 DEBUG 		nonprod-project/calculated-metrics-service/amretrieveroleassignmentsbyactoridrequestcountfail
2021-03-16 11:00:33 DEBUG 		nonprod-project/calculated-metrics-service/rpegetletterstatusrequestcountfail
2021-03-16 11:00:33 DEBUG 		nonprod-project/calculated-metrics-service/calcservicecalcservicedivcaseallowshareacasesfaile
2021-03-16 11:00:33 DEBUG 		nonprod-project/calculated-metrics-service/SSLDomainin-cftfamilypubliclawstg
2021-03-16 11:00:33 DEBUG 		nonprod-project/calculated-metrics-service/SSLDomainout-cftdivorceperf
2021-03-16 11:00:33 DEBUG 		nonprod-project/calculated-metrics-service/SSLDomainout-cftdivorcestg
2021-03-16 11:00:33 DEBUG 		nonprod-project/calculated-metrics-service/idamhealthrequestcount
2021-03-16 11:00:33 DEBUG 		nonprod-project/calculated-metrics-service/calcserviceccdapigatewayactivitycasesrequestcountf
2021-03-16 11:00:33 DEBUG 		nonprod-project/calculated-metrics-service/ccdapigatewayoauth2requestcountfail
2021-03-16 11:00:33 DEBUG 		nonprod-project/calculated-metrics-service/SSLDomainout-dtscvpstg
2021-03-16 11:00:33 DEBUG 		nonprod-project/calculated-metrics-service/SSLDomainin-cftidamsbox
2021-03-16 11:00:33 DEBUG 		nonprod-project/calculated-metrics-service/SSLDomainin-cftpalononprodldataperf
2021-03-16 11:00:33 DEBUG 		nonprod-project/calculated-metrics-service/ccdcasecontrollercreatecaserequestcount
2021-03-16 11:00:33 DEBUG 		nonprod-project/calculated-metrics-service/ccdcasecontrollergetcaserequestcountfail
2021-03-16 11:00:33 DEBUG 		nonprod-project/calculated-metrics-service/idamhealthlivenessrequestcount
2021-03-16 11:00:33 DEBUG 		nonprod-project/calculated-metrics-service/ccdstarteventforcitizenrequestcountsuccess
2021-03-16 11:00:33 DEBUG 		nonprod-project/calculated-metrics-service/ccdhealthrequestcount
2021-03-16 11:00:33 DEBUG 		nonprod-project/calculated-metrics-service/SSLDomainout-cftsscsperf
2021-03-16 11:00:33 DEBUG 		nonprod-project/calculated-metrics-service/SSLDomainin-cftsscsstg
2021-03-16 11:00:33 DEBUG 		nonprod-project/calculated-metrics-service/calcservicecalcservicecalcserviceccdremovecaseuser
2021-03-16 11:00:33 DEBUG 		nonprod-project/calculated-metrics-service/ccddefstoreapijurisdictionsrequestcountsuccess
2021-03-16 11:00:33 DEBUG 		nonprod-project/calculated-metrics-service/SSLDomainout-cftldata
2021-03-16 11:00:33 DEBUG 		nonprod-project/calculated-metrics-service/SSLDomainout-cftforgerockstg
2021-03-16 11:00:33 DEBUG 		nonprod-project/calculated-metrics-service/SSLDomainin-cftevidencemanagementperf
2021-03-16 11:00:33 DEBUG 		nonprod-project/calculated-metrics-service/SSLDomainout-cftcivilmoneyclaimsstg
2021-03-16 11:00:33 DEBUG 		nonprod-project/calculated-metrics-service/calcserviceccdremovecaseuserrolesrequestcountfail
2021-03-16 11:00:33 DEBUG 		nonprod-project/calculated-metrics-service/ccddefstoreapijurisdictionsrequestcountfail
2021-03-16 11:00:33 DEBUG 		nonprod-project/calculated-metrics-service/ccdapigatewaycaseactivitybyidrequestcountsuccess
2021-03-16 11:00:33 DEBUG 		nonprod-project/calculated-metrics-service/dmstorecreatetemplaterenditionrequestcountfail
2021-03-16 11:00:33 DEBUG 		nonprod-project/calculated-metrics-service/SSLDomainin-dtscvpstg
2021-03-16 11:00:33 DEBUG 		nonprod-project/calculated-metrics-service/SSLDomainout-cftxuistg
2021-03-16 11:00:33 DEBUG 		nonprod-project/calculated-metrics-service/SSLDomainin-cftforgerockstg
2021-03-16 11:00:33 DEBUG 		nonprod-project/calculated-metrics-service/SSLDomainout-cftfeespaymentsstg
2021-03-16 11:00:33 DEBUG 		nonprod-project/calculated-metrics-service/calcserviceccdhealthreadinessrequestcountfail
2021-03-16 11:00:33 DEBUG 		nonprod-project/calculated-metrics-service/ccdapigatewayvalidatefinremcontestedrequestcountsu
2021-03-16 11:00:33 DEBUG 		nonprod-project/calculated-metrics-service/SSLDomainout-cftpcqperf
2021-03-16 11:00:33 DEBUG 		nonprod-project/calculated-metrics-service/SSLDomainin-cftlegalrepcmcunspec
2021-03-16 11:00:33 DEBUG 		nonprod-project/calculated-metrics-service/SSLDomainout-cftecmperf
2021-03-16 11:00:33 DEBUG 		nonprod-project/calculated-metrics-service/ccdhealthreadinessrequestcountsuccess
2021-03-16 11:00:33 DEBUG 		nonprod-project/calculated-metrics-service/SSLDomainin-crime
2021-03-16 11:00:33 DEBUG 		nonprod-project/calculated-metrics-service/SSLDomainout-cftelasticsearchstg
2021-03-16 11:00:33 DEBUG 		nonprod-project/calculated-metrics-service/SSLDomainout-cftccdstg
2021-03-16 11:00:33 DEBUG 		nonprod-project/calculated-metrics-service/ccdhealthrequestcountfail
2021-03-16 11:00:33 DEBUG 		nonprod-project/calculated-metrics-service/ccdhealthlivenessrequestcountfail
2021-03-16 11:00:33 DEBUG 		nonprod-project/calculated-metrics-service/ccdhealthrequestcountsuccess
2021-03-16 11:00:33 DEBUG 		nonprod-project/calculated-metrics-service/idamhealthrequestcountsuccess
2021-03-16 11:00:33 DEBUG 		nonprod-project/calculated-metrics-service/SSLDomainout-cftccdperf
2021-03-16 11:00:33 DEBUG 		nonprod-project/calculated-metrics-service/ccddatastoreinsertintocasedatarequestcountfail
2021-03-16 11:00:33 DEBUG 		nonprod-project/calculated-metrics-service/ccdsavecasedetailscaseworkerrequestcount
2021-03-16 11:00:33 DEBUG 		nonprod-project/calculated-metrics-service/WebAppAvgResponseTimeRequests
2021-03-16 11:00:33 DEBUG 		nonprod-project/calculated-metrics-service/SSLDomainin-cftcivilmoneyclaimsstg
2021-03-16 11:00:33 DEBUG 		nonprod-project/calculated-metrics-service/SSLDomainout-cftfinancialremedystg
2021-03-16 11:00:33 DEBUG 		nonprod-project/calculated-metrics-service/SSLDomainin-cftcivilunspecstg
2021-03-16 11:00:33 DEBUG 		nonprod-project/calculated-metrics-service/ccdapigatewaycaseworkerjurisdictionsrequestcountsu
2021-03-16 11:00:33 DEBUG 		nonprod-project/calculated-metrics-service/calcservicecalcserviceccdaddcaseuserrolesrequestco
2021-03-16 11:00:33 DEBUG 		nonprod-project/calculated-metrics-service/SSLDomainout-cftfamilypubliclawperf
2021-03-16 11:00:33 DEBUG 		nonprod-project/calculated-metrics-service/SSLDomainin-cftdivorceperf
2021-03-16 11:00:33 DEBUG 		nonprod-project/calculated-metrics-service/calcservicecalcserviceidamhealthlivenessrequestcou
2021-03-16 11:00:33 DEBUG 		nonprod-project/calculated-metrics-service/ccdhealthreadinessrequestcount
2021-03-16 11:00:33 DEBUG 		nonprod-project/calculated-metrics-service/dmstorecreateformrequestcountsuccess
2021-03-16 11:00:33 DEBUG 		nonprod-project/calculated-metrics-service/idamspringboothealthrequestcount
2021-03-16 11:00:33 DEBUG 		nonprod-project/calculated-metrics-service/SSLDomainin-cftaccessmanagementstg
2021-03-16 11:00:33 DEBUG 		nonprod-project/calculated-metrics-service/ccduicasesearchcasesrequestcount
2021-03-16 11:00:33 DEBUG 		nonprod-project/calculated-metrics-service/idamspringboothealthrequestcountsuccess
2021-03-16 11:00:33 DEBUG 		nonprod-project/calculated-metrics-service/ccdcasecontrollergetcaserequestcount
2021-03-16 11:00:33 DEBUG 		nonprod-project/calculated-metrics-service/calcserviceidamhealthrequestcountfail
2021-03-16 11:00:33 DEBUG 		nonprod-project/calculated-metrics-service/ccdcasecontrollercasesbyidrequestcountfail
