2021-03-16 09:28:54 DEBUG request log not activated
2021-03-16 09:28:54 DEBUG response log not activated
2021-03-16 09:28:54 INFO  Dynatrace Monitoring as Code v1.5.0
2021-03-16 09:28:54 DEBUG Reading projects...
2021-03-16 09:28:54 DEBUG   project - nonprod-project
2021-03-16 09:28:54 DEBUG Processing file: nonprod-project/calculated-metrics-service/calculated-metrics-service.yaml
2021-03-16 09:28:54 DEBUG Processing file: nonprod-project/management-zone/management-zone.yaml
2021-03-16 09:28:54 DEBUG 		nonprod-project/management-zone/CFT-Bulkprint-Staging
2021-03-16 09:28:54 DEBUG 		nonprod-project/management-zone/CFT-ProfessionalReferenceData-Staging
2021-03-16 09:28:54 DEBUG 		nonprod-project/management-zone/CrimeCPMDV
2021-03-16 09:28:54 DEBUG 		nonprod-project/management-zone/CFT-SSCS-Perf
2021-03-16 09:28:54 DEBUG 		nonprod-project/management-zone/CFT-EvidenceManagement-Staging
2021-03-16 09:28:54 DEBUG 		nonprod-project/management-zone/CFT-Bulkprint-Perf
2021-03-16 09:28:54 DEBUG 		nonprod-project/management-zone/CFT-Forgerock-Staging
2021-03-16 09:28:54 DEBUG 		nonprod-project/management-zone/SVCOFF
2021-03-16 09:28:54 DEBUG 		nonprod-project/management-zone/CFT-Elasticsearch-Perf
2021-03-16 09:28:54 DEBUG 		nonprod-project/management-zone/CFT-Divorce-Staging
2021-03-16 09:28:54 DEBUG 		nonprod-project/management-zone/CFT-BulkScan-Staging
2021-03-16 09:28:54 DEBUG 		nonprod-project/management-zone/CFT-ProfessionalReferenceData-Perf
2021-03-16 09:28:54 DEBUG 		nonprod-project/management-zone/Crime-ROTANFT
2021-03-16 09:28:54 DEBUG 		nonprod-project/management-zone/CFT-FinancialRemedy-Perf
2021-03-16 09:28:54 DEBUG 		nonprod-project/management-zone/CFT-XUI-Perf
2021-03-16 09:28:54 DEBUG 		nonprod-project/management-zone/CFT-CCD-Perf
2021-03-16 09:28:54 DEBUG 		nonprod-project/management-zone/CFT-ECM-Perf
2021-03-16 09:28:54 DEBUG 		nonprod-project/management-zone/CFT-ImmigrationandAsylum-Staging
2021-03-16 09:28:54 DEBUG 		nonprod-project/management-zone/Crime-CPNFT
2021-03-16 09:28:54 DEBUG 		nonprod-project/management-zone/CFT-Perf
2021-03-16 09:28:54 DEBUG 		nonprod-project/management-zone/CFT-LDATA
2021-03-16 09:28:54 DEBUG 		nonprod-project/management-zone/CFT-Elasticsearch-Staging
2021-03-16 09:28:54 DEBUG 		nonprod-project/management-zone/CFT-FeesPayments-Staging
2021-03-16 09:28:54 DEBUG 		nonprod-project/management-zone/CFT-AccessManagement-Staging
2021-03-16 09:28:54 DEBUG 		nonprod-project/management-zone/CFT-Staging
2021-03-16 09:28:54 DEBUG 		nonprod-project/management-zone/CFT-FinancialRemedy-Staging
2021-03-16 09:28:54 DEBUG 		nonprod-project/management-zone/CFT-ECM-Staging
2021-03-16 09:28:54 DEBUG 		nonprod-project/management-zone/CFT-SSCS-Staging
2021-03-16 09:28:54 DEBUG 		nonprod-project/management-zone/CFT-PaloNon-ProdPerfLDATA
2021-03-16 09:28:54 DEBUG 		nonprod-project/management-zone/CFT-IDAM-Sandbox
2021-03-16 09:28:54 DEBUG 		nonprod-project/management-zone/CFT-AccessManagement-Perf
2021-03-16 09:28:54 DEBUG 		nonprod-project/management-zone/CFT-ImmigrationandAsylum-Perf
2021-03-16 09:28:54 DEBUG 		nonprod-project/management-zone/DTS-CVP-Perf
2021-03-16 09:28:54 DEBUG 		nonprod-project/management-zone/CFT-EvidenceManagement-Perf
2021-03-16 09:28:54 DEBUG 		nonprod-project/management-zone/CFT-PCQ-Staging
2021-03-16 09:28:54 DEBUG 		nonprod-project/management-zone/DTS-CVP-Staging
2021-03-16 09:28:54 DEBUG 		nonprod-project/management-zone/CFT-Probate-Staging
2021-03-16 09:28:54 DEBUG 		nonprod-project/management-zone/CFT-CCD-Staging
2021-03-16 09:28:54 DEBUG 		nonprod-project/management-zone/CFT-Probate-Perf
2021-03-16 09:28:54 DEBUG 		nonprod-project/management-zone/CFT-FamilyPublicLaw-Perf
2021-03-16 09:28:54 DEBUG 		nonprod-project/management-zone/DTS-HMI-Dev
2021-03-16 09:28:54 DEBUG 		nonprod-project/management-zone/Crime
2021-03-16 09:28:54 DEBUG 		nonprod-project/management-zone/CFT-CivilMoneyClaims-Staging
2021-03-16 09:28:54 DEBUG 		nonprod-project/management-zone/CFT
2021-03-16 09:28:54 DEBUG 		nonprod-project/management-zone/Crime-IdAM-NFT
2021-03-16 09:28:54 DEBUG 		nonprod-project/management-zone/CFT-XUI-Staging
2021-03-16 09:28:54 DEBUG 		nonprod-project/management-zone/CFT-IDAM-Staging
2021-03-16 09:28:54 DEBUG 		nonprod-project/management-zone/CFT-IDAM-Perf
2021-03-16 09:28:54 DEBUG 		nonprod-project/management-zone/CFT-BulkScan-Perf
2021-03-16 09:28:54 DEBUG 		nonprod-project/management-zone/CFT-ECM-LDATA
2021-03-16 09:28:54 DEBUG 		nonprod-project/management-zone/CFT-Divorce-Perf
2021-03-16 09:28:54 DEBUG 		nonprod-project/management-zone/CFT-LegalRepCMCUnspec
2021-03-16 09:28:54 DEBUG 		nonprod-project/management-zone/CFT-CivilUnspec-Staging
2021-03-16 09:28:54 DEBUG 		nonprod-project/management-zone/CFT-FamilyPublicLaw-Staging
2021-03-16 09:28:54 DEBUG 		nonprod-project/management-zone/CFT-FeesPayments-Perf
2021-03-16 09:28:54 DEBUG 		nonprod-project/management-zone/CFT-PCQ-Perf
2021-03-16 09:28:54 DEBUG 		nonprod-project/calculated-metrics-service/ccdsearchcasesforcitizensrequestcountsuccess
2021-03-16 09:28:54 DEBUG 		nonprod-project/calculated-metrics-service/SSLDomainout-cftxuiperf
2021-03-16 09:28:54 DEBUG 		nonprod-project/calculated-metrics-service/SSLDomainout-cftlegalrepcmcunspec
2021-03-16 09:28:54 DEBUG 		nonprod-project/calculated-metrics-service/SSLDomainout-cftimmigrationandasylumstg
2021-03-16 09:28:54 DEBUG 		nonprod-project/calculated-metrics-service/SSLDomainout-cftccdperf
2021-03-16 09:28:54 DEBUG 		nonprod-project/calculated-metrics-service/calcservicedivcaseallowshareacasesuccesscount
2021-03-16 09:28:54 DEBUG 		nonprod-project/calculated-metrics-service/idamhealthlivenessrequestcount
2021-03-16 09:28:54 DEBUG 		nonprod-project/calculated-metrics-service/ccdcreatecaseeventforcaseworkerrequestcountsuccess
2021-03-16 09:28:54 DEBUG 		nonprod-project/calculated-metrics-service/SSLDomainin-cftldata
2021-03-16 09:28:54 DEBUG 		nonprod-project/calculated-metrics-service/SSLDomainin-cftecmstg
2021-03-16 09:28:54 DEBUG 		nonprod-project/calculated-metrics-service/SSLDomainout-cftcivilunspecstg
2021-03-16 09:28:54 DEBUG 		nonprod-project/calculated-metrics-service/dmstorecreatetemplaterenditionrequestcountfail
2021-03-16 09:28:54 DEBUG 		nonprod-project/calculated-metrics-service/idamhealthrequestcount
2021-03-16 09:28:54 DEBUG 		nonprod-project/calculated-metrics-service/ccdhealthrequestcountfail
2021-03-16 09:28:54 DEBUG 		nonprod-project/calculated-metrics-service/fplhandleabouttosubmiteventrequestcountfail
2021-03-16 09:28:54 DEBUG 		nonprod-project/calculated-metrics-service/ccdhealthrequestcountsuccess
2021-03-16 09:28:54 DEBUG 		nonprod-project/calculated-metrics-service/calcservicecalcserviceccdaddcaseuserrolesrequestco
2021-03-16 09:28:54 DEBUG 		nonprod-project/calculated-metrics-service/SSLDomainout-cftevidencemanagementstg
2021-03-16 09:28:54 DEBUG 		nonprod-project/calculated-metrics-service/SSLDomainin-cftcivilunspecstg
2021-03-16 09:28:54 DEBUG 		nonprod-project/calculated-metrics-service/ccdcasedefdivorcerequestcount
2021-03-16 09:28:54 DEBUG 		nonprod-project/calculated-metrics-service/SSLDomainin-dtscvpstg
2021-03-16 09:28:54 DEBUG 		nonprod-project/calculated-metrics-service/SSLDomainout-cftevidencemanagementperf
2021-03-16 09:28:54 DEBUG 		nonprod-project/calculated-metrics-service/ccdstarteventforcitizenrequestcount
2021-03-16 09:28:54 DEBUG 		nonprod-project/calculated-metrics-service/rpegetletterstatusrequestcountsuccess
2021-03-16 09:28:54 DEBUG 		nonprod-project/calculated-metrics-service/ccdcasecontrollercreateeventrequestcount
2021-03-16 09:28:54 DEBUG 		nonprod-project/calculated-metrics-service/ccdhealthlivenessrequestcountfail
2021-03-16 09:28:54 DEBUG 		nonprod-project/calculated-metrics-service/SSLDomainout-cftidamsbox
2021-03-16 09:28:54 DEBUG 		nonprod-project/calculated-metrics-service/SSLDomainin-cftidamperf
2021-03-16 09:28:54 DEBUG 		nonprod-project/calculated-metrics-service/SSLDomainout-cftecmldata
2021-03-16 09:28:54 DEBUG 		nonprod-project/calculated-metrics-service/amdeleteroleassignmentbyidrequestcountfail
2021-03-16 09:28:54 DEBUG 		nonprod-project/calculated-metrics-service/ccdapigatewaycaseworkerjurisdictionsrequestcountfa
2021-03-16 09:28:54 DEBUG 		nonprod-project/calculated-metrics-service/SSLDomainin-dtshmidev
2021-03-16 09:28:54 DEBUG 		nonprod-project/calculated-metrics-service/SSLDomainout-cftfinancialremedyperf
2021-03-16 09:28:54 DEBUG 		nonprod-project/calculated-metrics-service/SSLDomainout-cftprofessionalreferencedataestg
2021-03-16 09:28:54 DEBUG 		nonprod-project/calculated-metrics-service/SSLDomainin-cftecmperf
2021-03-16 09:28:54 DEBUG 		nonprod-project/calculated-metrics-service/SSLDomainout-cftaccessmanagementperf
2021-03-16 09:28:54 DEBUG 		nonprod-project/calculated-metrics-service/amcreateroleassignmentrequestcountfail
2021-03-16 09:28:54 DEBUG 		nonprod-project/calculated-metrics-service/ccduserprofilerequestcount
2021-03-16 09:28:54 DEBUG 		nonprod-project/calculated-metrics-service/SSLDomainin-cftfinancialremedyperf
2021-03-16 09:28:54 DEBUG 		nonprod-project/calculated-metrics-service/SSLDomainin-cftpcqperf
2021-03-16 09:28:54 DEBUG 		nonprod-project/calculated-metrics-service/SSLDomainout-cftpcqstg
2021-03-16 09:28:54 DEBUG 		nonprod-project/calculated-metrics-service/SSLDomainout-cftdivorceperf
2021-03-16 09:28:54 DEBUG 		nonprod-project/calculated-metrics-service/calcserviceccdapigatewayactivitycasesrequestcountf
2021-03-16 09:28:54 DEBUG 		nonprod-project/calculated-metrics-service/ccdgetcaseviewrequestcountfail
2021-03-16 09:28:54 DEBUG 		nonprod-project/calculated-metrics-service/SSLDomainout-cftpcqperf
2021-03-16 09:28:54 DEBUG 		nonprod-project/calculated-metrics-service/SSLDomainin-cftfeespaymentsperf
2021-03-16 09:28:54 DEBUG 		nonprod-project/calculated-metrics-service/SSLDomainout-cftelasticsearchstg
2021-03-16 09:28:54 DEBUG 		nonprod-project/calculated-metrics-service/amcreateroleassignmentrequestcount
2021-03-16 09:28:54 DEBUG 		nonprod-project/calculated-metrics-service/idam-apiAuthorizationControllerresponsetime
2021-03-16 09:28:54 DEBUG 		nonprod-project/calculated-metrics-service/SSLDomainout-crime
2021-03-16 09:28:54 DEBUG 		nonprod-project/calculated-metrics-service/ccdapigatewayvalidatefinremcontestedrequestcountsu
2021-03-16 09:28:54 DEBUG 		nonprod-project/calculated-metrics-service/SSLDomainin-cftelasticsearchperf
2021-03-16 09:28:54 DEBUG 		nonprod-project/calculated-metrics-service/SSLDomainout-dtshmidev
2021-03-16 09:28:54 DEBUG 		nonprod-project/calculated-metrics-service/SSLDomainin-cftprobatestg
2021-03-16 09:28:54 DEBUG 		nonprod-project/calculated-metrics-service/calcservicecalcservicecalcserviceccdremovecaseuser
2021-03-16 09:28:54 DEBUG 		nonprod-project/calculated-metrics-service/ccdcreatecaseeventforcaseworkerrequestcountfail
2021-03-16 09:28:54 DEBUG 		nonprod-project/calculated-metrics-service/SSLDomainin-cftidamstg
2021-03-16 09:28:54 DEBUG 		nonprod-project/calculated-metrics-service/calcservicecalcserviceccdremovecaseuserrolesreques
2021-03-16 09:28:54 DEBUG 		nonprod-project/calculated-metrics-service/ccdcasecontrollercreateeventrequestcountsuccess
2021-03-16 09:28:54 DEBUG 		nonprod-project/calculated-metrics-service/ccduicasesearchcasesrequestcountfail
2021-03-16 09:28:54 DEBUG 		nonprod-project/calculated-metrics-service/amretrieveroleassignmentsbyactoridrequestcountsucc
2021-03-16 09:28:54 DEBUG 		nonprod-project/calculated-metrics-service/idamspringboothealthrequestcountfail
2021-03-16 09:28:54 DEBUG 		nonprod-project/calculated-metrics-service/SSLDomainin-cftprobateperf
2021-03-16 09:28:54 DEBUG 		nonprod-project/calculated-metrics-service/SSLDomainout-cftpalononprodldataperf
2021-03-16 09:28:54 DEBUG 		nonprod-project/calculated-metrics-service/SSLDomainout-cftaccessmanagementstg
2021-03-16 09:28:54 DEBUG 		nonprod-project/calculated-metrics-service/ccdcreateCaseEventForCaseWorkerrequestcount
2021-03-16 09:28:54 DEBUG 		nonprod-project/calculated-metrics-service/ccddefstoreapijurisdictionsrequestcountfail
2021-03-16 09:28:54 DEBUG 		nonprod-project/calculated-metrics-service/SSLDomainout-cftfamilypubliclawperf
2021-03-16 09:28:54 DEBUG 		nonprod-project/calculated-metrics-service/SSLDomainin-cftbulkprintperf
2021-03-16 09:28:54 DEBUG 		nonprod-project/calculated-metrics-service/ccdstarteventforcaseworkerrequestcountsuccess
2021-03-16 09:28:54 DEBUG 		nonprod-project/calculated-metrics-service/SSLDomainout-cftidamstg
2021-03-16 09:28:54 DEBUG 		nonprod-project/calculated-metrics-service/SSLDomainin-cftdivorceperf
2021-03-16 09:28:54 DEBUG 		nonprod-project/calculated-metrics-service/ccdapigatewaybenefitcasesrequestcount
2021-03-16 09:28:54 DEBUG 		nonprod-project/calculated-metrics-service/dmstorecreateformrequestcount
2021-03-16 09:28:54 DEBUG 		nonprod-project/calculated-metrics-service/calcservicecalcservicedivcaseallowshareacasesfaile
2021-03-16 09:28:54 DEBUG 		nonprod-project/calculated-metrics-service/ccdgetcaseuserrolesrequestcount
2021-03-16 09:28:54 DEBUG 		nonprod-project/calculated-metrics-service/ccdstarteventforcaseworkerrequestcountfail
2021-03-16 09:28:54 DEBUG 		nonprod-project/calculated-metrics-service/amcreateroleassignmentrequestcountsuccess
2021-03-16 09:28:54 DEBUG 		nonprod-project/calculated-metrics-service/SSLDomainout-cftccdstg
2021-03-16 09:28:54 DEBUG 		nonprod-project/calculated-metrics-service/ccdapigatewayinternalsearchcasesrequestcount
2021-03-16 09:28:54 DEBUG 		nonprod-project/calculated-metrics-service/calcserviceccdhealthreadinessrequestcountfail
2021-03-16 09:28:54 DEBUG 		nonprod-project/calculated-metrics-service/SSLDomainout-cftfamilypubliclawstg
2021-03-16 09:28:54 DEBUG 		nonprod-project/calculated-metrics-service/SSLDomainout-cftbulkprintstg
2021-03-16 09:28:54 DEBUG 		nonprod-project/calculated-metrics-service/SSLDomainin-cftbulkprintstg
2021-03-16 09:28:54 DEBUG 		nonprod-project/calculated-metrics-service/ccdapigatewayvalidatefinremcontestedrequestcountfa
2021-03-16 09:28:54 DEBUG 		nonprod-project/calculated-metrics-service/idamhealthrequestcountsuccess
2021-03-16 09:28:54 DEBUG 		nonprod-project/calculated-metrics-service/fplhandlesubmittedeventrequestcount
2021-03-16 09:28:54 DEBUG 		nonprod-project/calculated-metrics-service/SSLDomainin-cftsscsperf
2021-03-16 09:28:54 DEBUG 		nonprod-project/calculated-metrics-service/SSLDomainout-cftfinancialremedystg
2021-03-16 09:28:54 DEBUG 		nonprod-project/calculated-metrics-service/SSLDomainin-cftelasticsearchstg
2021-03-16 09:28:54 DEBUG 		nonprod-project/calculated-metrics-service/ccddatastoreinsertintocasedatarequestcountfail
2021-03-16 09:28:54 DEBUG 		nonprod-project/calculated-metrics-service/calcserviceidamhealthrequestcountfail
2021-03-16 09:28:54 DEBUG 		nonprod-project/calculated-metrics-service/calcserviceidamhealthlivenessrequestcountfail
2021-03-16 09:28:54 DEBUG 		nonprod-project/calculated-metrics-service/amretrieveRoleAssignmentsByActorIdrequestcount
2021-03-16 09:28:54 DEBUG 		nonprod-project/calculated-metrics-service/ccdhealthreadinessrequestcountsuccess
2021-03-16 09:28:54 DEBUG 		nonprod-project/calculated-metrics-service/ccdapigatewaycaseactivitybyidrequestcountsuccess
2021-03-16 09:28:54 DEBUG 		nonprod-project/calculated-metrics-service/SSLDomainin-crimerotanft
2021-03-16 09:28:54 DEBUG 		nonprod-project/calculated-metrics-service/ccddatastoreinsertintocasedatarequestcount
2021-03-16 09:28:54 DEBUG 		nonprod-project/calculated-metrics-service/calcserviceccdgetcaseuserrolesrequestcountfail
2021-03-16 09:28:54 DEBUG 		nonprod-project/calculated-metrics-service/ccdstarteventforcitizenrequestcountfail
2021-03-16 09:28:54 DEBUG 		nonprod-project/calculated-metrics-service/ccdhealthlivenessrequestcount
2021-03-16 09:28:54 DEBUG 		nonprod-project/calculated-metrics-service/ccddefstoreapijurisdictionsrequestcountsuccess
2021-03-16 09:28:54 DEBUG 		nonprod-project/calculated-metrics-service/SSLDomainout-cftprofessionalreferencedataeperf
2021-03-16 09:28:54 DEBUG 		nonprod-project/calculated-metrics-service/ccdstarteventforcaseworkerrequestcount
2021-03-16 09:28:54 DEBUG 		nonprod-project/calculated-metrics-service/idamspringboothealthrequestcountsuccess
2021-03-16 09:28:54 DEBUG 		nonprod-project/calculated-metrics-service/calcserviceccdremovecaseuserrolesrequestcountfail
2021-03-16 09:28:54 DEBUG 		nonprod-project/calculated-metrics-service/WebAppAvgResponseTimeRequests
2021-03-16 09:28:54 DEBUG 		nonprod-project/calculated-metrics-service/SSLDomainin-cftfinancialremedystg
2021-03-16 09:28:54 DEBUG 		nonprod-project/calculated-metrics-service/calcservicecalcserviceidamhealthlivenessrequestcou
2021-03-16 09:28:54 DEBUG 		nonprod-project/calculated-metrics-service/ccdapigatewayoauth2requestcountfail
2021-03-16 09:28:54 DEBUG 		nonprod-project/calculated-metrics-service/SSLDomainout-crimecpmdv
2021-03-16 09:28:54 DEBUG 		nonprod-project/calculated-metrics-service/SSLDomainin-cftaccessmanagementstg
2021-03-16 09:28:54 DEBUG 		nonprod-project/calculated-metrics-service/ccdsearchcasesforcitizensrequestcountfail
2021-03-16 09:28:54 DEBUG 		nonprod-project/calculated-metrics-service/ccduserprofilerequestcountfail
2021-03-16 09:28:54 DEBUG 		nonprod-project/calculated-metrics-service/ccdcasecontrollercasesbyidrequestcountfail
2021-03-16 09:28:54 DEBUG 		nonprod-project/calculated-metrics-service/ccdgetjurisdictionsrequestcountfail
2021-03-16 09:28:54 DEBUG 		nonprod-project/calculated-metrics-service/ccdapigatewaybenefitcasesrequestcountsuccess
2021-03-16 09:28:54 DEBUG 		nonprod-project/calculated-metrics-service/ccdcasecontrollercasesbyidrequestcount
2021-03-16 09:28:54 DEBUG 		nonprod-project/calculated-metrics-service/SSLDomainin-cftpalononprodldataperf
2021-03-16 09:28:54 DEBUG 		nonprod-project/calculated-metrics-service/SSLDomainout-cftecmstg
2021-03-16 09:28:54 DEBUG 		nonprod-project/calculated-metrics-service/ccdseachcasesrequestcount
2021-03-16 09:28:54 DEBUG 		nonprod-project/calculated-metrics-service/fplhandleabouttosubmiteventrequestcount
2021-03-16 09:28:54 DEBUG 		nonprod-project/calculated-metrics-service/SSLDomainout-crimeidamnft
2021-03-16 09:28:54 DEBUG 		nonprod-project/calculated-metrics-service/SSLDomainout-crimerotanft
2021-03-16 09:28:54 DEBUG 		nonprod-project/calculated-metrics-service/SSLDomainout-cftforgerockstg
2021-03-16 09:28:54 DEBUG 		nonprod-project/calculated-metrics-service/SSLDomainin-cftprofessionalreferencedataeperf
2021-03-16 09:28:54 DEBUG 		nonprod-project/calculated-metrics-service/ccdaddcaseuserrolesrequestcount
2021-03-16 09:28:54 DEBUG 		nonprod-project/calculated-metrics-service/ccdcasecontrollercreateeventrequestcountfail
2021-03-16 09:28:54 DEBUG 		nonprod-project/calculated-metrics-service/ccduicasesearchcasesrequestcountsuccess
2021-03-16 09:28:54 DEBUG 		nonprod-project/calculated-metrics-service/ccdcasecontrollercreatecaserequestcountsuccess
2021-03-16 09:28:54 DEBUG 		nonprod-project/calculated-metrics-service/SSLDomainout-cftsscsstg
2021-03-16 09:28:54 DEBUG 		nonprod-project/calculated-metrics-service/SSLDomainout-cftbulkprintperf
2021-03-16 09:28:54 DEBUG 		nonprod-project/calculated-metrics-service/ccdcasecontrollercreatecaserequestcount
2021-03-16 09:28:54 DEBUG 		nonprod-project/calculated-metrics-service/dmstoregetbinaryrequestcountfail
2021-03-16 09:28:54 DEBUG 		nonprod-project/calculated-metrics-service/dmstorecreateformrequestcountfail
2021-03-16 09:28:54 DEBUG 		nonprod-project/calculated-metrics-service/ccdstarteventforcitizenrequestcountsuccess
2021-03-16 09:28:54 DEBUG 		nonprod-project/calculated-metrics-service/ccdseachcasesrequestcountfail
2021-03-16 09:28:54 DEBUG 		nonprod-project/calculated-metrics-service/SSLDomainout-cftecmperf
2021-03-16 09:28:54 DEBUG 		nonprod-project/calculated-metrics-service/SSLDomainout-cftbulkscanstg
2021-03-16 09:28:54 DEBUG 		nonprod-project/calculated-metrics-service/dmstorecreatetemplaterenditionrequestcountsuccess
2021-03-16 09:28:54 DEBUG 		nonprod-project/calculated-metrics-service/ccdapigatewaycaseactivitybyidrequestcountfail
2021-03-16 09:28:54 DEBUG 		nonprod-project/calculated-metrics-service/ccduserprofilerequestcountsuccess
2021-03-16 09:28:54 DEBUG 		nonprod-project/calculated-metrics-service/ccduicasesearchcasesrequestcount
2021-03-16 09:28:54 DEBUG 		nonprod-project/calculated-metrics-service/dmstoregetbinaryrequestcount
2021-03-16 09:28:54 DEBUG 		nonprod-project/calculated-metrics-service/SSLDomainin-cftsscsstg
2021-03-16 09:28:54 DEBUG 		nonprod-project/calculated-metrics-service/SSLDomainout-cftdivorcestg
2021-03-16 09:28:54 DEBUG 		nonprod-project/calculated-metrics-service/ccdcasedefdivorcerequestcountsuccess
2021-03-16 09:28:54 DEBUG 		nonprod-project/calculated-metrics-service/SSLDomainout-cftfeespaymentsstg
2021-03-16 09:28:54 DEBUG 		nonprod-project/calculated-metrics-service/SSLDomainout-cftcivilmoneyclaimsstg
2021-03-16 09:28:54 DEBUG 		nonprod-project/calculated-metrics-service/ccdcasecontrollercreatecaserequestcountfail
2021-03-16 09:28:54 DEBUG 		nonprod-project/calculated-metrics-service/ccdgetcaseuserrolesrequestcountsuccess
2021-03-16 09:28:54 DEBUG 		nonprod-project/calculated-metrics-service/div-case-allowshareacase
2021-03-16 09:28:54 DEBUG 		nonprod-project/calculated-metrics-service/ccdcasecontrollergetcaserequestcountsuccess
2021-03-16 09:28:54 DEBUG 		nonprod-project/calculated-metrics-service/ccdapigatewayinternalsearchcasesrequestcountfail
2021-03-16 09:28:54 DEBUG 		nonprod-project/calculated-metrics-service/ccdapigatewayinternalsearchcasesrequestcountsucces
2021-03-16 09:28:54 DEBUG 		nonprod-project/calculated-metrics-service/amdeleteroleassignmentbyidrequestcount
2021-03-16 09:28:54 DEBUG 		nonprod-project/calculated-metrics-service/ccdapigatewayvalidatefinremcontestedrequestcount
2021-03-16 09:28:54 DEBUG 		nonprod-project/calculated-metrics-service/SSLDomainout-crimecpnft
2021-03-16 09:28:54 DEBUG 		nonprod-project/calculated-metrics-service/SSLDomainin-cftcivilmoneyclaimsstg
2021-03-16 09:28:54 DEBUG 		nonprod-project/calculated-metrics-service/ccdapigatewayactivitycasesrequestcount
2021-03-16 09:28:54 DEBUG 		nonprod-project/calculated-metrics-service/ccdhealthrequestcount
2021-03-16 09:28:54 DEBUG 		nonprod-project/calculated-metrics-service/ccdcasedefdivorcerequestcountfail
2021-03-16 09:28:54 DEBUG 		nonprod-project/calculated-metrics-service/ccdgetcaseviewrequestcount
2021-03-16 09:28:54 DEBUG 		nonprod-project/calculated-metrics-service/amretrieveroleassignmentsbyactoridrequestcountfail
2021-03-16 09:28:54 DEBUG 		nonprod-project/calculated-metrics-service/ccdgetcaseviewrequestcountsuccess
2021-03-16 09:28:54 DEBUG 		nonprod-project/calculated-metrics-service/SSLDomainin-cftccdperf
2021-03-16 09:28:54 DEBUG 		nonprod-project/calculated-metrics-service/SSLDomainout-cftprobatestg
2021-03-16 09:28:54 DEBUG 		nonprod-project/calculated-metrics-service/SSLDomainin-cftfamilypubliclawstg
2021-03-16 09:28:54 DEBUG 		nonprod-project/calculated-metrics-service/calcservicecalcserviceccdapigatewayactivitycasesre
2021-03-16 09:28:54 DEBUG 		nonprod-project/calculated-metrics-service/ccdsavecasedetailscaseworkerrequestcountfail
2021-03-16 09:28:54 DEBUG 		nonprod-project/calculated-metrics-service/SSLDomainout-cftxuistg
2021-03-16 09:28:54 DEBUG 		nonprod-project/calculated-metrics-service/dmstorecreatetemplaterenditionrequestcount
2021-03-16 09:28:54 DEBUG 		nonprod-project/calculated-metrics-service/dmstoregetbinaryrequestcountsuccess
2021-03-16 09:28:54 DEBUG 		nonprod-project/calculated-metrics-service/SSLDomainin-cftdivorcestg
2021-03-16 09:28:54 DEBUG 		nonprod-project/calculated-metrics-service/ccdseachcasesrequestcountsuccess
2021-03-16 09:28:54 DEBUG 		nonprod-project/calculated-metrics-service/SSLDomainin-cftaccessmanagementperf
2021-03-16 09:28:54 DEBUG 		nonprod-project/calculated-metrics-service/SSLDomainin-cftbulkscanstg
2021-03-16 09:28:54 DEBUG 		nonprod-project/calculated-metrics-service/SSLDomainin-cftecmldata
2021-03-16 09:28:54 DEBUG 		nonprod-project/calculated-metrics-service/ccdapigatewaybenefitcasesrequestcountfail
2021-03-16 09:28:54 DEBUG 		nonprod-project/calculated-metrics-service/ccdcasecontrollergetcaserequestcountfail
2021-03-16 09:28:54 DEBUG 		nonprod-project/calculated-metrics-service/ccdapigatewaycaseactivitybyidrequestcount
2021-03-16 09:28:54 DEBUG 		nonprod-project/calculated-metrics-service/ccdcasecontrollergetcaserequestcount
2021-03-16 09:28:54 DEBUG 		nonprod-project/calculated-metrics-service/SSLDomainout-dtscvpperf
2021-03-16 09:28:54 DEBUG 		nonprod-project/calculated-metrics-service/SSLDomainout-cftsscsperf
2021-03-16 09:28:54 DEBUG 		nonprod-project/calculated-metrics-service/SSLDomainout-cftldata
2021-03-16 09:28:54 DEBUG 		nonprod-project/calculated-metrics-service/SSLDomainout-cftelasticsearchperf
2021-03-16 09:28:54 DEBUG 		nonprod-project/calculated-metrics-service/calcservicecalcserviceccdgetcaseuserrolesrequestco
2021-03-16 09:28:54 DEBUG 		nonprod-project/calculated-metrics-service/SSLDomainin-cftlegalrepcmcunspec
2021-03-16 09:28:54 DEBUG 		nonprod-project/calculated-metrics-service/SSLDomainin-cftfamilypubliclawperf
2021-03-16 09:28:54 DEBUG 		nonprod-project/calculated-metrics-service/ccdhealthlivenessrequestcountsuccess
2021-03-16 09:28:54 DEBUG 		nonprod-project/calculated-metrics-service/ccdsearchcasesforcitizensrequestcount
2021-03-16 09:28:54 DEBUG 		nonprod-project/calculated-metrics-service/SSLDomainin-cftidamsbox
2021-03-16 09:28:54 DEBUG 		nonprod-project/calculated-metrics-service/WebAppAvgFailureRateRequests
2021-03-16 09:28:54 DEBUG 		nonprod-project/calculated-metrics-service/rpegetletterstatusrequestcountfail
2021-03-16 09:28:54 DEBUG 		nonprod-project/calculated-metrics-service/fplhandlesubmittedeventrequestcountsuccess
2021-03-16 09:28:54 DEBUG 		nonprod-project/calculated-metrics-service/ccdapigatewayoauth2requestcount
2021-03-16 09:28:54 DEBUG 		nonprod-project/calculated-metrics-service/SSLDomainin-crimecpmdv
2021-03-16 09:28:54 DEBUG 		nonprod-project/calculated-metrics-service/SSLDomainin-cftprofessionalreferencedataestg
2021-03-16 09:28:54 DEBUG 		nonprod-project/calculated-metrics-service/SSLDomainout-cftimmigrationandasylumperf
2021-03-16 09:28:54 DEBUG 		nonprod-project/calculated-metrics-service/SSLDomainin-cftimmigrationandasylumstg
2021-03-16 09:28:54 DEBUG 		nonprod-project/calculated-metrics-service/amdeleteroleassignmentbyidrequestcountsuccess
2021-03-16 09:28:54 DEBUG 		nonprod-project/calculated-metrics-service/ccddefstoreapijurisdictionsrequestcount
2021-03-16 09:28:54 DEBUG 		nonprod-project/calculated-metrics-service/fplhandlesubmittedeventrequestcountfail
2021-03-16 09:28:54 DEBUG 		nonprod-project/calculated-metrics-service/SSLDomainin-crime
2021-03-16 09:28:54 DEBUG 		nonprod-project/calculated-metrics-service/ccdremoveCaseUserRolesRequestCount
2021-03-16 09:28:54 DEBUG 		nonprod-project/calculated-metrics-service/SSLDomainin-cftxuiperf
2021-03-16 09:28:54 DEBUG 		nonprod-project/calculated-metrics-service/SSLDomainin-cftevidencemanagementperf
2021-03-16 09:28:54 DEBUG 		nonprod-project/calculated-metrics-service/SSLDomainout-cftbulkscanperf
2021-03-16 09:28:54 DEBUG 		nonprod-project/calculated-metrics-service/SSLDomainin-cftfeespaymentsstg
2021-03-16 09:28:54 DEBUG 		nonprod-project/calculated-metrics-service/ccdcasecontrollercasesbyidrequestcountsuccess
2021-03-16 09:28:54 DEBUG 		nonprod-project/calculated-metrics-service/ccdgetjurisdictionsrequestcount
2021-03-16 09:28:54 DEBUG 		nonprod-project/calculated-metrics-service/rpegetletterstatusrequestcount
2021-03-16 09:28:54 DEBUG 		nonprod-project/calculated-metrics-service/SSLDomainin-cftimmigrationandasylumperf
2021-03-16 09:28:54 DEBUG 		nonprod-project/calculated-metrics-service/ccdapigatewaycaseworkerjurisdictionsrequestcount
2021-03-16 09:28:54 DEBUG 		nonprod-project/calculated-metrics-service/SSLDomainout-cftidamperf
2021-03-16 09:28:54 DEBUG 		nonprod-project/calculated-metrics-service/SSLDomainin-cftbulkscanperf
2021-03-16 09:28:54 DEBUG 		nonprod-project/calculated-metrics-service/ccddatastoreinsertintocasedatarequestcountsuccess
2021-03-16 09:28:54 DEBUG 		nonprod-project/calculated-metrics-service/ccdgetjurisdictionsrequestcountsuccess
2021-03-16 09:28:54 DEBUG 		nonprod-project/calculated-metrics-service/ccdapigatewayoauth2requestcountsuccess
2021-03-16 09:28:54 DEBUG 		nonprod-project/calculated-metrics-service/SSLDomainin-crimecpnft
2021-03-16 09:28:54 DEBUG 		nonprod-project/calculated-metrics-service/SSLDomainin-crimeidamnft
2021-03-16 09:28:54 DEBUG 		nonprod-project/calculated-metrics-service/SSLDomainout-cftfeespaymentsperf
2021-03-16 09:28:54 DEBUG 		nonprod-project/calculated-metrics-service/fplhandleabouttosubmiteventrequestcountsuccess
2021-03-16 09:28:54 DEBUG 		nonprod-project/calculated-metrics-service/dmstorecreateformrequestcountsuccess
2021-03-16 09:28:54 DEBUG 		nonprod-project/calculated-metrics-service/SSLDomainin-dtscvpperf
2021-03-16 09:28:54 DEBUG 		nonprod-project/calculated-metrics-service/ccdapigatewaycaseworkerjurisdictionsrequestcountsu
2021-03-16 09:28:54 DEBUG 		nonprod-project/calculated-metrics-service/SSLDomainout-dtscvpstg
2021-03-16 09:28:54 DEBUG 		nonprod-project/calculated-metrics-service/SSLDomainin-cftforgerockstg
2021-03-16 09:28:54 DEBUG 		nonprod-project/calculated-metrics-service/SSLDomainout-cftprobateperf
2021-03-16 09:28:54 DEBUG 		nonprod-project/calculated-metrics-service/SSLDomainin-cftccdstg
2021-03-16 09:28:54 DEBUG 		nonprod-project/calculated-metrics-service/calcserviceccdaddcaseuserrolesrequestcountfail
2021-03-16 09:28:54 DEBUG 		nonprod-project/calculated-metrics-service/ccdhealthreadinessrequestcount
2021-03-16 09:28:54 DEBUG 		nonprod-project/calculated-metrics-service/ccdsavecasedetailscaseworkerrequestcountsuccess
2021-03-16 09:28:54 DEBUG 		nonprod-project/calculated-metrics-service/SSLDomainin-cftxuistg
2021-03-16 09:28:54 DEBUG 		nonprod-project/calculated-metrics-service/SSLDomainin-cftpcqstg
2021-03-16 09:28:54 DEBUG 		nonprod-project/calculated-metrics-service/idamspringboothealthrequestcount
2021-03-16 09:28:54 DEBUG 		nonprod-project/calculated-metrics-service/ccdsavecasedetailscaseworkerrequestcount
2021-03-16 09:28:54 DEBUG 		nonprod-project/calculated-metrics-service/SSLDomainin-cftevidencemanagementstg
2021-03-16 09:28:54 DEBUG Processing file: nonprod-project/calculated-metrics-service/calculated-metrics-service.yaml
2021-03-16 09:28:54 DEBUG Processing file: nonprod-project/management-zone/management-zone.yaml
2021-03-16 09:28:54 DEBUG 		nonprod-project/management-zone/DTS-CVP-Perf
2021-03-16 09:28:54 DEBUG 		nonprod-project/management-zone/CFT-Divorce-Perf
2021-03-16 09:28:54 DEBUG 		nonprod-project/management-zone/CFT-Bulkprint-Staging
2021-03-16 09:28:54 DEBUG 		nonprod-project/management-zone/CFT-Bulkprint-Perf
2021-03-16 09:28:54 DEBUG 		nonprod-project/management-zone/CFT-FamilyPublicLaw-Staging
2021-03-16 09:28:54 DEBUG 		nonprod-project/management-zone/CFT-IDAM-Sandbox
2021-03-16 09:28:54 DEBUG 		nonprod-project/management-zone/CFT-XUI-Staging
2021-03-16 09:28:54 DEBUG 		nonprod-project/management-zone/CFT-FinancialRemedy-Staging
2021-03-16 09:28:54 DEBUG 		nonprod-project/management-zone/CFT-Elasticsearch-Perf
2021-03-16 09:28:54 DEBUG 		nonprod-project/management-zone/CFT
2021-03-16 09:28:54 DEBUG 		nonprod-project/management-zone/CFT-FinancialRemedy-Perf
2021-03-16 09:28:54 DEBUG 		nonprod-project/management-zone/SVCOFF
2021-03-16 09:28:54 DEBUG 		nonprod-project/management-zone/Crime-ROTANFT
2021-03-16 09:28:54 DEBUG 		nonprod-project/management-zone/CFT-Divorce-Staging
2021-03-16 09:28:54 DEBUG 		nonprod-project/management-zone/CFT-SSCS-Perf
2021-03-16 09:28:54 DEBUG 		nonprod-project/management-zone/Crime-CPNFT
2021-03-16 09:28:54 DEBUG 		nonprod-project/management-zone/CFT-BulkScan-Staging
2021-03-16 09:28:54 DEBUG 		nonprod-project/management-zone/CFT-Probate-Perf
2021-03-16 09:28:54 DEBUG 		nonprod-project/management-zone/DTS-CVP-Staging
2021-03-16 09:28:54 DEBUG 		nonprod-project/management-zone/CFT-LDATA
2021-03-16 09:28:54 DEBUG 		nonprod-project/management-zone/CFT-PCQ-Staging
2021-03-16 09:28:54 DEBUG 		nonprod-project/management-zone/CFT-EvidenceManagement-Perf
2021-03-16 09:28:54 DEBUG 		nonprod-project/management-zone/CFT-ProfessionalReferenceData-Perf
2021-03-16 09:28:54 DEBUG 		nonprod-project/management-zone/CFT-Elasticsearch-Staging
2021-03-16 09:28:54 DEBUG 		nonprod-project/management-zone/CFT-CCD-Perf
2021-03-16 09:28:54 DEBUG 		nonprod-project/management-zone/CFT-CCD-Staging
2021-03-16 09:28:54 DEBUG 		nonprod-project/management-zone/CFT-AccessManagement-Perf
2021-03-16 09:28:54 DEBUG 		nonprod-project/management-zone/CFT-ImmigrationandAsylum-Staging
2021-03-16 09:28:54 DEBUG 		nonprod-project/management-zone/CFT-IDAM-Staging
2021-03-16 09:28:54 DEBUG 		nonprod-project/management-zone/CFT-IDAM-Perf
2021-03-16 09:28:54 DEBUG 		nonprod-project/management-zone/CFT-PaloNon-ProdPerfLDATA
2021-03-16 09:28:54 DEBUG 		nonprod-project/management-zone/CFT-ImmigrationandAsylum-Perf
2021-03-16 09:28:54 DEBUG 		nonprod-project/management-zone/CFT-ECM-LDATA
2021-03-16 09:28:54 DEBUG 		nonprod-project/management-zone/CFT-FeesPayments-Staging
2021-03-16 09:28:54 DEBUG 		nonprod-project/management-zone/Crime
2021-03-16 09:28:54 DEBUG 		nonprod-project/management-zone/DTS-HMI-Dev
2021-03-16 09:28:54 DEBUG 		nonprod-project/management-zone/CFT-AccessManagement-Staging
2021-03-16 09:28:54 DEBUG 		nonprod-project/management-zone/CFT-LegalRepCMCUnspec
2021-03-16 09:28:54 DEBUG 		nonprod-project/management-zone/CFT-Perf
2021-03-16 09:28:54 DEBUG 		nonprod-project/management-zone/CrimeCPMDV
2021-03-16 09:28:54 DEBUG 		nonprod-project/management-zone/CFT-CivilMoneyClaims-Staging
2021-03-16 09:28:54 DEBUG 		nonprod-project/management-zone/CFT-CivilUnspec-Staging
2021-03-16 09:28:54 DEBUG 		nonprod-project/management-zone/CFT-EvidenceManagement-Staging
2021-03-16 09:28:54 DEBUG 		nonprod-project/management-zone/CFT-ProfessionalReferenceData-Staging
2021-03-16 09:28:54 DEBUG 		nonprod-project/management-zone/CFT-BulkScan-Perf
2021-03-16 09:28:54 DEBUG 		nonprod-project/management-zone/CFT-FeesPayments-Perf
2021-03-16 09:28:54 DEBUG 		nonprod-project/management-zone/CFT-XUI-Perf
2021-03-16 09:28:54 DEBUG 		nonprod-project/management-zone/CFT-Forgerock-Staging
2021-03-16 09:28:54 DEBUG 		nonprod-project/management-zone/CFT-PCQ-Perf
2021-03-16 09:28:54 DEBUG 		nonprod-project/management-zone/CFT-Probate-Staging
2021-03-16 09:28:54 DEBUG 		nonprod-project/management-zone/CFT-Staging
2021-03-16 09:28:54 DEBUG 		nonprod-project/management-zone/Crime-IdAM-NFT
2021-03-16 09:28:54 DEBUG 		nonprod-project/management-zone/CFT-FamilyPublicLaw-Perf
2021-03-16 09:28:54 DEBUG 		nonprod-project/management-zone/CFT-ECM-Perf
2021-03-16 09:28:54 DEBUG 		nonprod-project/management-zone/CFT-SSCS-Staging
2021-03-16 09:28:54 DEBUG 		nonprod-project/management-zone/CFT-ECM-Staging
2021-03-16 09:28:54 DEBUG 		nonprod-project/calculated-metrics-service/ccdseachcasesrequestcountsuccess
2021-03-16 09:28:54 DEBUG 		nonprod-project/calculated-metrics-service/SSLDomainout-cftecmldata
2021-03-16 09:28:54 DEBUG 		nonprod-project/calculated-metrics-service/calcservicecalcserviceidamhealthlivenessrequestcou
2021-03-16 09:28:54 DEBUG 		nonprod-project/calculated-metrics-service/ccdapigatewayoauth2requestcountfail
2021-03-16 09:28:54 DEBUG 		nonprod-project/calculated-metrics-service/amdeleteroleassignmentbyidrequestcount
2021-03-16 09:28:54 DEBUG 		nonprod-project/calculated-metrics-service/SSLDomainout-cftfinancialremedystg
2021-03-16 09:28:54 DEBUG 		nonprod-project/calculated-metrics-service/SSLDomainin-cftaccessmanagementperf
2021-03-16 09:28:54 DEBUG 		nonprod-project/calculated-metrics-service/amdeleteroleassignmentbyidrequestcountsuccess
2021-03-16 09:28:54 DEBUG 		nonprod-project/calculated-metrics-service/ccdhealthrequestcount
2021-03-16 09:28:54 DEBUG 		nonprod-project/calculated-metrics-service/SSLDomainout-cftxuiperf
2021-03-16 09:28:54 DEBUG 		nonprod-project/calculated-metrics-service/SSLDomainin-dtscvpstg
2021-03-16 09:28:54 DEBUG 		nonprod-project/calculated-metrics-service/WebAppAvgFailureRateRequests
2021-03-16 09:28:54 DEBUG 		nonprod-project/calculated-metrics-service/ccdcasecontrollergetcaserequestcountfail
2021-03-16 09:28:54 DEBUG 		nonprod-project/calculated-metrics-service/ccduserprofilerequestcount
2021-03-16 09:28:54 DEBUG 		nonprod-project/calculated-metrics-service/SSLDomainout-dtscvpstg
2021-03-16 09:28:54 DEBUG 		nonprod-project/calculated-metrics-service/SSLDomainout-cftpcqperf
2021-03-16 09:28:54 DEBUG 		nonprod-project/calculated-metrics-service/SSLDomainin-cftelasticsearchperf
2021-03-16 09:28:54 DEBUG 		nonprod-project/calculated-metrics-service/SSLDomainout-cftdivorceperf
2021-03-16 09:28:54 DEBUG 		nonprod-project/calculated-metrics-service/calcservicecalcserviceccdaddcaseuserrolesrequestco
2021-03-16 09:28:54 DEBUG 		nonprod-project/calculated-metrics-service/SSLDomainin-cftsscsstg
2021-03-16 09:28:54 DEBUG 		nonprod-project/calculated-metrics-service/ccduserprofilerequestcountfail
2021-03-16 09:28:54 DEBUG 		nonprod-project/calculated-metrics-service/ccdgetcaseviewrequestcountfail
2021-03-16 09:28:54 DEBUG 		nonprod-project/calculated-metrics-service/amcreateroleassignmentrequestcountsuccess
2021-03-16 09:28:54 DEBUG 		nonprod-project/calculated-metrics-service/fplhandlesubmittedeventrequestcountfail
2021-03-16 09:28:54 DEBUG 		nonprod-project/calculated-metrics-service/SSLDomainout-cftprobatestg
2021-03-16 09:28:54 DEBUG 		nonprod-project/calculated-metrics-service/fplhandleabouttosubmiteventrequestcountfail
2021-03-16 09:28:54 DEBUG 		nonprod-project/calculated-metrics-service/calcserviceccdremovecaseuserrolesrequestcountfail
2021-03-16 09:28:54 DEBUG 		nonprod-project/calculated-metrics-service/ccdcasecontrollergetcaserequestcount
2021-03-16 09:28:54 DEBUG 		nonprod-project/calculated-metrics-service/calcservicecalcserviceccdgetcaseuserrolesrequestco
2021-03-16 09:28:54 DEBUG 		nonprod-project/calculated-metrics-service/ccdstarteventforcitizenrequestcount
2021-03-16 09:28:54 DEBUG 		nonprod-project/calculated-metrics-service/amcreateroleassignmentrequestcountfail
2021-03-16 09:28:54 DEBUG 		nonprod-project/calculated-metrics-service/ccdcasecontrollercreateeventrequestcountsuccess
2021-03-16 09:28:54 DEBUG 		nonprod-project/calculated-metrics-service/SSLDomainin-cftprofessionalreferencedataeperf
2021-03-16 09:28:54 DEBUG 		nonprod-project/calculated-metrics-service/SSLDomainout-cftlegalrepcmcunspec
2021-03-16 09:28:54 DEBUG 		nonprod-project/calculated-metrics-service/ccdcasecontrollercreatecaserequestcountfail
2021-03-16 09:28:54 DEBUG 		nonprod-project/calculated-metrics-service/idamspringboothealthrequestcount
2021-03-16 09:28:54 DEBUG 		nonprod-project/calculated-metrics-service/calcserviceidamhealthlivenessrequestcountfail
2021-03-16 09:28:54 DEBUG 		nonprod-project/calculated-metrics-service/SSLDomainout-cftidamstg
2021-03-16 09:28:54 DEBUG 		nonprod-project/calculated-metrics-service/SSLDomainin-cftfinancialremedyperf
2021-03-16 09:28:54 DEBUG 		nonprod-project/calculated-metrics-service/ccdcasecontrollercreateeventrequestcountfail
2021-03-16 09:28:54 DEBUG 		nonprod-project/calculated-metrics-service/ccdgetjurisdictionsrequestcountfail
2021-03-16 09:28:54 DEBUG 		nonprod-project/calculated-metrics-service/SSLDomainin-cftxuistg
2021-03-16 09:28:54 DEBUG 		nonprod-project/calculated-metrics-service/calcserviceccdgetcaseuserrolesrequestcountfail
2021-03-16 09:28:54 DEBUG 		nonprod-project/calculated-metrics-service/SSLDomainin-cftelasticsearchstg
2021-03-16 09:28:54 DEBUG 		nonprod-project/calculated-metrics-service/ccduicasesearchcasesrequestcountsuccess
2021-03-16 09:28:54 DEBUG 		nonprod-project/calculated-metrics-service/idamspringboothealthrequestcountfail
2021-03-16 09:28:54 DEBUG 		nonprod-project/calculated-metrics-service/SSLDomainin-cftcivilmoneyclaimsstg
2021-03-16 09:28:54 DEBUG 		nonprod-project/calculated-metrics-service/calcserviceccdapigatewayactivitycasesrequestcountf
2021-03-16 09:28:54 DEBUG 		nonprod-project/calculated-metrics-service/ccdcasedefdivorcerequestcountsuccess
2021-03-16 09:28:54 DEBUG 		nonprod-project/calculated-metrics-service/SSLDomainout-cftpcqstg
2021-03-16 09:28:54 DEBUG 		nonprod-project/calculated-metrics-service/SSLDomainout-cftcivilunspecstg
2021-03-16 09:28:54 DEBUG 		nonprod-project/calculated-metrics-service/WebAppAvgResponseTimeRequests
2021-03-16 09:28:54 DEBUG 		nonprod-project/calculated-metrics-service/SSLDomainin-crimerotanft
2021-03-16 09:28:54 DEBUG 		nonprod-project/calculated-metrics-service/ccdcasecontrollercasesbyidrequestcountsuccess
2021-03-16 09:28:54 DEBUG 		nonprod-project/calculated-metrics-service/ccduicasesearchcasesrequestcount
2021-03-16 09:28:54 DEBUG 		nonprod-project/calculated-metrics-service/ccdhealthlivenessrequestcountfail
2021-03-16 09:28:54 DEBUG 		nonprod-project/calculated-metrics-service/SSLDomainout-cftprobateperf
2021-03-16 09:28:54 DEBUG 		nonprod-project/calculated-metrics-service/ccddatastoreinsertintocasedatarequestcountsuccess
2021-03-16 09:28:54 DEBUG 		nonprod-project/calculated-metrics-service/ccduicasesearchcasesrequestcountfail
2021-03-16 09:28:54 DEBUG 		nonprod-project/calculated-metrics-service/ccddefstoreapijurisdictionsrequestcountfail
2021-03-16 09:28:54 DEBUG 		nonprod-project/calculated-metrics-service/dmstorecreateformrequestcountfail
2021-03-16 09:28:54 DEBUG 		nonprod-project/calculated-metrics-service/SSLDomainout-cftbulkprintperf
2021-03-16 09:28:54 DEBUG 		nonprod-project/calculated-metrics-service/SSLDomainin-crime
2021-03-16 09:28:54 DEBUG 		nonprod-project/calculated-metrics-service/SSLDomainin-dtscvpperf
2021-03-16 09:28:54 DEBUG 		nonprod-project/calculated-metrics-service/SSLDomainin-cftfinancialremedystg
2021-03-16 09:28:54 DEBUG 		nonprod-project/calculated-metrics-service/SSLDomainin-cftecmldata
2021-03-16 09:28:54 DEBUG 		nonprod-project/calculated-metrics-service/ccdcreateCaseEventForCaseWorkerrequestcount
2021-03-16 09:28:54 DEBUG 		nonprod-project/calculated-metrics-service/ccdapigatewaybenefitcasesrequestcountsuccess
2021-03-16 09:28:54 DEBUG 		nonprod-project/calculated-metrics-service/ccdstarteventforcitizenrequestcountfail
2021-03-16 09:28:54 DEBUG 		nonprod-project/calculated-metrics-service/SSLDomainout-crime
2021-03-16 09:28:54 DEBUG 		nonprod-project/calculated-metrics-service/SSLDomainin-cftfamilypubliclawstg
2021-03-16 09:28:54 DEBUG 		nonprod-project/calculated-metrics-service/SSLDomainin-cftecmperf
2021-03-16 09:28:54 DEBUG 		nonprod-project/calculated-metrics-service/ccdaddcaseuserrolesrequestcount
2021-03-16 09:28:54 DEBUG 		nonprod-project/calculated-metrics-service/SSLDomainin-cftbulkscanstg
2021-03-16 09:28:54 DEBUG 		nonprod-project/calculated-metrics-service/SSLDomainin-cftimmigrationandasylumstg
2021-03-16 09:28:54 DEBUG 		nonprod-project/calculated-metrics-service/SSLDomainout-cftfeespaymentsstg
2021-03-16 09:28:54 DEBUG 		nonprod-project/calculated-metrics-service/SSLDomainout-cftdivorcestg
2021-03-16 09:28:54 DEBUG 		nonprod-project/calculated-metrics-service/SSLDomainin-cftfeespaymentsstg
2021-03-16 09:28:54 DEBUG 		nonprod-project/calculated-metrics-service/ccdgetcaseviewrequestcount
2021-03-16 09:28:54 DEBUG 		nonprod-project/calculated-metrics-service/ccdcreatecaseeventforcaseworkerrequestcountfail
2021-03-16 09:28:54 DEBUG 		nonprod-project/calculated-metrics-service/SSLDomainin-cftecmstg
2021-03-16 09:28:54 DEBUG 		nonprod-project/calculated-metrics-service/SSLDomainin-cftprofessionalreferencedataestg
2021-03-16 09:28:54 DEBUG 		nonprod-project/calculated-metrics-service/SSLDomainout-cftfinancialremedyperf
2021-03-16 09:28:54 DEBUG 		nonprod-project/calculated-metrics-service/dmstorecreatetemplaterenditionrequestcount
2021-03-16 09:28:54 DEBUG 		nonprod-project/calculated-metrics-service/ccdapigatewayinternalsearchcasesrequestcountsucces
2021-03-16 09:28:54 DEBUG 		nonprod-project/calculated-metrics-service/SSLDomainout-cftevidencemanagementperf
2021-03-16 09:28:54 DEBUG 		nonprod-project/calculated-metrics-service/ccddatastoreinsertintocasedatarequestcountfail
2021-03-16 09:28:54 DEBUG 		nonprod-project/calculated-metrics-service/ccdgetjurisdictionsrequestcount
2021-03-16 09:28:54 DEBUG 		nonprod-project/calculated-metrics-service/ccdapigatewayinternalsearchcasesrequestcount
2021-03-16 09:28:54 DEBUG 		nonprod-project/calculated-metrics-service/SSLDomainin-cftpcqperf
2021-03-16 09:28:54 DEBUG 		nonprod-project/calculated-metrics-service/rpegetletterstatusrequestcountfail
2021-03-16 09:28:54 DEBUG 		nonprod-project/calculated-metrics-service/ccdhealthlivenessrequestcountsuccess
2021-03-16 09:28:54 DEBUG 		nonprod-project/calculated-metrics-service/SSLDomainin-cftevidencemanagementstg
2021-03-16 09:28:54 DEBUG 		nonprod-project/calculated-metrics-service/SSLDomainout-cftelasticsearchstg
2021-03-16 09:28:54 DEBUG 		nonprod-project/calculated-metrics-service/amdeleteroleassignmentbyidrequestcountfail
2021-03-16 09:28:54 DEBUG 		nonprod-project/calculated-metrics-service/SSLDomainout-crimerotanft
2021-03-16 09:28:54 DEBUG 		nonprod-project/calculated-metrics-service/SSLDomainin-crimecpnft
2021-03-16 09:28:54 DEBUG 		nonprod-project/calculated-metrics-service/idamhealthrequestcount
2021-03-16 09:28:54 DEBUG 		nonprod-project/calculated-metrics-service/ccdcasecontrollercasesbyidrequestcountfail
2021-03-16 09:28:54 DEBUG 		nonprod-project/calculated-metrics-service/SSLDomainout-cftprofessionalreferencedataestg
2021-03-16 09:28:54 DEBUG 		nonprod-project/calculated-metrics-service/SSLDomainin-cftpcqstg
2021-03-16 09:28:54 DEBUG 		nonprod-project/calculated-metrics-service/SSLDomainin-cftidamstg
2021-03-16 09:28:54 DEBUG 		nonprod-project/calculated-metrics-service/ccdgetcaseviewrequestcountsuccess
2021-03-16 09:28:54 DEBUG 		nonprod-project/calculated-metrics-service/SSLDomainout-cftsscsstg
2021-03-16 09:28:54 DEBUG 		nonprod-project/calculated-metrics-service/ccdcasecontrollergetcaserequestcountsuccess
2021-03-16 09:28:54 DEBUG 		nonprod-project/calculated-metrics-service/ccdapigatewaycaseworkerjurisdictionsrequestcount
2021-03-16 09:28:54 DEBUG 		nonprod-project/calculated-metrics-service/ccdgetcaseuserrolesrequestcount
2021-03-16 09:28:54 DEBUG 		nonprod-project/calculated-metrics-service/idamhealthrequestcountsuccess
2021-03-16 09:28:54 DEBUG 		nonprod-project/calculated-metrics-service/SSLDomainin-cftidamperf
2021-03-16 09:28:54 DEBUG 		nonprod-project/calculated-metrics-service/ccddefstoreapijurisdictionsrequestcount
2021-03-16 09:28:54 DEBUG 		nonprod-project/calculated-metrics-service/calcserviceccdaddcaseuserrolesrequestcountfail
2021-03-16 09:28:54 DEBUG 		nonprod-project/calculated-metrics-service/ccdsavecasedetailscaseworkerrequestcountsuccess
2021-03-16 09:28:54 DEBUG 		nonprod-project/calculated-metrics-service/idam-apiAuthorizationControllerresponsetime
2021-03-16 09:28:54 DEBUG 		nonprod-project/calculated-metrics-service/SSLDomainin-cftsscsperf
2021-03-16 09:28:54 DEBUG 		nonprod-project/calculated-metrics-service/rpegetletterstatusrequestcountsuccess
2021-03-16 09:28:54 DEBUG 		nonprod-project/calculated-metrics-service/ccdremoveCaseUserRolesRequestCount
2021-03-16 09:28:54 DEBUG 		nonprod-project/calculated-metrics-service/SSLDomainout-cftforgerockstg
2021-03-16 09:28:54 DEBUG 		nonprod-project/calculated-metrics-service/SSLDomainin-cftforgerockstg
2021-03-16 09:28:54 DEBUG 		nonprod-project/calculated-metrics-service/dmstoregetbinaryrequestcountfail
2021-03-16 09:28:54 DEBUG 		nonprod-project/calculated-metrics-service/dmstorecreateformrequestcountsuccess
2021-03-16 09:28:54 DEBUG 		nonprod-project/calculated-metrics-service/fplhandlesubmittedeventrequestcount
2021-03-16 09:28:54 DEBUG 		nonprod-project/calculated-metrics-service/idamhealthlivenessrequestcount
2021-03-16 09:28:54 DEBUG 		nonprod-project/calculated-metrics-service/fplhandleabouttosubmiteventrequestcount
2021-03-16 09:28:54 DEBUG 		nonprod-project/calculated-metrics-service/SSLDomainin-dtshmidev
2021-03-16 09:28:54 DEBUG 		nonprod-project/calculated-metrics-service/SSLDomainin-cftprobatestg
2021-03-16 09:28:54 DEBUG 		nonprod-project/calculated-metrics-service/SSLDomainin-cftlegalrepcmcunspec
2021-03-16 09:28:54 DEBUG 		nonprod-project/calculated-metrics-service/SSLDomainin-cftcivilunspecstg
2021-03-16 09:28:54 DEBUG 		nonprod-project/calculated-metrics-service/ccdcasecontrollercreatecaserequestcountsuccess
2021-03-16 09:28:54 DEBUG 		nonprod-project/calculated-metrics-service/ccdapigatewayvalidatefinremcontestedrequestcount
2021-03-16 09:28:54 DEBUG 		nonprod-project/calculated-metrics-service/SSLDomainout-cftimmigrationandasylumperf
2021-03-16 09:28:54 DEBUG 		nonprod-project/calculated-metrics-service/SSLDomainout-cftfamilypubliclawperf
2021-03-16 09:28:54 DEBUG 		nonprod-project/calculated-metrics-service/SSLDomainin-cftccdperf
2021-03-16 09:28:54 DEBUG 		nonprod-project/calculated-metrics-service/ccdstarteventforcaseworkerrequestcount
2021-03-16 09:28:54 DEBUG 		nonprod-project/calculated-metrics-service/SSLDomainin-cftidamsbox
2021-03-16 09:28:54 DEBUG 		nonprod-project/calculated-metrics-service/dmstorecreateformrequestcount
2021-03-16 09:28:54 DEBUG 		nonprod-project/calculated-metrics-service/ccddatastoreinsertintocasedatarequestcount
2021-03-16 09:28:54 DEBUG 		nonprod-project/calculated-metrics-service/calcservicecalcservicecalcserviceccdremovecaseuser
2021-03-16 09:28:54 DEBUG 		nonprod-project/calculated-metrics-service/SSLDomainout-dtshmidev
2021-03-16 09:28:54 DEBUG 		nonprod-project/calculated-metrics-service/SSLDomainout-cftldata
2021-03-16 09:28:54 DEBUG 		nonprod-project/calculated-metrics-service/SSLDomainin-cftbulkscanperf
2021-03-16 09:28:54 DEBUG 		nonprod-project/calculated-metrics-service/ccdcasecontrollercreateeventrequestcount
2021-03-16 09:28:54 DEBUG 		nonprod-project/calculated-metrics-service/ccdapigatewaycaseactivitybyidrequestcountsuccess
2021-03-16 09:28:54 DEBUG 		nonprod-project/calculated-metrics-service/ccdsearchcasesforcitizensrequestcount
2021-03-16 09:28:54 DEBUG 		nonprod-project/calculated-metrics-service/SSLDomainout-cftpalononprodldataperf
2021-03-16 09:28:54 DEBUG 		nonprod-project/calculated-metrics-service/SSLDomainin-cftbulkprintstg
2021-03-16 09:28:54 DEBUG 		nonprod-project/calculated-metrics-service/amretrieveroleassignmentsbyactoridrequestcountsucc
2021-03-16 09:28:54 DEBUG 		nonprod-project/calculated-metrics-service/ccduserprofilerequestcountsuccess
2021-03-16 09:28:54 DEBUG 		nonprod-project/calculated-metrics-service/calcservicecalcservicedivcaseallowshareacasesfaile
2021-03-16 09:28:54 DEBUG 		nonprod-project/calculated-metrics-service/ccdstarteventforcaseworkerrequestcountsuccess
2021-03-16 09:28:54 DEBUG 		nonprod-project/calculated-metrics-service/SSLDomainout-cftaccessmanagementstg
2021-03-16 09:28:54 DEBUG 		nonprod-project/calculated-metrics-service/ccdcasecontrollercreatecaserequestcount
2021-03-16 09:28:54 DEBUG 		nonprod-project/calculated-metrics-service/SSLDomainin-cftfamilypubliclawperf
2021-03-16 09:28:54 DEBUG 		nonprod-project/calculated-metrics-service/SSLDomainin-cftdivorceperf
2021-03-16 09:28:54 DEBUG 		nonprod-project/calculated-metrics-service/ccdcasedefdivorcerequestcountfail
2021-03-16 09:28:54 DEBUG 		nonprod-project/calculated-metrics-service/ccdsavecasedetailscaseworkerrequestcount
2021-03-16 09:28:54 DEBUG 		nonprod-project/calculated-metrics-service/SSLDomainin-cftimmigrationandasylumperf
2021-03-16 09:28:54 DEBUG 		nonprod-project/calculated-metrics-service/calcservicedivcaseallowshareacasesuccesscount
2021-03-16 09:28:54 DEBUG 		nonprod-project/calculated-metrics-service/calcservicecalcserviceccdapigatewayactivitycasesre
2021-03-16 09:28:54 DEBUG 		nonprod-project/calculated-metrics-service/fplhandleabouttosubmiteventrequestcountsuccess
2021-03-16 09:28:54 DEBUG 		nonprod-project/calculated-metrics-service/SSLDomainout-cftaccessmanagementperf
2021-03-16 09:28:54 DEBUG 		nonprod-project/calculated-metrics-service/idamspringboothealthrequestcountsuccess
2021-03-16 09:28:54 DEBUG 		nonprod-project/calculated-metrics-service/SSLDomainout-cftbulkscanstg
2021-03-16 09:28:54 DEBUG 		nonprod-project/calculated-metrics-service/ccdapigatewayvalidatefinremcontestedrequestcountfa
2021-03-16 09:28:54 DEBUG 		nonprod-project/calculated-metrics-service/SSLDomainout-cftidamsbox
2021-03-16 09:28:54 DEBUG 		nonprod-project/calculated-metrics-service/SSLDomainout-cftidamperf
2021-03-16 09:28:54 DEBUG 		nonprod-project/calculated-metrics-service/ccdsearchcasesforcitizensrequestcountfail
2021-03-16 09:28:54 DEBUG 		nonprod-project/calculated-metrics-service/SSLDomainout-cftsscsperf
2021-03-16 09:28:54 DEBUG 		nonprod-project/calculated-metrics-service/SSLDomainin-cftprobateperf
2021-03-16 09:28:54 DEBUG 		nonprod-project/calculated-metrics-service/ccddefstoreapijurisdictionsrequestcountsuccess
2021-03-16 09:28:54 DEBUG 		nonprod-project/calculated-metrics-service/ccdapigatewaycaseactivitybyidrequestcountfail
2021-03-16 09:28:54 DEBUG 		nonprod-project/calculated-metrics-service/SSLDomainin-cftccdstg
2021-03-16 09:28:54 DEBUG 		nonprod-project/calculated-metrics-service/SSLDomainout-crimeidamnft
2021-03-16 09:28:54 DEBUG 		nonprod-project/calculated-metrics-service/SSLDomainout-crimecpnft
2021-03-16 09:28:54 DEBUG 		nonprod-project/calculated-metrics-service/SSLDomainin-cftfeespaymentsperf
2021-03-16 09:28:54 DEBUG 		nonprod-project/calculated-metrics-service/ccdapigatewayoauth2requestcountsuccess
2021-03-16 09:28:54 DEBUG 		nonprod-project/calculated-metrics-service/ccdhealthreadinessrequestcount
2021-03-16 09:28:54 DEBUG 		nonprod-project/calculated-metrics-service/calcservicecalcserviceccdremovecaseuserrolesreques
2021-03-16 09:28:54 DEBUG 		nonprod-project/calculated-metrics-service/amcreateroleassignmentrequestcount
2021-03-16 09:28:54 DEBUG 		nonprod-project/calculated-metrics-service/SSLDomainout-cftbulkprintstg
2021-03-16 09:28:54 DEBUG 		nonprod-project/calculated-metrics-service/div-case-allowshareacase
2021-03-16 09:28:54 DEBUG 		nonprod-project/calculated-metrics-service/dmstorecreatetemplaterenditionrequestcountfail
2021-03-16 09:28:54 DEBUG 		nonprod-project/calculated-metrics-service/amretrieveRoleAssignmentsByActorIdrequestcount
2021-03-16 09:28:54 DEBUG 		nonprod-project/calculated-metrics-service/ccdapigatewaycaseworkerjurisdictionsrequestcountsu
2021-03-16 09:28:54 DEBUG 		nonprod-project/calculated-metrics-service/SSLDomainout-cftfeespaymentsperf
2021-03-16 09:28:54 DEBUG 		nonprod-project/calculated-metrics-service/dmstoregetbinaryrequestcount
2021-03-16 09:28:54 DEBUG 		nonprod-project/calculated-metrics-service/SSLDomainin-cftxuiperf
2021-03-16 09:28:54 DEBUG 		nonprod-project/calculated-metrics-service/SSLDomainout-cftxuistg
2021-03-16 09:28:54 DEBUG 		nonprod-project/calculated-metrics-service/ccdseachcasesrequestcount
2021-03-16 09:28:54 DEBUG 		nonprod-project/calculated-metrics-service/fplhandlesubmittedeventrequestcountsuccess
2021-03-16 09:28:54 DEBUG 		nonprod-project/calculated-metrics-service/ccdhealthrequestcountsuccess
2021-03-16 09:28:54 DEBUG 		nonprod-project/calculated-metrics-service/ccdgetjurisdictionsrequestcountsuccess
2021-03-16 09:28:54 DEBUG 		nonprod-project/calculated-metrics-service/SSLDomainin-cftevidencemanagementperf
2021-03-16 09:28:54 DEBUG 		nonprod-project/calculated-metrics-service/ccdcasedefdivorcerequestcount
2021-03-16 09:28:54 DEBUG 		nonprod-project/calculated-metrics-service/ccdsearchcasesforcitizensrequestcountsuccess
2021-03-16 09:28:54 DEBUG 		nonprod-project/calculated-metrics-service/ccdstarteventforcitizenrequestcountsuccess
2021-03-16 09:28:54 DEBUG 		nonprod-project/calculated-metrics-service/SSLDomainin-crimecpmdv
2021-03-16 09:28:54 DEBUG 		nonprod-project/calculated-metrics-service/SSLDomainout-cftccdperf
2021-03-16 09:28:54 DEBUG 		nonprod-project/calculated-metrics-service/ccdapigatewaycaseworkerjurisdictionsrequestcountfa
2021-03-16 09:28:54 DEBUG 		nonprod-project/calculated-metrics-service/ccdapigatewayoauth2requestcount
2021-03-16 09:28:54 DEBUG 		nonprod-project/calculated-metrics-service/dmstoregetbinaryrequestcountsuccess
2021-03-16 09:28:54 DEBUG 		nonprod-project/calculated-metrics-service/ccdstarteventforcaseworkerrequestcountfail
2021-03-16 09:28:54 DEBUG 		nonprod-project/calculated-metrics-service/ccdcasecontrollercasesbyidrequestcount
2021-03-16 09:28:54 DEBUG 		nonprod-project/calculated-metrics-service/amretrieveroleassignmentsbyactoridrequestcountfail
2021-03-16 09:28:54 DEBUG 		nonprod-project/calculated-metrics-service/SSLDomainout-cftbulkscanperf
2021-03-16 09:28:54 DEBUG 		nonprod-project/calculated-metrics-service/ccdhealthrequestcountfail
2021-03-16 09:28:54 DEBUG 		nonprod-project/calculated-metrics-service/ccdapigatewayinternalsearchcasesrequestcountfail
2021-03-16 09:28:54 DEBUG 		nonprod-project/calculated-metrics-service/rpegetletterstatusrequestcount
2021-03-16 09:28:54 DEBUG 		nonprod-project/calculated-metrics-service/ccdhealthlivenessrequestcount
2021-03-16 09:28:54 DEBUG 		nonprod-project/calculated-metrics-service/ccdseachcasesrequestcountfail
2021-03-16 09:28:54 DEBUG 		nonprod-project/calculated-metrics-service/SSLDomainout-cftelasticsearchperf
2021-03-16 09:28:54 DEBUG 		nonprod-project/calculated-metrics-service/SSLDomainin-cftdivorcestg
2021-03-16 09:28:54 DEBUG 		nonprod-project/calculated-metrics-service/SSLDomainin-cftldata
2021-03-16 09:28:54 DEBUG 		nonprod-project/calculated-metrics-service/SSLDomainout-cftfamilypubliclawstg
2021-03-16 09:28:54 DEBUG 		nonprod-project/calculated-metrics-service/SSLDomainout-cftcivilmoneyclaimsstg
2021-03-16 09:28:54 DEBUG 		nonprod-project/calculated-metrics-service/SSLDomainin-crimeidamnft
2021-03-16 09:28:54 DEBUG 		nonprod-project/calculated-metrics-service/SSLDomainout-crimecpmdv
2021-03-16 09:28:54 DEBUG 		nonprod-project/calculated-metrics-service/SSLDomainin-cftpalononprodldataperf
2021-03-16 09:28:54 DEBUG 		nonprod-project/calculated-metrics-service/SSLDomainout-cftecmstg
2021-03-16 09:28:54 DEBUG 		nonprod-project/calculated-metrics-service/ccdapigatewaycaseactivitybyidrequestcount
2021-03-16 09:28:54 DEBUG 		nonprod-project/calculated-metrics-service/calcserviceccdhealthreadinessrequestcountfail
2021-03-16 09:28:54 DEBUG 		nonprod-project/calculated-metrics-service/ccdgetcaseuserrolesrequestcountsuccess
2021-03-16 09:28:54 DEBUG 		nonprod-project/calculated-metrics-service/ccdsavecasedetailscaseworkerrequestcountfail
2021-03-16 09:28:54 DEBUG 		nonprod-project/calculated-metrics-service/ccdapigatewayactivitycasesrequestcount
2021-03-16 09:28:54 DEBUG 		nonprod-project/calculated-metrics-service/SSLDomainout-cftccdstg
2021-03-16 09:28:54 DEBUG 		nonprod-project/calculated-metrics-service/SSLDomainout-cftevidencemanagementstg
2021-03-16 09:28:54 DEBUG 		nonprod-project/calculated-metrics-service/SSLDomainin-cftaccessmanagementstg
2021-03-16 09:28:54 DEBUG 		nonprod-project/calculated-metrics-service/ccdhealthreadinessrequestcountsuccess
2021-03-16 09:28:54 DEBUG 		nonprod-project/calculated-metrics-service/dmstorecreatetemplaterenditionrequestcountsuccess
2021-03-16 09:28:54 DEBUG 		nonprod-project/calculated-metrics-service/SSLDomainout-cftimmigrationandasylumstg
2021-03-16 09:28:54 DEBUG 		nonprod-project/calculated-metrics-service/SSLDomainin-cftbulkprintperf
2021-03-16 09:28:54 DEBUG 		nonprod-project/calculated-metrics-service/ccdapigatewaybenefitcasesrequestcount
2021-03-16 09:28:54 DEBUG 		nonprod-project/calculated-metrics-service/calcserviceidamhealthrequestcountfail
2021-03-16 09:28:54 DEBUG 		nonprod-project/calculated-metrics-service/ccdapigatewayvalidatefinremcontestedrequestcountsu
2021-03-16 09:28:54 DEBUG 		nonprod-project/calculated-metrics-service/SSLDomainout-dtscvpperf
2021-03-16 09:28:54 DEBUG 		nonprod-project/calculated-metrics-service/SSLDomainout-cftecmperf
2021-03-16 09:28:54 DEBUG 		nonprod-project/calculated-metrics-service/ccdcreatecaseeventforcaseworkerrequestcountsuccess
2021-03-16 09:28:54 DEBUG 		nonprod-project/calculated-metrics-service/SSLDomainout-cftprofessionalreferencedataeperf
2021-03-16 09:28:54 DEBUG 		nonprod-project/calculated-metrics-service/ccdapigatewaybenefitcasesrequestcountfail
2021-03-16 09:28:54 DEBUG Sorting projects...
2021-03-16 09:28:54 INFO  Executing projects in this order: 
2021-03-16 09:28:54 INFO  	1: nonprod-project (294 configs)
2021-03-16 09:28:54 INFO  Processing environment test1...
2021-03-16 09:28:54 WARN  You used an old token format. Please consider switching to the new 1.205+ token format.
2021-03-16 09:28:54 WARN  More information: https://www.dynatrace.com/support/help/dynatrace-api/basics/dynatrace-api-authentication/#-dynatrace-version-1205--token-format
2021-03-16 09:28:54 INFO  	Processing project nonprod-project...
2021-03-16 09:28:54 DEBUG 		Deploying configs in this order: 
2021-03-16 09:28:54 DEBUG 			1: nonprod-project/management-zone/DTS-CVP-Perf.json
2021-03-16 09:28:54 DEBUG 			2: nonprod-project/management-zone/CFT-Divorce-Perf.json
2021-03-16 09:28:54 DEBUG 			3: nonprod-project/management-zone/CFT-Bulkprint-Staging.json
2021-03-16 09:28:54 DEBUG 			4: nonprod-project/management-zone/CFT-Bulkprint-Perf.json
2021-03-16 09:28:54 DEBUG 			5: nonprod-project/management-zone/CFT-FamilyPublicLaw-Staging.json
2021-03-16 09:28:54 DEBUG 			6: nonprod-project/management-zone/CFT-IDAM-Sandbox.json
2021-03-16 09:28:54 DEBUG 			7: nonprod-project/management-zone/CFT-XUI-Staging.json
2021-03-16 09:28:54 DEBUG 			8: nonprod-project/management-zone/CFT-FinancialRemedy-Staging.json
2021-03-16 09:28:54 DEBUG 			9: nonprod-project/management-zone/CFT-Elasticsearch-Perf.json
2021-03-16 09:28:54 DEBUG 			10: nonprod-project/management-zone/CFT.json
2021-03-16 09:28:54 DEBUG 			11: nonprod-project/management-zone/CFT-FinancialRemedy-Perf.json
2021-03-16 09:28:54 DEBUG 			12: nonprod-project/management-zone/SVCOFF.json
2021-03-16 09:28:54 DEBUG 			13: nonprod-project/management-zone/Crime-ROTANFT.json
2021-03-16 09:28:54 DEBUG 			14: nonprod-project/management-zone/CFT-Divorce-Staging.json
2021-03-16 09:28:54 DEBUG 			15: nonprod-project/management-zone/CFT-SSCS-Perf.json
2021-03-16 09:28:54 DEBUG 			16: nonprod-project/management-zone/Crime-CPNFT.json
2021-03-16 09:28:54 DEBUG 			17: nonprod-project/management-zone/CFT-BulkScan-Staging.json
2021-03-16 09:28:54 DEBUG 			18: nonprod-project/management-zone/CFT-Probate-Perf.json
2021-03-16 09:28:54 DEBUG 			19: nonprod-project/management-zone/DTS-CVP-Staging.json
2021-03-16 09:28:54 DEBUG 			20: nonprod-project/management-zone/CFT-LDATA.json
2021-03-16 09:28:54 DEBUG 			21: nonprod-project/management-zone/CFT-PCQ-Staging.json
2021-03-16 09:28:54 DEBUG 			22: nonprod-project/management-zone/CFT-EvidenceManagement-Perf.json
2021-03-16 09:28:54 DEBUG 			23: nonprod-project/management-zone/CFT-ProfessionalReferenceData-Perf.json
2021-03-16 09:28:54 DEBUG 			24: nonprod-project/management-zone/CFT-Elasticsearch-Staging.json
2021-03-16 09:28:54 DEBUG 			25: nonprod-project/management-zone/CFT-CCD-Perf.json
2021-03-16 09:28:54 DEBUG 			26: nonprod-project/management-zone/CFT-CCD-Staging.json
2021-03-16 09:28:54 DEBUG 			27: nonprod-project/management-zone/CFT-AccessManagement-Perf.json
2021-03-16 09:28:54 DEBUG 			28: nonprod-project/management-zone/CFT-ImmigrationandAsylum-Staging.json
2021-03-16 09:28:54 DEBUG 			29: nonprod-project/management-zone/CFT-IDAM-Staging.json
2021-03-16 09:28:54 DEBUG 			30: nonprod-project/management-zone/CFT-IDAM-Perf.json
2021-03-16 09:28:54 DEBUG 			31: nonprod-project/management-zone/CFT-PaloNon-ProdPerfLDATA.json
2021-03-16 09:28:54 DEBUG 			32: nonprod-project/management-zone/CFT-ImmigrationandAsylum-Perf.json
2021-03-16 09:28:54 DEBUG 			33: nonprod-project/management-zone/CFT-ECM-LDATA.json
2021-03-16 09:28:54 DEBUG 			34: nonprod-project/management-zone/CFT-FeesPayments-Staging.json
2021-03-16 09:28:54 DEBUG 			35: nonprod-project/management-zone/Crime.json
2021-03-16 09:28:54 DEBUG 			36: nonprod-project/management-zone/DTS-HMI-Dev.json
2021-03-16 09:28:54 DEBUG 			37: nonprod-project/management-zone/CFT-AccessManagement-Staging.json
2021-03-16 09:28:54 DEBUG 			38: nonprod-project/management-zone/CFT-LegalRepCMCUnspec.json
2021-03-16 09:28:54 DEBUG 			39: nonprod-project/management-zone/CFT-Perf.json
2021-03-16 09:28:54 DEBUG 			40: nonprod-project/management-zone/CrimeCPMDV.json
2021-03-16 09:28:54 DEBUG 			41: nonprod-project/management-zone/CFT-CivilMoneyClaims-Staging.json
2021-03-16 09:28:54 DEBUG 			42: nonprod-project/management-zone/CFT-CivilUnspec-Staging.json
2021-03-16 09:28:54 DEBUG 			43: nonprod-project/management-zone/CFT-EvidenceManagement-Staging.json
2021-03-16 09:28:54 DEBUG 			44: nonprod-project/management-zone/CFT-ProfessionalReferenceData-Staging.json
2021-03-16 09:28:54 DEBUG 			45: nonprod-project/management-zone/CFT-BulkScan-Perf.json
2021-03-16 09:28:54 DEBUG 			46: nonprod-project/management-zone/CFT-FeesPayments-Perf.json
2021-03-16 09:28:54 DEBUG 			47: nonprod-project/management-zone/CFT-XUI-Perf.json
2021-03-16 09:28:54 DEBUG 			48: nonprod-project/management-zone/CFT-Forgerock-Staging.json
2021-03-16 09:28:54 DEBUG 			49: nonprod-project/management-zone/CFT-PCQ-Perf.json
2021-03-16 09:28:54 DEBUG 			50: nonprod-project/management-zone/CFT-Probate-Staging.json
2021-03-16 09:28:54 DEBUG 			51: nonprod-project/management-zone/CFT-Staging.json
2021-03-16 09:28:54 DEBUG 			52: nonprod-project/management-zone/Crime-IdAM-NFT.json
2021-03-16 09:28:54 DEBUG 			53: nonprod-project/management-zone/CFT-FamilyPublicLaw-Perf.json
2021-03-16 09:28:54 DEBUG 			54: nonprod-project/management-zone/CFT-ECM-Perf.json
2021-03-16 09:28:54 DEBUG 			55: nonprod-project/management-zone/CFT-SSCS-Staging.json
2021-03-16 09:28:54 DEBUG 			56: nonprod-project/management-zone/CFT-ECM-Staging.json
2021-03-16 09:28:54 DEBUG 			57: nonprod-project/calculated-metrics-service/ccdseachcasesrequestcountsuccess.json
2021-03-16 09:28:54 DEBUG 			58: nonprod-project/calculated-metrics-service/SSLDomainout-template.json
2021-03-16 09:28:54 DEBUG 			59: nonprod-project/calculated-metrics-service/calcservicecalcserviceidamhealthlivenessrequestcou.json
2021-03-16 09:28:54 DEBUG 			60: nonprod-project/calculated-metrics-service/ccdapigatewayoauth2requestcountfail.json
2021-03-16 09:28:54 DEBUG 			61: nonprod-project/calculated-metrics-service/amdeleteroleassignmentbyidrequestcount.json
2021-03-16 09:28:54 DEBUG 			62: nonprod-project/calculated-metrics-service/SSLDomainout-template.json
2021-03-16 09:28:54 DEBUG 			63: nonprod-project/calculated-metrics-service/SSLDomainin-template.json
2021-03-16 09:28:54 DEBUG 			64: nonprod-project/calculated-metrics-service/amdeleteroleassignmentbyidrequestcountsuccess.json
2021-03-16 09:28:54 DEBUG 			65: nonprod-project/calculated-metrics-service/ccdhealthrequestcount.json
2021-03-16 09:28:54 DEBUG 			66: nonprod-project/calculated-metrics-service/SSLDomainout-template.json
2021-03-16 09:28:54 DEBUG 			67: nonprod-project/calculated-metrics-service/SSLDomainin-template.json
2021-03-16 09:28:54 DEBUG 			68: nonprod-project/calculated-metrics-service/WebAppAvgFailureRateRequests.json
2021-03-16 09:28:54 DEBUG 			69: nonprod-project/calculated-metrics-service/ccdcasecontrollergetcaserequestcountfail.json
2021-03-16 09:28:54 DEBUG 			70: nonprod-project/calculated-metrics-service/ccduserprofilerequestcount.json
2021-03-16 09:28:54 DEBUG 			71: nonprod-project/calculated-metrics-service/SSLDomainout-template.json
2021-03-16 09:28:54 DEBUG 			72: nonprod-project/calculated-metrics-service/SSLDomainout-template.json
2021-03-16 09:28:54 DEBUG 			73: nonprod-project/calculated-metrics-service/SSLDomainin-template.json
2021-03-16 09:28:54 DEBUG 			74: nonprod-project/calculated-metrics-service/SSLDomainout-template.json
2021-03-16 09:28:54 DEBUG 			75: nonprod-project/calculated-metrics-service/calcservicecalcserviceccdaddcaseuserrolesrequestco.json
2021-03-16 09:28:54 DEBUG 			76: nonprod-project/calculated-metrics-service/SSLDomainin-template.json
2021-03-16 09:28:54 DEBUG 			77: nonprod-project/calculated-metrics-service/ccduserprofilerequestcountfail.json
2021-03-16 09:28:54 DEBUG 			78: nonprod-project/calculated-metrics-service/ccdgetcaseviewrequestcountfail.json
2021-03-16 09:28:54 DEBUG 			79: nonprod-project/calculated-metrics-service/amcreateroleassignmentrequestcountsuccess.json
2021-03-16 09:28:54 DEBUG 			80: nonprod-project/calculated-metrics-service/fplhandlesubmittedeventrequestcountfail.json
2021-03-16 09:28:54 DEBUG 			81: nonprod-project/calculated-metrics-service/SSLDomainout-template.json
2021-03-16 09:28:54 DEBUG 			82: nonprod-project/calculated-metrics-service/fplhandleabouttosubmiteventrequestcountfail.json
2021-03-16 09:28:54 DEBUG 			83: nonprod-project/calculated-metrics-service/calcserviceccdremovecaseuserrolesrequestcountfail.json
2021-03-16 09:28:54 DEBUG 			84: nonprod-project/calculated-metrics-service/ccdcasecontrollergetcaserequestcount.json
2021-03-16 09:28:54 DEBUG 			85: nonprod-project/calculated-metrics-service/calcservicecalcserviceccdgetcaseuserrolesrequestco.json
2021-03-16 09:28:54 DEBUG 			86: nonprod-project/calculated-metrics-service/ccdstarteventforcitizenrequestcount.json
2021-03-16 09:28:54 DEBUG 			87: nonprod-project/calculated-metrics-service/amcreateroleassignmentrequestcountfail.json
2021-03-16 09:28:54 DEBUG 			88: nonprod-project/calculated-metrics-service/ccdcasecontrollercreateeventrequestcountsuccess.json
2021-03-16 09:28:54 DEBUG 			89: nonprod-project/calculated-metrics-service/SSLDomainin-template.json
2021-03-16 09:28:54 DEBUG 			90: nonprod-project/calculated-metrics-service/SSLDomainout-template.json
2021-03-16 09:28:54 DEBUG 			91: nonprod-project/calculated-metrics-service/ccdcasecontrollercreatecaserequestcountfail.json
2021-03-16 09:28:54 DEBUG 			92: nonprod-project/calculated-metrics-service/idamspringboothealthrequestcount.json
2021-03-16 09:28:54 DEBUG 			93: nonprod-project/calculated-metrics-service/calcserviceidamhealthlivenessrequestcountfail.json
2021-03-16 09:28:54 DEBUG 			94: nonprod-project/calculated-metrics-service/SSLDomainout-template.json
2021-03-16 09:28:54 DEBUG 			95: nonprod-project/calculated-metrics-service/SSLDomainin-template.json
2021-03-16 09:28:54 DEBUG 			96: nonprod-project/calculated-metrics-service/ccdcasecontrollercreateeventrequestcountfail.json
2021-03-16 09:28:54 DEBUG 			97: nonprod-project/calculated-metrics-service/ccdgetjurisdictionsrequestcountfail.json
2021-03-16 09:28:54 DEBUG 			98: nonprod-project/calculated-metrics-service/SSLDomainin-template.json
2021-03-16 09:28:54 DEBUG 			99: nonprod-project/calculated-metrics-service/calcserviceccdgetcaseuserrolesrequestcountfail.json
2021-03-16 09:28:54 DEBUG 			100: nonprod-project/calculated-metrics-service/SSLDomainin-template.json
2021-03-16 09:28:54 DEBUG 			101: nonprod-project/calculated-metrics-service/ccduicasesearchcasesrequestcountsuccess.json
2021-03-16 09:28:54 DEBUG 			102: nonprod-project/calculated-metrics-service/idamspringboothealthrequestcountfail.json
2021-03-16 09:28:54 DEBUG 			103: nonprod-project/calculated-metrics-service/SSLDomainin-template.json
2021-03-16 09:28:54 DEBUG 			104: nonprod-project/calculated-metrics-service/calcserviceccdapigatewayactivitycasesrequestcountf.json
2021-03-16 09:28:54 DEBUG 			105: nonprod-project/calculated-metrics-service/ccdcasedefdivorcerequestcountsuccess.json
2021-03-16 09:28:54 DEBUG 			106: nonprod-project/calculated-metrics-service/SSLDomainout-template.json
2021-03-16 09:28:54 DEBUG 			107: nonprod-project/calculated-metrics-service/SSLDomainout-template.json
2021-03-16 09:28:54 DEBUG 			108: nonprod-project/calculated-metrics-service/WebAppAvgResponseTimeRequests.json
2021-03-16 09:28:54 DEBUG 			109: nonprod-project/calculated-metrics-service/SSLDomainin-template.json
2021-03-16 09:28:54 DEBUG 			110: nonprod-project/calculated-metrics-service/ccdcasecontrollercasesbyidrequestcountsuccess.json
2021-03-16 09:28:54 DEBUG 			111: nonprod-project/calculated-metrics-service/ccduicasesearchcasesrequestcount.json
2021-03-16 09:28:54 DEBUG 			112: nonprod-project/calculated-metrics-service/ccdhealthlivenessrequestcountfail.json
2021-03-16 09:28:54 DEBUG 			113: nonprod-project/calculated-metrics-service/SSLDomainout-template.json
2021-03-16 09:28:54 DEBUG 			114: nonprod-project/calculated-metrics-service/ccddatastoreinsertintocasedatarequestcountsuccess.json
2021-03-16 09:28:54 DEBUG 			115: nonprod-project/calculated-metrics-service/ccduicasesearchcasesrequestcountfail.json
2021-03-16 09:28:54 DEBUG 			116: nonprod-project/calculated-metrics-service/ccddefstoreapijurisdictionsrequestcountfail.json
2021-03-16 09:28:54 DEBUG 			117: nonprod-project/calculated-metrics-service/dmstorecreateformrequestcountfail.json
2021-03-16 09:28:54 DEBUG 			118: nonprod-project/calculated-metrics-service/SSLDomainout-template.json
2021-03-16 09:28:54 DEBUG 			119: nonprod-project/calculated-metrics-service/SSLDomainin-template.json
2021-03-16 09:28:54 DEBUG 			120: nonprod-project/calculated-metrics-service/SSLDomainin-template.json
2021-03-16 09:28:54 DEBUG 			121: nonprod-project/calculated-metrics-service/SSLDomainin-template.json
2021-03-16 09:28:54 DEBUG 			122: nonprod-project/calculated-metrics-service/SSLDomainin-template.json
2021-03-16 09:28:54 DEBUG 			123: nonprod-project/calculated-metrics-service/ccdcreateCaseEventForCaseWorkerrequestcount.json
2021-03-16 09:28:54 DEBUG 			124: nonprod-project/calculated-metrics-service/ccdapigatewaybenefitcasesrequestcountsuccess.json
2021-03-16 09:28:54 DEBUG 			125: nonprod-project/calculated-metrics-service/ccdstarteventforcitizenrequestcountfail.json
2021-03-16 09:28:54 DEBUG 			126: nonprod-project/calculated-metrics-service/SSLDomainout-template.json
2021-03-16 09:28:54 DEBUG 			127: nonprod-project/calculated-metrics-service/SSLDomainin-template.json
2021-03-16 09:28:54 DEBUG 			128: nonprod-project/calculated-metrics-service/SSLDomainin-template.json
2021-03-16 09:28:54 DEBUG 			129: nonprod-project/calculated-metrics-service/ccdaddcaseuserrolesrequestcount.json
2021-03-16 09:28:54 DEBUG 			130: nonprod-project/calculated-metrics-service/SSLDomainin-template.json
2021-03-16 09:28:54 DEBUG 			131: nonprod-project/calculated-metrics-service/SSLDomainin-template.json
2021-03-16 09:28:54 DEBUG 			132: nonprod-project/calculated-metrics-service/SSLDomainout-cftfeespaymentsstg.json
2021-03-16 09:28:54 DEBUG 			133: nonprod-project/calculated-metrics-service/SSLDomainout-template.json
2021-03-16 09:28:54 DEBUG 			134: nonprod-project/calculated-metrics-service/SSLDomainin-template.json
2021-03-16 09:28:54 DEBUG 			135: nonprod-project/calculated-metrics-service/ccdgetcaseviewrequestcount.json
2021-03-16 09:28:54 DEBUG 			136: nonprod-project/calculated-metrics-service/ccdcreatecaseeventforcaseworkerrequestcountfail.json
2021-03-16 09:28:54 DEBUG 			137: nonprod-project/calculated-metrics-service/SSLDomainin-template.json
2021-03-16 09:28:54 DEBUG 			138: nonprod-project/calculated-metrics-service/SSLDomainin-template.json
2021-03-16 09:28:54 DEBUG 			139: nonprod-project/calculated-metrics-service/SSLDomainout-template.json
2021-03-16 09:28:54 DEBUG 			140: nonprod-project/calculated-metrics-service/dmstorecreatetemplaterenditionrequestcount.json
2021-03-16 09:28:54 DEBUG 			141: nonprod-project/calculated-metrics-service/ccdapigatewayinternalsearchcasesrequestcountsucces.json
2021-03-16 09:28:54 DEBUG 			142: nonprod-project/calculated-metrics-service/SSLDomainout-template.json
2021-03-16 09:28:54 DEBUG 			143: nonprod-project/calculated-metrics-service/ccddatastoreinsertintocasedatarequestcountfail.json
2021-03-16 09:28:54 DEBUG 			144: nonprod-project/calculated-metrics-service/ccdgetjurisdictionsrequestcount.json
2021-03-16 09:28:54 DEBUG 			145: nonprod-project/calculated-metrics-service/ccdapigatewayinternalsearchcasesrequestcount.json
2021-03-16 09:28:54 DEBUG 			146: nonprod-project/calculated-metrics-service/SSLDomainin-template.json
2021-03-16 09:28:54 DEBUG 			147: nonprod-project/calculated-metrics-service/rpegetletterstatusrequestcountfail.json
2021-03-16 09:28:54 DEBUG 			148: nonprod-project/calculated-metrics-service/ccdhealthlivenessrequestcountsuccess.json
2021-03-16 09:28:54 DEBUG 			149: nonprod-project/calculated-metrics-service/SSLDomainin-template.json
2021-03-16 09:28:54 DEBUG 			150: nonprod-project/calculated-metrics-service/SSLDomainout-template.json
2021-03-16 09:28:54 DEBUG 			151: nonprod-project/calculated-metrics-service/amdeleteroleassignmentbyidrequestcountfail.json
2021-03-16 09:28:54 DEBUG 			152: nonprod-project/calculated-metrics-service/SSLDomainout-template.json
2021-03-16 09:28:54 DEBUG 			153: nonprod-project/calculated-metrics-service/SSLDomainin-template.json
2021-03-16 09:28:54 DEBUG 			154: nonprod-project/calculated-metrics-service/idamhealthrequestcount.json
2021-03-16 09:28:54 DEBUG 			155: nonprod-project/calculated-metrics-service/ccdcasecontrollercasesbyidrequestcountfail.json
2021-03-16 09:28:54 DEBUG 			156: nonprod-project/calculated-metrics-service/SSLDomainout-template.json
2021-03-16 09:28:54 DEBUG 			157: nonprod-project/calculated-metrics-service/SSLDomainin-template.json
2021-03-16 09:28:54 DEBUG 			158: nonprod-project/calculated-metrics-service/SSLDomainin-template.json
2021-03-16 09:28:54 DEBUG 			159: nonprod-project/calculated-metrics-service/ccdgetcaseviewrequestcountsuccess.json
2021-03-16 09:28:54 DEBUG 			160: nonprod-project/calculated-metrics-service/SSLDomainout-template.json
2021-03-16 09:28:54 DEBUG 			161: nonprod-project/calculated-metrics-service/ccdcasecontrollergetcaserequestcountsuccess.json
2021-03-16 09:28:54 DEBUG 			162: nonprod-project/calculated-metrics-service/ccdapigatewaycaseworkerjurisdictionsrequestcount.json
2021-03-16 09:28:54 DEBUG 			163: nonprod-project/calculated-metrics-service/ccdgetcaseuserrolesrequestcount.json
2021-03-16 09:28:54 DEBUG 			164: nonprod-project/calculated-metrics-service/idamhealthrequestcountsuccess.json
2021-03-16 09:28:54 DEBUG 			165: nonprod-project/calculated-metrics-service/SSLDomainin-template.json
2021-03-16 09:28:54 DEBUG 			166: nonprod-project/calculated-metrics-service/ccddefstoreapijurisdictionsrequestcount.json
2021-03-16 09:28:54 DEBUG 			167: nonprod-project/calculated-metrics-service/calcserviceccdaddcaseuserrolesrequestcountfail.json
2021-03-16 09:28:54 DEBUG 			168: nonprod-project/calculated-metrics-service/ccdsavecasedetailscaseworkerrequestcountsuccess.json
2021-03-16 09:28:54 DEBUG 			169: nonprod-project/calculated-metrics-service/idam-apiAuthorizationControllerresponsetime.json
2021-03-16 09:28:54 DEBUG 			170: nonprod-project/calculated-metrics-service/SSLDomainin-template.json
2021-03-16 09:28:54 DEBUG 			171: nonprod-project/calculated-metrics-service/rpegetletterstatusrequestcountsuccess.json
2021-03-16 09:28:54 DEBUG 			172: nonprod-project/calculated-metrics-service/ccdremoveCaseUserRolesRequestCount.json
2021-03-16 09:28:54 DEBUG 			173: nonprod-project/calculated-metrics-service/SSLDomainout-template.json
2021-03-16 09:28:54 DEBUG 			174: nonprod-project/calculated-metrics-service/SSLDomainin-template.json
2021-03-16 09:28:54 DEBUG 			175: nonprod-project/calculated-metrics-service/dmstoregetbinaryrequestcountfail.json
2021-03-16 09:28:54 DEBUG 			176: nonprod-project/calculated-metrics-service/dmstorecreateformrequestcountsuccess.json
2021-03-16 09:28:54 DEBUG 			177: nonprod-project/calculated-metrics-service/fplhandlesubmittedeventrequestcount.json
2021-03-16 09:28:54 DEBUG 			178: nonprod-project/calculated-metrics-service/idamhealthlivenessrequestcount.json
2021-03-16 09:28:54 DEBUG 			179: nonprod-project/calculated-metrics-service/fplhandleabouttosubmiteventrequestcount.json
2021-03-16 09:28:54 DEBUG 			180: nonprod-project/calculated-metrics-service/SSLDomainin-template.json
2021-03-16 09:28:54 DEBUG 			181: nonprod-project/calculated-metrics-service/SSLDomainin-template.json
2021-03-16 09:28:54 DEBUG 			182: nonprod-project/calculated-metrics-service/SSLDomainin-template.json
2021-03-16 09:28:54 DEBUG 			183: nonprod-project/calculated-metrics-service/SSLDomainin-template.json
2021-03-16 09:28:54 DEBUG 			184: nonprod-project/calculated-metrics-service/ccdcasecontrollercreatecaserequestcountsuccess.json
2021-03-16 09:28:54 DEBUG 			185: nonprod-project/calculated-metrics-service/ccdapigatewayvalidatefinremcontestedrequestcount.json
2021-03-16 09:28:54 DEBUG 			186: nonprod-project/calculated-metrics-service/SSLDomainout-template.json
2021-03-16 09:28:54 DEBUG 			187: nonprod-project/calculated-metrics-service/SSLDomainout-template.json
2021-03-16 09:28:54 DEBUG 			188: nonprod-project/calculated-metrics-service/SSLDomainin-template.json
2021-03-16 09:28:54 DEBUG 			189: nonprod-project/calculated-metrics-service/ccdstarteventforcaseworkerrequestcount.json
2021-03-16 09:28:54 DEBUG 			190: nonprod-project/calculated-metrics-service/SSLDomainin-template.json
2021-03-16 09:28:54 DEBUG 			191: nonprod-project/calculated-metrics-service/dmstorecreateformrequestcount.json
2021-03-16 09:28:54 DEBUG 			192: nonprod-project/calculated-metrics-service/ccddatastoreinsertintocasedatarequestcount.json
2021-03-16 09:28:54 DEBUG 			193: nonprod-project/calculated-metrics-service/calcservicecalcservicecalcserviceccdremovecaseuser.json
2021-03-16 09:28:54 DEBUG 			194: nonprod-project/calculated-metrics-service/SSLDomainout-template.json
2021-03-16 09:28:54 DEBUG 			195: nonprod-project/calculated-metrics-service/SSLDomainout-template.json
2021-03-16 09:28:54 DEBUG 			196: nonprod-project/calculated-metrics-service/SSLDomainin-template.json
2021-03-16 09:28:54 DEBUG 			197: nonprod-project/calculated-metrics-service/ccdcasecontrollercreateeventrequestcount.json
2021-03-16 09:28:54 DEBUG 			198: nonprod-project/calculated-metrics-service/ccdapigatewaycaseactivitybyidrequestcountsuccess.json
2021-03-16 09:28:54 DEBUG 			199: nonprod-project/calculated-metrics-service/ccdsearchcasesforcitizensrequestcount.json
2021-03-16 09:28:54 DEBUG 			200: nonprod-project/calculated-metrics-service/SSLDomainout-template.json
2021-03-16 09:28:54 DEBUG 			201: nonprod-project/calculated-metrics-service/SSLDomainin-template.json
2021-03-16 09:28:54 DEBUG 			202: nonprod-project/calculated-metrics-service/amretrieveroleassignmentsbyactoridrequestcountsucc.json
2021-03-16 09:28:54 DEBUG 			203: nonprod-project/calculated-metrics-service/ccduserprofilerequestcountsuccess.json
2021-03-16 09:28:54 DEBUG 			204: nonprod-project/calculated-metrics-service/calcservicecalcservicedivcaseallowshareacasesfaile.json
2021-03-16 09:28:54 DEBUG 			205: nonprod-project/calculated-metrics-service/ccdstarteventforcaseworkerrequestcountsuccess.json
2021-03-16 09:28:54 DEBUG 			206: nonprod-project/calculated-metrics-service/SSLDomainout-template.json
2021-03-16 09:28:54 DEBUG 			207: nonprod-project/calculated-metrics-service/ccdcasecontrollercreatecaserequestcount.json
2021-03-16 09:28:54 DEBUG 			208: nonprod-project/calculated-metrics-service/SSLDomainin-template.json
2021-03-16 09:28:54 DEBUG 			209: nonprod-project/calculated-metrics-service/SSLDomainin-template.json
2021-03-16 09:28:54 DEBUG 			210: nonprod-project/calculated-metrics-service/ccdcasedefdivorcerequestcountfail.json
2021-03-16 09:28:54 DEBUG 			211: nonprod-project/calculated-metrics-service/ccdsavecasedetailscaseworkerrequestcount.json
2021-03-16 09:28:54 DEBUG 			212: nonprod-project/calculated-metrics-service/SSLDomainin-template.json
2021-03-16 09:28:54 DEBUG 			213: nonprod-project/calculated-metrics-service/calcservicedivcaseallowshareacasesuccesscount.json
2021-03-16 09:28:54 DEBUG 			214: nonprod-project/calculated-metrics-service/calcservicecalcserviceccdapigatewayactivitycasesre.json
2021-03-16 09:28:54 DEBUG 			215: nonprod-project/calculated-metrics-service/fplhandleabouttosubmiteventrequestcountsuccess.json
2021-03-16 09:28:54 DEBUG 			216: nonprod-project/calculated-metrics-service/SSLDomainout-template.json
2021-03-16 09:28:54 DEBUG 			217: nonprod-project/calculated-metrics-service/idamspringboothealthrequestcountsuccess.json
2021-03-16 09:28:54 DEBUG 			218: nonprod-project/calculated-metrics-service/SSLDomainout-template.json
2021-03-16 09:28:54 DEBUG 			219: nonprod-project/calculated-metrics-service/ccdapigatewayvalidatefinremcontestedrequestcountfa.json
2021-03-16 09:28:54 DEBUG 			220: nonprod-project/calculated-metrics-service/SSLDomainout-template.json
2021-03-16 09:28:54 DEBUG 			221: nonprod-project/calculated-metrics-service/SSLDomainout-template.json
2021-03-16 09:28:54 DEBUG 			222: nonprod-project/calculated-metrics-service/ccdsearchcasesforcitizensrequestcountfail.json
2021-03-16 09:28:54 DEBUG 			223: nonprod-project/calculated-metrics-service/SSLDomainout-template.json
2021-03-16 09:28:54 DEBUG 			224: nonprod-project/calculated-metrics-service/SSLDomainin-template.json
2021-03-16 09:28:54 DEBUG 			225: nonprod-project/calculated-metrics-service/ccddefstoreapijurisdictionsrequestcountsuccess.json
2021-03-16 09:28:54 DEBUG 			226: nonprod-project/calculated-metrics-service/ccdapigatewaycaseactivitybyidrequestcountfail.json
2021-03-16 09:28:54 DEBUG 			227: nonprod-project/calculated-metrics-service/SSLDomainin-template.json
2021-03-16 09:28:54 DEBUG 			228: nonprod-project/calculated-metrics-service/SSLDomainout-template.json
2021-03-16 09:28:54 DEBUG 			229: nonprod-project/calculated-metrics-service/SSLDomainout-template.json
2021-03-16 09:28:54 DEBUG 			230: nonprod-project/calculated-metrics-service/SSLDomainin-template.json
2021-03-16 09:28:54 DEBUG 			231: nonprod-project/calculated-metrics-service/ccdapigatewayoauth2requestcountsuccess.json
2021-03-16 09:28:54 DEBUG 			232: nonprod-project/calculated-metrics-service/ccdhealthreadinessrequestcount.json
2021-03-16 09:28:54 DEBUG 			233: nonprod-project/calculated-metrics-service/calcservicecalcserviceccdremovecaseuserrolesreques.json
2021-03-16 09:28:54 DEBUG 			234: nonprod-project/calculated-metrics-service/amcreateroleassignmentrequestcount.json
2021-03-16 09:28:54 DEBUG 			235: nonprod-project/calculated-metrics-service/SSLDomainout-template.json
2021-03-16 09:28:54 DEBUG 			236: nonprod-project/calculated-metrics-service/div-case-allowshareacase.json
2021-03-16 09:28:54 DEBUG 			237: nonprod-project/calculated-metrics-service/dmstorecreatetemplaterenditionrequestcountfail.json
2021-03-16 09:28:54 DEBUG 			238: nonprod-project/calculated-metrics-service/amretrieveRoleAssignmentsByActorIdrequestcount.json
2021-03-16 09:28:54 DEBUG 			239: nonprod-project/calculated-metrics-service/ccdapigatewaycaseworkerjurisdictionsrequestcountsu.json
2021-03-16 09:28:54 DEBUG 			240: nonprod-project/calculated-metrics-service/SSLDomainout-template.json
2021-03-16 09:28:54 DEBUG 			241: nonprod-project/calculated-metrics-service/dmstoregetbinaryrequestcount.json
2021-03-16 09:28:54 DEBUG 			242: nonprod-project/calculated-metrics-service/SSLDomainin-template.json
2021-03-16 09:28:54 DEBUG 			243: nonprod-project/calculated-metrics-service/SSLDomainout-template.json
2021-03-16 09:28:54 DEBUG 			244: nonprod-project/calculated-metrics-service/ccdseachcasesrequestcount.json
2021-03-16 09:28:54 DEBUG 			245: nonprod-project/calculated-metrics-service/fplhandlesubmittedeventrequestcountsuccess.json
2021-03-16 09:28:54 DEBUG 			246: nonprod-project/calculated-metrics-service/ccdhealthrequestcountsuccess.json
2021-03-16 09:28:54 DEBUG 			247: nonprod-project/calculated-metrics-service/ccdgetjurisdictionsrequestcountsuccess.json
2021-03-16 09:28:54 DEBUG 			248: nonprod-project/calculated-metrics-service/SSLDomainin-template.json
2021-03-16 09:28:54 DEBUG 			249: nonprod-project/calculated-metrics-service/ccdcasedefdivorcerequestcount.json
2021-03-16 09:28:54 DEBUG 			250: nonprod-project/calculated-metrics-service/ccdsearchcasesforcitizensrequestcountsuccess.json
2021-03-16 09:28:54 DEBUG 			251: nonprod-project/calculated-metrics-service/ccdstarteventforcitizenrequestcountsuccess.json
2021-03-16 09:28:54 DEBUG 			252: nonprod-project/calculated-metrics-service/SSLDomainin-template.json
2021-03-16 09:28:54 DEBUG 			253: nonprod-project/calculated-metrics-service/SSLDomainout-template.json
2021-03-16 09:28:54 DEBUG 			254: nonprod-project/calculated-metrics-service/ccdapigatewaycaseworkerjurisdictionsrequestcountfa.json
2021-03-16 09:28:54 DEBUG 			255: nonprod-project/calculated-metrics-service/ccdapigatewayoauth2requestcount.json
2021-03-16 09:28:54 DEBUG 			256: nonprod-project/calculated-metrics-service/dmstoregetbinaryrequestcountsuccess.json
2021-03-16 09:28:54 DEBUG 			257: nonprod-project/calculated-metrics-service/ccdstarteventforcaseworkerrequestcountfail.json
2021-03-16 09:28:54 DEBUG 			258: nonprod-project/calculated-metrics-service/ccdcasecontrollercasesbyidrequestcount.json
2021-03-16 09:28:54 DEBUG 			259: nonprod-project/calculated-metrics-service/amretrieveroleassignmentsbyactoridrequestcountfail.json
2021-03-16 09:28:54 DEBUG 			260: nonprod-project/calculated-metrics-service/SSLDomainout-template.json
2021-03-16 09:28:54 DEBUG 			261: nonprod-project/calculated-metrics-service/ccdhealthrequestcountfail.json
2021-03-16 09:28:54 DEBUG 			262: nonprod-project/calculated-metrics-service/ccdapigatewayinternalsearchcasesrequestcountfail.json
2021-03-16 09:28:54 DEBUG 			263: nonprod-project/calculated-metrics-service/rpegetletterstatusrequestcount.json
2021-03-16 09:28:54 DEBUG 			264: nonprod-project/calculated-metrics-service/ccdhealthlivenessrequestcount.json
2021-03-16 09:28:54 DEBUG 			265: nonprod-project/calculated-metrics-service/ccdseachcasesrequestcountfail.json
2021-03-16 09:28:54 DEBUG 			266: nonprod-project/calculated-metrics-service/SSLDomainout-template.json
2021-03-16 09:28:54 DEBUG 			267: nonprod-project/calculated-metrics-service/SSLDomainin-template.json
2021-03-16 09:28:54 DEBUG 			268: nonprod-project/calculated-metrics-service/SSLDomainin-template.json
2021-03-16 09:28:54 DEBUG 			269: nonprod-project/calculated-metrics-service/SSLDomainout-template.json
2021-03-16 09:28:54 DEBUG 			270: nonprod-project/calculated-metrics-service/SSLDomainout-template.json
2021-03-16 09:28:54 DEBUG 			271: nonprod-project/calculated-metrics-service/SSLDomainin-template.json
2021-03-16 09:28:54 DEBUG 			272: nonprod-project/calculated-metrics-service/SSLDomainout-template.json
2021-03-16 09:28:54 DEBUG 			273: nonprod-project/calculated-metrics-service/SSLDomainin-template.json
2021-03-16 09:28:54 DEBUG 			274: nonprod-project/calculated-metrics-service/SSLDomainout-template.json
2021-03-16 09:28:54 DEBUG 			275: nonprod-project/calculated-metrics-service/ccdapigatewaycaseactivitybyidrequestcount.json
2021-03-16 09:28:54 DEBUG 			276: nonprod-project/calculated-metrics-service/calcserviceccdhealthreadinessrequestcountfail.json
2021-03-16 09:28:54 DEBUG 			277: nonprod-project/calculated-metrics-service/ccdgetcaseuserrolesrequestcountsuccess.json
2021-03-16 09:28:54 DEBUG 			278: nonprod-project/calculated-metrics-service/ccdsavecasedetailscaseworkerrequestcountfail.json
2021-03-16 09:28:54 DEBUG 			279: nonprod-project/calculated-metrics-service/ccdapigatewayactivitycasesrequestcount.json
2021-03-16 09:28:54 DEBUG 			280: nonprod-project/calculated-metrics-service/SSLDomainout-template.json
2021-03-16 09:28:54 DEBUG 			281: nonprod-project/calculated-metrics-service/SSLDomainout-template.json
2021-03-16 09:28:54 DEBUG 			282: nonprod-project/calculated-metrics-service/SSLDomainin-template.json
2021-03-16 09:28:54 DEBUG 			283: nonprod-project/calculated-metrics-service/ccdhealthreadinessrequestcountsuccess.json
2021-03-16 09:28:54 DEBUG 			284: nonprod-project/calculated-metrics-service/dmstorecreatetemplaterenditionrequestcountsuccess.json
2021-03-16 09:28:54 DEBUG 			285: nonprod-project/calculated-metrics-service/SSLDomainout-template.json
2021-03-16 09:28:54 DEBUG 			286: nonprod-project/calculated-metrics-service/SSLDomainin-template.json
2021-03-16 09:28:54 DEBUG 			287: nonprod-project/calculated-metrics-service/ccdapigatewaybenefitcasesrequestcount.json
2021-03-16 09:28:54 DEBUG 			288: nonprod-project/calculated-metrics-service/calcserviceidamhealthrequestcountfail.json
2021-03-16 09:28:54 DEBUG 			289: nonprod-project/calculated-metrics-service/ccdapigatewayvalidatefinremcontestedrequestcountsu.json
2021-03-16 09:28:54 DEBUG 			290: nonprod-project/calculated-metrics-service/SSLDomainout-template.json
2021-03-16 09:28:54 DEBUG 			291: nonprod-project/calculated-metrics-service/SSLDomainout-template.json
2021-03-16 09:28:54 DEBUG 			292: nonprod-project/calculated-metrics-service/ccdcreatecaseeventforcaseworkerrequestcountsuccess.json
2021-03-16 09:28:54 DEBUG 			293: nonprod-project/calculated-metrics-service/SSLDomainout-template.json
2021-03-16 09:28:54 DEBUG 			294: nonprod-project/calculated-metrics-service/ccdapigatewaybenefitcasesrequestcountfail.json
2021-03-16 09:28:54 DEBUG 		Applying config `DTS - CVP - Perf` using nonprod-project/management-zone/DTS-CVP-Perf.json
2021-03-16 09:28:55 DEBUG 			Updated existing object for DTS - CVP - Perf (-3709244021897047762)
2021-03-16 09:28:55 DEBUG 		Applying config `CFT - Divorce - Perf` using nonprod-project/management-zone/CFT-Divorce-Perf.json
2021-03-16 09:28:55 DEBUG 			Updated existing object for CFT - Divorce - Perf (-7146088579887695217)
2021-03-16 09:28:55 DEBUG 		Applying config `CFT - Bulkprint - Staging` using nonprod-project/management-zone/CFT-Bulkprint-Staging.json
2021-03-16 09:28:55 DEBUG 			Updated existing object for CFT - Bulkprint - Staging (5218331687741082108)
2021-03-16 09:28:55 DEBUG 		Applying config `CFT - Bulkprint - Perf` using nonprod-project/management-zone/CFT-Bulkprint-Perf.json
2021-03-16 09:28:55 DEBUG 			Updated existing object for CFT - Bulkprint - Perf (4295032514107427917)
2021-03-16 09:28:55 DEBUG 		Applying config `CFT - Family Public Law - Staging` using nonprod-project/management-zone/CFT-FamilyPublicLaw-Staging.json
2021-03-16 09:28:55 DEBUG 			Updated existing object for CFT - Family Public Law - Staging (2542811509946751560)
2021-03-16 09:28:55 DEBUG 		Applying config `CFT - IDAM - Sandbox` using nonprod-project/management-zone/CFT-IDAM-Sandbox.json
2021-03-16 09:28:55 DEBUG 			Updated existing object for CFT - IDAM - Sandbox (-4536162996148223635)
2021-03-16 09:28:55 DEBUG 		Applying config `CFT - XUI - Staging` using nonprod-project/management-zone/CFT-XUI-Staging.json
2021-03-16 09:28:55 DEBUG 			Updated existing object for CFT - XUI - Staging (8128977994886194449)
2021-03-16 09:28:55 DEBUG 		Applying config `CFT - Financial Remedy - Staging` using nonprod-project/management-zone/CFT-FinancialRemedy-Staging.json
2021-03-16 09:28:56 DEBUG 			Updated existing object for CFT - Financial Remedy - Staging (8963009351614017628)
2021-03-16 09:28:56 DEBUG 		Applying config `CFT - Elasticsearch - Perf` using nonprod-project/management-zone/CFT-Elasticsearch-Perf.json
2021-03-16 09:28:56 DEBUG 			Updated existing object for CFT - Elasticsearch - Perf (20174636658135932)
2021-03-16 09:28:56 DEBUG 		Applying config `CFT` using nonprod-project/management-zone/CFT.json
2021-03-16 09:28:56 DEBUG 			Updated existing object for CFT (-1016681994524158509)
2021-03-16 09:28:56 DEBUG 		Applying config `CFT - Financial Remedy - Perf` using nonprod-project/management-zone/CFT-FinancialRemedy-Perf.json
2021-03-16 09:28:56 DEBUG 			Updated existing object for CFT - Financial Remedy - Perf (-6972942449619918532)
2021-03-16 09:28:56 DEBUG 		Applying config `SVCOFF` using nonprod-project/management-zone/SVCOFF.json
2021-03-16 09:28:56 INFO  Deployment summary:
